<?xml version="1.0" encoding="UTF-8"?>
<testsuite xmlns:xsi="http://www.w3.org/2001/XMLSchema-instance" xsi:noNamespaceSchemaLocation="https://maven.apache.org/surefire/maven-surefire-plugin/xsd/surefire-test-report.xsd" name="TestSuite" time="7.753" tests="21" errors="0" skipped="0" failures="7">
  <properties>
    <property name="gopherProxySet" value="false"/>
    <property name="awt.toolkit" value="sun.lwawt.macosx.LWCToolkit"/>
    <property name="file.encoding.pkg" value="sun.io"/>
    <property name="java.specification.version" value="1.8"/>
    <property name="sun.cpu.isalist" value=""/>
    <property name="sun.jnu.encoding" value="UTF-8"/>
    <property name="java.class.path" value="/Users/Connie/2019Semester2/ICT302_RegNQuiz/target/test-classes:/Users/Connie/2019Semester2/ICT302_RegNQuiz/target/classes:/Users/Connie/.m2/repository/org/springframework/boot/spring-boot-starter-data-jpa/2.1.7.RELEASE/spring-boot-starter-data-jpa-2.1.7.RELEASE.jar:/Users/Connie/.m2/repository/org/springframework/boot/spring-boot-starter-aop/2.1.7.RELEASE/spring-boot-starter-aop-2.1.7.RELEASE.jar:/Users/Connie/.m2/repository/org/aspectj/aspectjweaver/1.9.4/aspectjweaver-1.9.4.jar:/Users/Connie/.m2/repository/org/springframework/boot/spring-boot-starter-jdbc/2.1.7.RELEASE/spring-boot-starter-jdbc-2.1.7.RELEASE.jar:/Users/Connie/.m2/repository/com/zaxxer/HikariCP/3.2.0/HikariCP-3.2.0.jar:/Users/Connie/.m2/repository/org/springframework/spring-jdbc/5.1.9.RELEASE/spring-jdbc-5.1.9.RELEASE.jar:/Users/Connie/.m2/repository/javax/transaction/javax.transaction-api/1.3/javax.transaction-api-1.3.jar:/Users/Connie/.m2/repository/javax/xml/bind/jaxb-api/2.3.1/jaxb-api-2.3.1.jar:/Users/Connie/.m2/repository/javax/activation/javax.activation-api/1.2.0/javax.activation-api-1.2.0.jar:/Users/Connie/.m2/repository/org/hibernate/hibernate-core/5.3.10.Final/hibernate-core-5.3.10.Final.jar:/Users/Connie/.m2/repository/org/jboss/logging/jboss-logging/3.3.2.Final/jboss-logging-3.3.2.Final.jar:/Users/Connie/.m2/repository/javax/persistence/javax.persistence-api/2.2/javax.persistence-api-2.2.jar:/Users/Connie/.m2/repository/org/javassist/javassist/3.23.2-GA/javassist-3.23.2-GA.jar:/Users/Connie/.m2/repository/antlr/antlr/2.7.7/antlr-2.7.7.jar:/Users/Connie/.m2/repository/org/jboss/jandex/2.0.5.Final/jandex-2.0.5.Final.jar:/Users/Connie/.m2/repository/com/fasterxml/classmate/1.4.0/classmate-1.4.0.jar:/Users/Connie/.m2/repository/org/dom4j/dom4j/2.1.1/dom4j-2.1.1.jar:/Users/Connie/.m2/repository/org/hibernate/common/hibernate-commons-annotations/5.0.4.Final/hibernate-commons-annotations-5.0.4.Final.jar:/Users/Connie/.m2/repository/org/springframework/spring-aspects/5.1.9.RELEASE/spring-aspects-5.1.9.RELEASE.jar:/Users/Connie/.m2/repository/org/springframework/data/spring-data-jpa/2.1.10.RELEASE/spring-data-jpa-2.1.10.RELEASE.jar:/Users/Connie/.m2/repository/org/springframework/data/spring-data-commons/2.1.10.RELEASE/spring-data-commons-2.1.10.RELEASE.jar:/Users/Connie/.m2/repository/org/springframework/spring-orm/5.1.9.RELEASE/spring-orm-5.1.9.RELEASE.jar:/Users/Connie/.m2/repository/org/springframework/spring-context/5.1.9.RELEASE/spring-context-5.1.9.RELEASE.jar:/Users/Connie/.m2/repository/org/springframework/spring-expression/5.1.9.RELEASE/spring-expression-5.1.9.RELEASE.jar:/Users/Connie/.m2/repository/org/springframework/spring-aop/5.1.9.RELEASE/spring-aop-5.1.9.RELEASE.jar:/Users/Connie/.m2/repository/org/springframework/spring-tx/5.1.9.RELEASE/spring-tx-5.1.9.RELEASE.jar:/Users/Connie/.m2/repository/org/springframework/spring-beans/5.1.9.RELEASE/spring-beans-5.1.9.RELEASE.jar:/Users/Connie/.m2/repository/org/springframework/spring-core/5.1.9.RELEASE/spring-core-5.1.9.RELEASE.jar:/Users/Connie/.m2/repository/org/aspectj/aspectjrt/1.9.4/aspectjrt-1.9.4.jar:/Users/Connie/.m2/repository/org/slf4j/slf4j-api/1.7.26/slf4j-api-1.7.26.jar:/Users/Connie/.m2/repository/org/springframework/boot/spring-boot-starter-web/2.1.7.RELEASE/spring-boot-starter-web-2.1.7.RELEASE.jar:/Users/Connie/.m2/repository/org/springframework/boot/spring-boot-starter/2.1.7.RELEASE/spring-boot-starter-2.1.7.RELEASE.jar:/Users/Connie/.m2/repository/org/springframework/boot/spring-boot-starter-logging/2.1.7.RELEASE/spring-boot-starter-logging-2.1.7.RELEASE.jar:/Users/Connie/.m2/repository/ch/qos/logback/logback-classic/1.2.3/logback-classic-1.2.3.jar:/Users/Connie/.m2/repository/ch/qos/logback/logback-core/1.2.3/logback-core-1.2.3.jar:/Users/Connie/.m2/repository/org/apache/logging/log4j/log4j-to-slf4j/2.11.2/log4j-to-slf4j-2.11.2.jar:/Users/Connie/.m2/repository/org/apache/logging/log4j/log4j-api/2.11.2/log4j-api-2.11.2.jar:/Users/Connie/.m2/repository/org/slf4j/jul-to-slf4j/1.7.26/jul-to-slf4j-1.7.26.jar:/Users/Connie/.m2/repository/javax/annotation/javax.annotation-api/1.3.2/javax.annotation-api-1.3.2.jar:/Users/Connie/.m2/repository/org/yaml/snakeyaml/1.23/snakeyaml-1.23.jar:/Users/Connie/.m2/repository/org/springframework/boot/spring-boot-starter-json/2.1.7.RELEASE/spring-boot-starter-json-2.1.7.RELEASE.jar:/Users/Connie/.m2/repository/com/fasterxml/jackson/datatype/jackson-datatype-jdk8/2.9.9/jackson-datatype-jdk8-2.9.9.jar:/Users/Connie/.m2/repository/com/fasterxml/jackson/datatype/jackson-datatype-jsr310/2.9.9/jackson-datatype-jsr310-2.9.9.jar:/Users/Connie/.m2/repository/com/fasterxml/jackson/module/jackson-module-parameter-names/2.9.9/jackson-module-parameter-names-2.9.9.jar:/Users/Connie/.m2/repository/org/springframework/boot/spring-boot-starter-tomcat/2.1.7.RELEASE/spring-boot-starter-tomcat-2.1.7.RELEASE.jar:/Users/Connie/.m2/repository/org/apache/tomcat/embed/tomcat-embed-core/9.0.22/tomcat-embed-core-9.0.22.jar:/Users/Connie/.m2/repository/org/apache/tomcat/embed/tomcat-embed-el/9.0.22/tomcat-embed-el-9.0.22.jar:/Users/Connie/.m2/repository/org/apache/tomcat/embed/tomcat-embed-websocket/9.0.22/tomcat-embed-websocket-9.0.22.jar:/Users/Connie/.m2/repository/org/hibernate/validator/hibernate-validator/6.0.17.Final/hibernate-validator-6.0.17.Final.jar:/Users/Connie/.m2/repository/javax/validation/validation-api/2.0.1.Final/validation-api-2.0.1.Final.jar:/Users/Connie/.m2/repository/org/springframework/spring-web/5.1.9.RELEASE/spring-web-5.1.9.RELEASE.jar:/Users/Connie/.m2/repository/org/springframework/spring-webmvc/5.1.9.RELEASE/spring-webmvc-5.1.9.RELEASE.jar:/Users/Connie/.m2/repository/org/springframework/boot/spring-boot-starter-thymeleaf/2.1.7.RELEASE/spring-boot-starter-thymeleaf-2.1.7.RELEASE.jar:/Users/Connie/.m2/repository/org/thymeleaf/thymeleaf-spring5/3.0.11.RELEASE/thymeleaf-spring5-3.0.11.RELEASE.jar:/Users/Connie/.m2/repository/org/thymeleaf/thymeleaf/3.0.11.RELEASE/thymeleaf-3.0.11.RELEASE.jar:/Users/Connie/.m2/repository/org/attoparser/attoparser/2.0.5.RELEASE/attoparser-2.0.5.RELEASE.jar:/Users/Connie/.m2/repository/org/unbescape/unbescape/1.1.6.RELEASE/unbescape-1.1.6.RELEASE.jar:/Users/Connie/.m2/repository/org/thymeleaf/extras/thymeleaf-extras-java8time/3.0.4.RELEASE/thymeleaf-extras-java8time-3.0.4.RELEASE.jar:/Users/Connie/.m2/repository/org/springframework/boot/spring-boot-starter-data-rest/2.1.7.RELEASE/spring-boot-starter-data-rest-2.1.7.RELEASE.jar:/Users/Connie/.m2/repository/org/springframework/session/spring-session-core/2.1.8.RELEASE/spring-session-core-2.1.8.RELEASE.jar:/Users/Connie/.m2/repository/org/springframework/spring-jcl/5.1.9.RELEASE/spring-jcl-5.1.9.RELEASE.jar:/Users/Connie/.m2/repository/org/springframework/data/spring-data-rest-webmvc/3.1.10.RELEASE/spring-data-rest-webmvc-3.1.10.RELEASE.jar:/Users/Connie/.m2/repository/org/springframework/data/spring-data-rest-core/3.1.10.RELEASE/spring-data-rest-core-3.1.10.RELEASE.jar:/Users/Connie/.m2/repository/org/springframework/hateoas/spring-hateoas/0.25.2.RELEASE/spring-hateoas-0.25.2.RELEASE.jar:/Users/Connie/.m2/repository/org/springframework/plugin/spring-plugin-core/1.2.0.RELEASE/spring-plugin-core-1.2.0.RELEASE.jar:/Users/Connie/.m2/repository/org/atteo/evo-inflector/1.2.2/evo-inflector-1.2.2.jar:/Users/Connie/.m2/repository/com/fasterxml/jackson/core/jackson-databind/2.9.9/jackson-databind-2.9.9.jar:/Users/Connie/.m2/repository/com/fasterxml/jackson/core/jackson-core/2.9.9/jackson-core-2.9.9.jar:/Users/Connie/.m2/repository/com/fasterxml/jackson/core/jackson-annotations/2.9.0/jackson-annotations-2.9.0.jar:/Users/Connie/.m2/repository/org/springframework/boot/spring-boot-devtools/2.1.7.RELEASE/spring-boot-devtools-2.1.7.RELEASE.jar:/Users/Connie/.m2/repository/org/springframework/boot/spring-boot/2.1.7.RELEASE/spring-boot-2.1.7.RELEASE.jar:/Users/Connie/.m2/repository/org/springframework/boot/spring-boot-autoconfigure/2.1.7.RELEASE/spring-boot-autoconfigure-2.1.7.RELEASE.jar:/Users/Connie/.m2/repository/com/opencsv/opencsv/4.1/opencsv-4.1.jar:/Users/Connie/.m2/repository/org/apache/commons/commons-lang3/3.8.1/commons-lang3-3.8.1.jar:/Users/Connie/.m2/repository/org/apache/commons/commons-text/1.1/commons-text-1.1.jar:/Users/Connie/.m2/repository/commons-beanutils/commons-beanutils/1.9.3/commons-beanutils-1.9.3.jar:/Users/Connie/.m2/repository/commons-logging/commons-logging/1.2/commons-logging-1.2.jar:/Users/Connie/.m2/repository/commons-collections/commons-collections/3.2.2/commons-collections-3.2.2.jar:/Users/Connie/.m2/repository/mysql/mysql-connector-java/8.0.17/mysql-connector-java-8.0.17.jar:/Users/Connie/.m2/repository/org/springframework/boot/spring-boot-starter-test/2.1.7.RELEASE/spring-boot-starter-test-2.1.7.RELEASE.jar:/Users/Connie/.m2/repository/org/springframework/boot/spring-boot-test/2.1.7.RELEASE/spring-boot-test-2.1.7.RELEASE.jar:/Users/Connie/.m2/repository/com/jayway/jsonpath/json-path/2.4.0/json-path-2.4.0.jar:/Users/Connie/.m2/repository/net/minidev/json-smart/2.3/json-smart-2.3.jar:/Users/Connie/.m2/repository/net/minidev/accessors-smart/1.2/accessors-smart-1.2.jar:/Users/Connie/.m2/repository/org/ow2/asm/asm/5.0.4/asm-5.0.4.jar:/Users/Connie/.m2/repository/org/assertj/assertj-core/3.11.1/assertj-core-3.11.1.jar:/Users/Connie/.m2/repository/org/hamcrest/hamcrest-core/1.3/hamcrest-core-1.3.jar:/Users/Connie/.m2/repository/org/skyscreamer/jsonassert/1.5.0/jsonassert-1.5.0.jar:/Users/Connie/.m2/repository/com/vaadin/external/google/android-json/0.0.20131108.vaadin1/android-json-0.0.20131108.vaadin1.jar:/Users/Connie/.m2/repository/org/xmlunit/xmlunit-core/2.6.3/xmlunit-core-2.6.3.jar:/Users/Connie/.m2/repository/org/springframework/restdocs/spring-restdocs-mockmvc/2.0.3.RELEASE/spring-restdocs-mockmvc-2.0.3.RELEASE.jar:/Users/Connie/.m2/repository/javax/servlet/javax.servlet-api/4.0.1/javax.servlet-api-4.0.1.jar:/Users/Connie/.m2/repository/org/springframework/restdocs/spring-restdocs-core/2.0.3.RELEASE/spring-restdocs-core-2.0.3.RELEASE.jar:/Users/Connie/.m2/repository/org/springframework/boot/spring-boot-test-autoconfigure/2.1.7.RELEASE/spring-boot-test-autoconfigure-2.1.7.RELEASE.jar:/Users/Connie/.m2/repository/org/springframework/spring-test/5.1.9.RELEASE/spring-test-5.1.9.RELEASE.jar:/Users/Connie/.m2/repository/org/mockito/mockito-core/2.23.4/mockito-core-2.23.4.jar:/Users/Connie/.m2/repository/net/bytebuddy/byte-buddy/1.9.16/byte-buddy-1.9.16.jar:/Users/Connie/.m2/repository/net/bytebuddy/byte-buddy-agent/1.9.16/byte-buddy-agent-1.9.16.jar:/Users/Connie/.m2/repository/org/objenesis/objenesis/2.6/objenesis-2.6.jar:/Users/Connie/.m2/repository/org/hamcrest/hamcrest-library/1.3/hamcrest-library-1.3.jar:/Users/Connie/.m2/repository/org/testng/testng/7.0.0/testng-7.0.0.jar:/Users/Connie/.m2/repository/com/beust/jcommander/1.72/jcommander-1.72.jar:/Users/Connie/.m2/repository/junit/junit/4.12/junit-4.12.jar:"/>
    <property name="java.vm.vendor" value="Oracle Corporation"/>
    <property name="sun.arch.data.model" value="64"/>
    <property name="java.vendor.url" value="http://java.oracle.com/"/>
    <property name="user.timezone" value=""/>
    <property name="java.vm.specification.version" value="1.8"/>
    <property name="os.name" value="Mac OS X"/>
    <property name="sun.java.launcher" value="SUN_STANDARD"/>
    <property name="user.country" value="AU"/>
    <property name="sun.boot.library.path" value="/Library/Java/JavaVirtualMachines/jdk1.8.0_181.jdk/Contents/Home/jre/lib"/>
    <property name="sun.java.command" value="/Users/Connie/2019Semester2/ICT302_RegNQuiz/target/surefire/surefirebooter5210615115380487761.jar /Users/Connie/2019Semester2/ICT302_RegNQuiz/target/surefire 2019-10-23T14-57-27_282-jvmRun1 surefire1715050219724383128tmp surefire_07610590436071267971tmp"/>
    <property name="http.nonProxyHosts" value="local|*.local|169.254/16|*.169.254/16"/>
    <property name="surefire.test.class.path" value="/Users/Connie/2019Semester2/ICT302_RegNQuiz/target/test-classes:/Users/Connie/2019Semester2/ICT302_RegNQuiz/target/classes:/Users/Connie/.m2/repository/org/springframework/boot/spring-boot-starter-data-jpa/2.1.7.RELEASE/spring-boot-starter-data-jpa-2.1.7.RELEASE.jar:/Users/Connie/.m2/repository/org/springframework/boot/spring-boot-starter-aop/2.1.7.RELEASE/spring-boot-starter-aop-2.1.7.RELEASE.jar:/Users/Connie/.m2/repository/org/aspectj/aspectjweaver/1.9.4/aspectjweaver-1.9.4.jar:/Users/Connie/.m2/repository/org/springframework/boot/spring-boot-starter-jdbc/2.1.7.RELEASE/spring-boot-starter-jdbc-2.1.7.RELEASE.jar:/Users/Connie/.m2/repository/com/zaxxer/HikariCP/3.2.0/HikariCP-3.2.0.jar:/Users/Connie/.m2/repository/org/springframework/spring-jdbc/5.1.9.RELEASE/spring-jdbc-5.1.9.RELEASE.jar:/Users/Connie/.m2/repository/javax/transaction/javax.transaction-api/1.3/javax.transaction-api-1.3.jar:/Users/Connie/.m2/repository/javax/xml/bind/jaxb-api/2.3.1/jaxb-api-2.3.1.jar:/Users/Connie/.m2/repository/javax/activation/javax.activation-api/1.2.0/javax.activation-api-1.2.0.jar:/Users/Connie/.m2/repository/org/hibernate/hibernate-core/5.3.10.Final/hibernate-core-5.3.10.Final.jar:/Users/Connie/.m2/repository/org/jboss/logging/jboss-logging/3.3.2.Final/jboss-logging-3.3.2.Final.jar:/Users/Connie/.m2/repository/javax/persistence/javax.persistence-api/2.2/javax.persistence-api-2.2.jar:/Users/Connie/.m2/repository/org/javassist/javassist/3.23.2-GA/javassist-3.23.2-GA.jar:/Users/Connie/.m2/repository/antlr/antlr/2.7.7/antlr-2.7.7.jar:/Users/Connie/.m2/repository/org/jboss/jandex/2.0.5.Final/jandex-2.0.5.Final.jar:/Users/Connie/.m2/repository/com/fasterxml/classmate/1.4.0/classmate-1.4.0.jar:/Users/Connie/.m2/repository/org/dom4j/dom4j/2.1.1/dom4j-2.1.1.jar:/Users/Connie/.m2/repository/org/hibernate/common/hibernate-commons-annotations/5.0.4.Final/hibernate-commons-annotations-5.0.4.Final.jar:/Users/Connie/.m2/repository/org/springframework/spring-aspects/5.1.9.RELEASE/spring-aspects-5.1.9.RELEASE.jar:/Users/Connie/.m2/repository/org/springframework/data/spring-data-jpa/2.1.10.RELEASE/spring-data-jpa-2.1.10.RELEASE.jar:/Users/Connie/.m2/repository/org/springframework/data/spring-data-commons/2.1.10.RELEASE/spring-data-commons-2.1.10.RELEASE.jar:/Users/Connie/.m2/repository/org/springframework/spring-orm/5.1.9.RELEASE/spring-orm-5.1.9.RELEASE.jar:/Users/Connie/.m2/repository/org/springframework/spring-context/5.1.9.RELEASE/spring-context-5.1.9.RELEASE.jar:/Users/Connie/.m2/repository/org/springframework/spring-expression/5.1.9.RELEASE/spring-expression-5.1.9.RELEASE.jar:/Users/Connie/.m2/repository/org/springframework/spring-aop/5.1.9.RELEASE/spring-aop-5.1.9.RELEASE.jar:/Users/Connie/.m2/repository/org/springframework/spring-tx/5.1.9.RELEASE/spring-tx-5.1.9.RELEASE.jar:/Users/Connie/.m2/repository/org/springframework/spring-beans/5.1.9.RELEASE/spring-beans-5.1.9.RELEASE.jar:/Users/Connie/.m2/repository/org/springframework/spring-core/5.1.9.RELEASE/spring-core-5.1.9.RELEASE.jar:/Users/Connie/.m2/repository/org/aspectj/aspectjrt/1.9.4/aspectjrt-1.9.4.jar:/Users/Connie/.m2/repository/org/slf4j/slf4j-api/1.7.26/slf4j-api-1.7.26.jar:/Users/Connie/.m2/repository/org/springframework/boot/spring-boot-starter-web/2.1.7.RELEASE/spring-boot-starter-web-2.1.7.RELEASE.jar:/Users/Connie/.m2/repository/org/springframework/boot/spring-boot-starter/2.1.7.RELEASE/spring-boot-starter-2.1.7.RELEASE.jar:/Users/Connie/.m2/repository/org/springframework/boot/spring-boot-starter-logging/2.1.7.RELEASE/spring-boot-starter-logging-2.1.7.RELEASE.jar:/Users/Connie/.m2/repository/ch/qos/logback/logback-classic/1.2.3/logback-classic-1.2.3.jar:/Users/Connie/.m2/repository/ch/qos/logback/logback-core/1.2.3/logback-core-1.2.3.jar:/Users/Connie/.m2/repository/org/apache/logging/log4j/log4j-to-slf4j/2.11.2/log4j-to-slf4j-2.11.2.jar:/Users/Connie/.m2/repository/org/apache/logging/log4j/log4j-api/2.11.2/log4j-api-2.11.2.jar:/Users/Connie/.m2/repository/org/slf4j/jul-to-slf4j/1.7.26/jul-to-slf4j-1.7.26.jar:/Users/Connie/.m2/repository/javax/annotation/javax.annotation-api/1.3.2/javax.annotation-api-1.3.2.jar:/Users/Connie/.m2/repository/org/yaml/snakeyaml/1.23/snakeyaml-1.23.jar:/Users/Connie/.m2/repository/org/springframework/boot/spring-boot-starter-json/2.1.7.RELEASE/spring-boot-starter-json-2.1.7.RELEASE.jar:/Users/Connie/.m2/repository/com/fasterxml/jackson/datatype/jackson-datatype-jdk8/2.9.9/jackson-datatype-jdk8-2.9.9.jar:/Users/Connie/.m2/repository/com/fasterxml/jackson/datatype/jackson-datatype-jsr310/2.9.9/jackson-datatype-jsr310-2.9.9.jar:/Users/Connie/.m2/repository/com/fasterxml/jackson/module/jackson-module-parameter-names/2.9.9/jackson-module-parameter-names-2.9.9.jar:/Users/Connie/.m2/repository/org/springframework/boot/spring-boot-starter-tomcat/2.1.7.RELEASE/spring-boot-starter-tomcat-2.1.7.RELEASE.jar:/Users/Connie/.m2/repository/org/apache/tomcat/embed/tomcat-embed-core/9.0.22/tomcat-embed-core-9.0.22.jar:/Users/Connie/.m2/repository/org/apache/tomcat/embed/tomcat-embed-el/9.0.22/tomcat-embed-el-9.0.22.jar:/Users/Connie/.m2/repository/org/apache/tomcat/embed/tomcat-embed-websocket/9.0.22/tomcat-embed-websocket-9.0.22.jar:/Users/Connie/.m2/repository/org/hibernate/validator/hibernate-validator/6.0.17.Final/hibernate-validator-6.0.17.Final.jar:/Users/Connie/.m2/repository/javax/validation/validation-api/2.0.1.Final/validation-api-2.0.1.Final.jar:/Users/Connie/.m2/repository/org/springframework/spring-web/5.1.9.RELEASE/spring-web-5.1.9.RELEASE.jar:/Users/Connie/.m2/repository/org/springframework/spring-webmvc/5.1.9.RELEASE/spring-webmvc-5.1.9.RELEASE.jar:/Users/Connie/.m2/repository/org/springframework/boot/spring-boot-starter-thymeleaf/2.1.7.RELEASE/spring-boot-starter-thymeleaf-2.1.7.RELEASE.jar:/Users/Connie/.m2/repository/org/thymeleaf/thymeleaf-spring5/3.0.11.RELEASE/thymeleaf-spring5-3.0.11.RELEASE.jar:/Users/Connie/.m2/repository/org/thymeleaf/thymeleaf/3.0.11.RELEASE/thymeleaf-3.0.11.RELEASE.jar:/Users/Connie/.m2/repository/org/attoparser/attoparser/2.0.5.RELEASE/attoparser-2.0.5.RELEASE.jar:/Users/Connie/.m2/repository/org/unbescape/unbescape/1.1.6.RELEASE/unbescape-1.1.6.RELEASE.jar:/Users/Connie/.m2/repository/org/thymeleaf/extras/thymeleaf-extras-java8time/3.0.4.RELEASE/thymeleaf-extras-java8time-3.0.4.RELEASE.jar:/Users/Connie/.m2/repository/org/springframework/boot/spring-boot-starter-data-rest/2.1.7.RELEASE/spring-boot-starter-data-rest-2.1.7.RELEASE.jar:/Users/Connie/.m2/repository/org/springframework/session/spring-session-core/2.1.8.RELEASE/spring-session-core-2.1.8.RELEASE.jar:/Users/Connie/.m2/repository/org/springframework/spring-jcl/5.1.9.RELEASE/spring-jcl-5.1.9.RELEASE.jar:/Users/Connie/.m2/repository/org/springframework/data/spring-data-rest-webmvc/3.1.10.RELEASE/spring-data-rest-webmvc-3.1.10.RELEASE.jar:/Users/Connie/.m2/repository/org/springframework/data/spring-data-rest-core/3.1.10.RELEASE/spring-data-rest-core-3.1.10.RELEASE.jar:/Users/Connie/.m2/repository/org/springframework/hateoas/spring-hateoas/0.25.2.RELEASE/spring-hateoas-0.25.2.RELEASE.jar:/Users/Connie/.m2/repository/org/springframework/plugin/spring-plugin-core/1.2.0.RELEASE/spring-plugin-core-1.2.0.RELEASE.jar:/Users/Connie/.m2/repository/org/atteo/evo-inflector/1.2.2/evo-inflector-1.2.2.jar:/Users/Connie/.m2/repository/com/fasterxml/jackson/core/jackson-databind/2.9.9/jackson-databind-2.9.9.jar:/Users/Connie/.m2/repository/com/fasterxml/jackson/core/jackson-core/2.9.9/jackson-core-2.9.9.jar:/Users/Connie/.m2/repository/com/fasterxml/jackson/core/jackson-annotations/2.9.0/jackson-annotations-2.9.0.jar:/Users/Connie/.m2/repository/org/springframework/boot/spring-boot-devtools/2.1.7.RELEASE/spring-boot-devtools-2.1.7.RELEASE.jar:/Users/Connie/.m2/repository/org/springframework/boot/spring-boot/2.1.7.RELEASE/spring-boot-2.1.7.RELEASE.jar:/Users/Connie/.m2/repository/org/springframework/boot/spring-boot-autoconfigure/2.1.7.RELEASE/spring-boot-autoconfigure-2.1.7.RELEASE.jar:/Users/Connie/.m2/repository/com/opencsv/opencsv/4.1/opencsv-4.1.jar:/Users/Connie/.m2/repository/org/apache/commons/commons-lang3/3.8.1/commons-lang3-3.8.1.jar:/Users/Connie/.m2/repository/org/apache/commons/commons-text/1.1/commons-text-1.1.jar:/Users/Connie/.m2/repository/commons-beanutils/commons-beanutils/1.9.3/commons-beanutils-1.9.3.jar:/Users/Connie/.m2/repository/commons-logging/commons-logging/1.2/commons-logging-1.2.jar:/Users/Connie/.m2/repository/commons-collections/commons-collections/3.2.2/commons-collections-3.2.2.jar:/Users/Connie/.m2/repository/mysql/mysql-connector-java/8.0.17/mysql-connector-java-8.0.17.jar:/Users/Connie/.m2/repository/org/springframework/boot/spring-boot-starter-test/2.1.7.RELEASE/spring-boot-starter-test-2.1.7.RELEASE.jar:/Users/Connie/.m2/repository/org/springframework/boot/spring-boot-test/2.1.7.RELEASE/spring-boot-test-2.1.7.RELEASE.jar:/Users/Connie/.m2/repository/com/jayway/jsonpath/json-path/2.4.0/json-path-2.4.0.jar:/Users/Connie/.m2/repository/net/minidev/json-smart/2.3/json-smart-2.3.jar:/Users/Connie/.m2/repository/net/minidev/accessors-smart/1.2/accessors-smart-1.2.jar:/Users/Connie/.m2/repository/org/ow2/asm/asm/5.0.4/asm-5.0.4.jar:/Users/Connie/.m2/repository/org/assertj/assertj-core/3.11.1/assertj-core-3.11.1.jar:/Users/Connie/.m2/repository/org/hamcrest/hamcrest-core/1.3/hamcrest-core-1.3.jar:/Users/Connie/.m2/repository/org/skyscreamer/jsonassert/1.5.0/jsonassert-1.5.0.jar:/Users/Connie/.m2/repository/com/vaadin/external/google/android-json/0.0.20131108.vaadin1/android-json-0.0.20131108.vaadin1.jar:/Users/Connie/.m2/repository/org/xmlunit/xmlunit-core/2.6.3/xmlunit-core-2.6.3.jar:/Users/Connie/.m2/repository/org/springframework/restdocs/spring-restdocs-mockmvc/2.0.3.RELEASE/spring-restdocs-mockmvc-2.0.3.RELEASE.jar:/Users/Connie/.m2/repository/javax/servlet/javax.servlet-api/4.0.1/javax.servlet-api-4.0.1.jar:/Users/Connie/.m2/repository/org/springframework/restdocs/spring-restdocs-core/2.0.3.RELEASE/spring-restdocs-core-2.0.3.RELEASE.jar:/Users/Connie/.m2/repository/org/springframework/boot/spring-boot-test-autoconfigure/2.1.7.RELEASE/spring-boot-test-autoconfigure-2.1.7.RELEASE.jar:/Users/Connie/.m2/repository/org/springframework/spring-test/5.1.9.RELEASE/spring-test-5.1.9.RELEASE.jar:/Users/Connie/.m2/repository/org/mockito/mockito-core/2.23.4/mockito-core-2.23.4.jar:/Users/Connie/.m2/repository/net/bytebuddy/byte-buddy/1.9.16/byte-buddy-1.9.16.jar:/Users/Connie/.m2/repository/net/bytebuddy/byte-buddy-agent/1.9.16/byte-buddy-agent-1.9.16.jar:/Users/Connie/.m2/repository/org/objenesis/objenesis/2.6/objenesis-2.6.jar:/Users/Connie/.m2/repository/org/hamcrest/hamcrest-library/1.3/hamcrest-library-1.3.jar:/Users/Connie/.m2/repository/org/testng/testng/7.0.0/testng-7.0.0.jar:/Users/Connie/.m2/repository/com/beust/jcommander/1.72/jcommander-1.72.jar:/Users/Connie/.m2/repository/junit/junit/4.12/junit-4.12.jar:"/>
    <property name="sun.cpu.endian" value="little"/>
    <property name="user.home" value="/Users/Connie"/>
    <property name="user.language" value="en"/>
    <property name="java.specification.vendor" value="Oracle Corporation"/>
    <property name="java.home" value="/Library/Java/JavaVirtualMachines/jdk1.8.0_181.jdk/Contents/Home/jre"/>
    <property name="basedir" value="/Users/Connie/2019Semester2/ICT302_RegNQuiz"/>
    <property name="file.separator" value="/"/>
    <property name="line.separator" value="&#10;"/>
    <property name="java.vm.specification.vendor" value="Oracle Corporation"/>
    <property name="java.specification.name" value="Java Platform API Specification"/>
    <property name="java.awt.graphicsenv" value="sun.awt.CGraphicsEnvironment"/>
    <property name="surefire.real.class.path" value="/Users/Connie/2019Semester2/ICT302_RegNQuiz/target/surefire/surefirebooter5210615115380487761.jar"/>
    <property name="sun.boot.class.path" value="/Library/Java/JavaVirtualMachines/jdk1.8.0_181.jdk/Contents/Home/jre/lib/resources.jar:/Library/Java/JavaVirtualMachines/jdk1.8.0_181.jdk/Contents/Home/jre/lib/rt.jar:/Library/Java/JavaVirtualMachines/jdk1.8.0_181.jdk/Contents/Home/jre/lib/sunrsasign.jar:/Library/Java/JavaVirtualMachines/jdk1.8.0_181.jdk/Contents/Home/jre/lib/jsse.jar:/Library/Java/JavaVirtualMachines/jdk1.8.0_181.jdk/Contents/Home/jre/lib/jce.jar:/Library/Java/JavaVirtualMachines/jdk1.8.0_181.jdk/Contents/Home/jre/lib/charsets.jar:/Library/Java/JavaVirtualMachines/jdk1.8.0_181.jdk/Contents/Home/jre/lib/jfr.jar:/Library/Java/JavaVirtualMachines/jdk1.8.0_181.jdk/Contents/Home/jre/classes"/>
    <property name="sun.management.compiler" value="HotSpot 64-Bit Tiered Compilers"/>
    <property name="ftp.nonProxyHosts" value="local|*.local|169.254/16|*.169.254/16"/>
    <property name="java.runtime.version" value="1.8.0_181-b13"/>
    <property name="user.name" value="Connie"/>
    <property name="path.separator" value=":"/>
    <property name="os.version" value="10.14.5"/>
    <property name="java.endorsed.dirs" value="/Library/Java/JavaVirtualMachines/jdk1.8.0_181.jdk/Contents/Home/jre/lib/endorsed"/>
    <property name="java.runtime.name" value="Java(TM) SE Runtime Environment"/>
    <property name="file.encoding" value="UTF-8"/>
    <property name="java.vm.name" value="Java HotSpot(TM) 64-Bit Server VM"/>
    <property name="maven.ext.class.path" value="/Applications/NetBeans/NetBeans 8.0.2.app/Contents/Resources/NetBeans/java/maven-nblib/netbeans-eventspy.jar"/>
    <property name="localRepository" value="/Users/Connie/.m2/repository"/>
    <property name="java.vendor.url.bug" value="http://bugreport.sun.com/bugreport/"/>
    <property name="java.io.tmpdir" value="/var/folders/sp/mmtmd8d93tlgb0l8y4_pbm4m0000gn/T/"/>
    <property name="java.version" value="1.8.0_181"/>
    <property name="user.dir" value="/Users/Connie/2019Semester2/ICT302_RegNQuiz"/>
    <property name="os.arch" value="x86_64"/>
    <property name="java.vm.specification.name" value="Java Virtual Machine Specification"/>
    <property name="java.awt.printerjob" value="sun.lwawt.macosx.CPrinterJob"/>
    <property name="sun.os.patch.level" value="unknown"/>
    <property name="java.library.path" value="/Users/Connie/Library/Java/Extensions:/Library/Java/Extensions:/Network/Library/Java/Extensions:/System/Library/Java/Extensions:/usr/lib/java:."/>
    <property name="java.vm.info" value="mixed mode"/>
    <property name="java.vendor" value="Oracle Corporation"/>
    <property name="java.vm.version" value="25.181-b13"/>
    <property name="java.ext.dirs" value="/Users/Connie/Library/Java/Extensions:/Library/Java/JavaVirtualMachines/jdk1.8.0_181.jdk/Contents/Home/jre/lib/ext:/Library/Java/Extensions:/Network/Library/Java/Extensions:/System/Library/Java/Extensions:/usr/lib/java"/>
    <property name="sun.io.unicode.encoding" value="UnicodeBig"/>
    <property name="java.class.version" value="52.0"/>
    <property name="socksNonProxyHosts" value="local|*.local|169.254/16|*.169.254/16"/>
  </properties>
  <testcase name="testUserType on testUserType(com.regnquiz.model.UserTypeRepositoryTest)" classname="com.regnquiz.model.UserTypeRepositoryTest" time="0.085">
    <failure message="No value present" type="java.util.NoSuchElementException">java.util.NoSuchElementException: No value present
	at com.regnquiz.model.UserTypeRepositoryTest.testUserType(UserTypeRepositoryTest.java:37)
</failure>
    <system-out><![CDATA[14:57:28.031 [main] DEBUG org.springframework.test.context.junit4.SpringJUnit4ClassRunner - SpringJUnit4ClassRunner constructor called with [class com.regnquiz.model.UserTypeRepositoryTest]
14:57:28.034 [main] DEBUG org.springframework.test.context.BootstrapUtils - Instantiating CacheAwareContextLoaderDelegate from class [org.springframework.test.context.cache.DefaultCacheAwareContextLoaderDelegate]
14:57:28.040 [main] DEBUG org.springframework.test.context.BootstrapUtils - Instantiating BootstrapContext using constructor [public org.springframework.test.context.support.DefaultBootstrapContext(java.lang.Class,org.springframework.test.context.CacheAwareContextLoaderDelegate)]
14:57:28.055 [main] DEBUG org.springframework.test.context.BootstrapUtils - Instantiating TestContextBootstrapper for test class [com.regnquiz.model.UserTypeRepositoryTest] from class [org.springframework.boot.test.context.SpringBootTestContextBootstrapper]
14:57:28.065 [main] INFO org.springframework.boot.test.context.SpringBootTestContextBootstrapper - Neither @ContextConfiguration nor @ContextHierarchy found for test class [com.regnquiz.model.UserTypeRepositoryTest], using SpringBootContextLoader
14:57:28.068 [main] DEBUG org.springframework.test.context.support.AbstractContextLoader - Did not detect default resource location for test class [com.regnquiz.model.UserTypeRepositoryTest]: class path resource [com/regnquiz/model/UserTypeRepositoryTest-context.xml] does not exist
14:57:28.068 [main] DEBUG org.springframework.test.context.support.AbstractContextLoader - Did not detect default resource location for test class [com.regnquiz.model.UserTypeRepositoryTest]: class path resource [com/regnquiz/model/UserTypeRepositoryTestContext.groovy] does not exist
14:57:28.068 [main] INFO org.springframework.test.context.support.AbstractContextLoader - Could not detect default resource locations for test class [com.regnquiz.model.UserTypeRepositoryTest]: no resource found for suffixes {-context.xml, Context.groovy}.
14:57:28.069 [main] INFO org.springframework.test.context.support.AnnotationConfigContextLoaderUtils - Could not detect default configuration classes for test class [com.regnquiz.model.UserTypeRepositoryTest]: UserTypeRepositoryTest does not declare any static, non-private, non-final, nested classes annotated with @Configuration.
14:57:28.098 [main] DEBUG org.springframework.test.context.support.ActiveProfilesUtils - Could not find an 'annotation declaring class' for annotation type [org.springframework.test.context.ActiveProfiles] and class [com.regnquiz.model.UserTypeRepositoryTest]
14:57:28.227 [main] DEBUG org.springframework.context.annotation.ClassPathScanningCandidateComponentProvider - Identified candidate component class: file [/Users/Connie/2019Semester2/ICT302_RegNQuiz/target/classes/com/regnquiz/Application.class]
14:57:28.228 [main] INFO org.springframework.boot.test.context.SpringBootTestContextBootstrapper - Found @SpringBootConfiguration com.regnquiz.Application for test class com.regnquiz.model.UserTypeRepositoryTest
14:57:28.322 [main] DEBUG org.springframework.boot.test.context.SpringBootTestContextBootstrapper - @TestExecutionListeners is not present for class [com.regnquiz.model.UserTypeRepositoryTest]: using defaults.
14:57:28.322 [main] INFO org.springframework.boot.test.context.SpringBootTestContextBootstrapper - Loaded default TestExecutionListener class names from location [META-INF/spring.factories]: [org.springframework.boot.test.mock.mockito.MockitoTestExecutionListener, org.springframework.boot.test.mock.mockito.ResetMocksTestExecutionListener, org.springframework.boot.test.autoconfigure.restdocs.RestDocsTestExecutionListener, org.springframework.boot.test.autoconfigure.web.client.MockRestServiceServerResetTestExecutionListener, org.springframework.boot.test.autoconfigure.web.servlet.MockMvcPrintOnlyOnFailureTestExecutionListener, org.springframework.boot.test.autoconfigure.web.servlet.WebDriverTestExecutionListener, org.springframework.test.context.web.ServletTestExecutionListener, org.springframework.test.context.support.DirtiesContextBeforeModesTestExecutionListener, org.springframework.test.context.support.DependencyInjectionTestExecutionListener, org.springframework.test.context.support.DirtiesContextTestExecutionListener, org.springframework.test.context.transaction.TransactionalTestExecutionListener, org.springframework.test.context.jdbc.SqlScriptsTestExecutionListener]
14:57:28.336 [main] INFO org.springframework.boot.test.context.SpringBootTestContextBootstrapper - Using TestExecutionListeners: [org.springframework.test.context.web.ServletTestExecutionListener@7b36aa0c, org.springframework.test.context.support.DirtiesContextBeforeModesTestExecutionListener@5824a83d, org.springframework.boot.test.mock.mockito.MockitoTestExecutionListener@537f60bf, org.springframework.boot.test.autoconfigure.SpringBootDependencyInjectionTestExecutionListener@5677323c, org.springframework.test.context.support.DirtiesContextTestExecutionListener@18df8434, org.springframework.test.context.transaction.TransactionalTestExecutionListener@65c7a252, org.springframework.test.context.jdbc.SqlScriptsTestExecutionListener@4d154ccd, org.springframework.boot.test.mock.mockito.ResetMocksTestExecutionListener@229c6181, org.springframework.boot.test.autoconfigure.restdocs.RestDocsTestExecutionListener@4686afc2, org.springframework.boot.test.autoconfigure.web.client.MockRestServiceServerResetTestExecutionListener@1e0b4072, org.springframework.boot.test.autoconfigure.web.servlet.MockMvcPrintOnlyOnFailureTestExecutionListener@791f145a, org.springframework.boot.test.autoconfigure.web.servlet.WebDriverTestExecutionListener@38cee291]
14:57:28.348 [main] DEBUG org.springframework.test.annotation.ProfileValueUtils - Retrieved @ProfileValueSourceConfiguration [null] for test class [com.regnquiz.model.UserTypeRepositoryTest]
14:57:28.349 [main] DEBUG org.springframework.test.annotation.ProfileValueUtils - Retrieved ProfileValueSource type [class org.springframework.test.annotation.SystemProfileValueSource] for class [com.regnquiz.model.UserTypeRepositoryTest]
14:57:28.350 [main] DEBUG org.springframework.test.annotation.ProfileValueUtils - Retrieved @ProfileValueSourceConfiguration [null] for test class [com.regnquiz.model.UserTypeRepositoryTest]
14:57:28.350 [main] DEBUG org.springframework.test.annotation.ProfileValueUtils - Retrieved ProfileValueSource type [class org.springframework.test.annotation.SystemProfileValueSource] for class [com.regnquiz.model.UserTypeRepositoryTest]
14:57:28.351 [main] DEBUG org.springframework.test.annotation.ProfileValueUtils - Retrieved @ProfileValueSourceConfiguration [null] for test class [com.regnquiz.model.UserTypeRepositoryTest]
14:57:28.351 [main] DEBUG org.springframework.test.annotation.ProfileValueUtils - Retrieved ProfileValueSource type [class org.springframework.test.annotation.SystemProfileValueSource] for class [com.regnquiz.model.UserTypeRepositoryTest]
14:57:28.353 [main] DEBUG org.springframework.test.context.support.AbstractDirtiesContextTestExecutionListener - Before test class: context [DefaultTestContext@2cf3d63b testClass = UserTypeRepositoryTest, testInstance = [null], testMethod = [null], testException = [null], mergedContextConfiguration = [WebMergedContextConfiguration@7674f035 testClass = UserTypeRepositoryTest, locations = '{}', classes = '{class com.regnquiz.Application}', contextInitializerClasses = '[]', activeProfiles = '{}', propertySourceLocations = '{}', propertySourceProperties = '{org.springframework.boot.test.context.SpringBootTestContextBootstrapper=true}', contextCustomizers = set[org.springframework.boot.test.context.filter.ExcludeFilterContextCustomizer@3ba9ad43, org.springframework.boot.test.json.DuplicateJsonObjectContextCustomizerFactory$DuplicateJsonObjectContextCustomizer@3d680b5a, org.springframework.boot.test.mock.mockito.MockitoContextCustomizer@0, org.springframework.boot.test.web.client.TestRestTemplateContextCustomizer@64cd705f, org.springframework.boot.test.autoconfigure.properties.PropertyMappingContextCustomizer@0, org.springframework.boot.test.autoconfigure.web.servlet.WebDriverContextCustomizerFactory$Customizer@3911c2a7], resourceBasePath = 'src/main/webapp', contextLoader = 'org.springframework.boot.test.context.SpringBootContextLoader', parent = [null]], attributes = map['org.springframework.test.context.web.ServletTestExecutionListener.activateListener' -> true]], class annotated with @DirtiesContext [false] with mode [null].
14:57:28.354 [main] DEBUG org.springframework.test.annotation.ProfileValueUtils - Retrieved @ProfileValueSourceConfiguration [null] for test class [com.regnquiz.model.UserTypeRepositoryTest]
14:57:28.354 [main] DEBUG org.springframework.test.annotation.ProfileValueUtils - Retrieved ProfileValueSource type [class org.springframework.test.annotation.SystemProfileValueSource] for class [com.regnquiz.model.UserTypeRepositoryTest]
14:57:28.373 [main] DEBUG org.springframework.test.context.support.TestPropertySourceUtils - Adding inlined properties to environment: {spring.jmx.enabled=false, org.springframework.boot.test.context.SpringBootTestContextBootstrapper=true, server.port=-1}

  .   ____          _            __ _ _
 /\\ / ___'_ __ _ _(_)_ __  __ _ \ \ \ \
( ( )\___ | '_ | '_| | '_ \/ _` | \ \ \ \
 \\/  ___)| |_)| | | | | || (_| |  ) ) ) )
  '  |____| .__|_| |_|_| |_\__, | / / / /
 =========|_|==============|___/=/_/_/_/
 :: Spring Boot ::        (v2.1.7.RELEASE)

2019-10-23 14:57:28.616  INFO 5627 --- [           main] c.regnquiz.model.UserTypeRepositoryTest  : Starting UserTypeRepositoryTest on Guanghuis-MBP.gateway with PID 5627 (started by Connie in /Users/Connie/2019Semester2/ICT302_RegNQuiz)
2019-10-23 14:57:28.617  INFO 5627 --- [           main] c.regnquiz.model.UserTypeRepositoryTest  : No active profile set, falling back to default profiles: default
2019-10-23 14:57:29.447  INFO 5627 --- [           main] .s.d.r.c.RepositoryConfigurationDelegate : Bootstrapping Spring Data repositories in DEFAULT mode.
2019-10-23 14:57:29.533  INFO 5627 --- [           main] .s.d.r.c.RepositoryConfigurationDelegate : Finished Spring Data repository scanning in 78ms. Found 14 repository interfaces.
2019-10-23 14:57:29.992  INFO 5627 --- [           main] trationDelegate$BeanPostProcessorChecker : Bean 'org.springframework.transaction.annotation.ProxyTransactionManagementConfiguration' of type [org.springframework.transaction.annotation.ProxyTransactionManagementConfiguration$$EnhancerBySpringCGLIB$$7d3f8324] is not eligible for getting processed by all BeanPostProcessors (for example: not eligible for auto-proxying)
2019-10-23 14:57:30.020  INFO 5627 --- [           main] trationDelegate$BeanPostProcessorChecker : Bean 'org.springframework.hateoas.config.HateoasConfiguration' of type [org.springframework.hateoas.config.HateoasConfiguration$$EnhancerBySpringCGLIB$$fcbfd056] is not eligible for getting processed by all BeanPostProcessors (for example: not eligible for auto-proxying)
2019-10-23 14:57:30.253  INFO 5627 --- [           main] com.zaxxer.hikari.HikariDataSource       : HikariPool-1 - Starting...
2019-10-23 14:57:30.624  INFO 5627 --- [           main] com.zaxxer.hikari.HikariDataSource       : HikariPool-1 - Start completed.
2019-10-23 14:57:30.689  INFO 5627 --- [           main] o.hibernate.jpa.internal.util.LogHelper  : HHH000204: Processing PersistenceUnitInfo [
	name: default
	...]
2019-10-23 14:57:30.749  INFO 5627 --- [           main] org.hibernate.Version                    : HHH000412: Hibernate Core {5.3.10.Final}
2019-10-23 14:57:30.751  INFO 5627 --- [           main] org.hibernate.cfg.Environment            : HHH000206: hibernate.properties not found
2019-10-23 14:57:30.901  INFO 5627 --- [           main] o.hibernate.annotations.common.Version   : HCANN000001: Hibernate Commons Annotations {5.0.4.Final}
2019-10-23 14:57:30.926 DEBUG 5627 --- [           main] org.hibernate.type.BasicTypeRegistry     : Adding type registration boolean -> org.hibernate.type.BooleanType@64b70f41
2019-10-23 14:57:30.926 DEBUG 5627 --- [           main] org.hibernate.type.BasicTypeRegistry     : Adding type registration boolean -> org.hibernate.type.BooleanType@64b70f41
2019-10-23 14:57:30.926 DEBUG 5627 --- [           main] org.hibernate.type.BasicTypeRegistry     : Adding type registration java.lang.Boolean -> org.hibernate.type.BooleanType@64b70f41
2019-10-23 14:57:30.927 DEBUG 5627 --- [           main] org.hibernate.type.BasicTypeRegistry     : Adding type registration numeric_boolean -> org.hibernate.type.NumericBooleanType@62b09715
2019-10-23 14:57:30.927 DEBUG 5627 --- [           main] org.hibernate.type.BasicTypeRegistry     : Adding type registration true_false -> org.hibernate.type.TrueFalseType@1980a3f
2019-10-23 14:57:30.928 DEBUG 5627 --- [           main] org.hibernate.type.BasicTypeRegistry     : Adding type registration yes_no -> org.hibernate.type.YesNoType@789c3057
2019-10-23 14:57:30.929 DEBUG 5627 --- [           main] org.hibernate.type.BasicTypeRegistry     : Adding type registration byte -> org.hibernate.type.ByteType@679dd234
2019-10-23 14:57:30.929 DEBUG 5627 --- [           main] org.hibernate.type.BasicTypeRegistry     : Adding type registration byte -> org.hibernate.type.ByteType@679dd234
2019-10-23 14:57:30.929 DEBUG 5627 --- [           main] org.hibernate.type.BasicTypeRegistry     : Adding type registration java.lang.Byte -> org.hibernate.type.ByteType@679dd234
2019-10-23 14:57:30.930 DEBUG 5627 --- [           main] org.hibernate.type.BasicTypeRegistry     : Adding type registration character -> org.hibernate.type.CharacterType@74b86971
2019-10-23 14:57:30.930 DEBUG 5627 --- [           main] org.hibernate.type.BasicTypeRegistry     : Adding type registration char -> org.hibernate.type.CharacterType@74b86971
2019-10-23 14:57:30.930 DEBUG 5627 --- [           main] org.hibernate.type.BasicTypeRegistry     : Adding type registration java.lang.Character -> org.hibernate.type.CharacterType@74b86971
2019-10-23 14:57:30.931 DEBUG 5627 --- [           main] org.hibernate.type.BasicTypeRegistry     : Adding type registration short -> org.hibernate.type.ShortType@7f79edee
2019-10-23 14:57:30.931 DEBUG 5627 --- [           main] org.hibernate.type.BasicTypeRegistry     : Adding type registration short -> org.hibernate.type.ShortType@7f79edee
2019-10-23 14:57:30.931 DEBUG 5627 --- [           main] org.hibernate.type.BasicTypeRegistry     : Adding type registration java.lang.Short -> org.hibernate.type.ShortType@7f79edee
2019-10-23 14:57:30.932 DEBUG 5627 --- [           main] org.hibernate.type.BasicTypeRegistry     : Adding type registration integer -> org.hibernate.type.IntegerType@1775c4e7
2019-10-23 14:57:30.932 DEBUG 5627 --- [           main] org.hibernate.type.BasicTypeRegistry     : Adding type registration int -> org.hibernate.type.IntegerType@1775c4e7
2019-10-23 14:57:30.932 DEBUG 5627 --- [           main] org.hibernate.type.BasicTypeRegistry     : Adding type registration java.lang.Integer -> org.hibernate.type.IntegerType@1775c4e7
2019-10-23 14:57:30.933 DEBUG 5627 --- [           main] org.hibernate.type.BasicTypeRegistry     : Adding type registration long -> org.hibernate.type.LongType@2921199d
2019-10-23 14:57:30.933 DEBUG 5627 --- [           main] org.hibernate.type.BasicTypeRegistry     : Adding type registration long -> org.hibernate.type.LongType@2921199d
2019-10-23 14:57:30.933 DEBUG 5627 --- [           main] org.hibernate.type.BasicTypeRegistry     : Adding type registration java.lang.Long -> org.hibernate.type.LongType@2921199d
2019-10-23 14:57:30.934 DEBUG 5627 --- [           main] org.hibernate.type.BasicTypeRegistry     : Adding type registration float -> org.hibernate.type.FloatType@40d52be7
2019-10-23 14:57:30.934 DEBUG 5627 --- [           main] org.hibernate.type.BasicTypeRegistry     : Adding type registration float -> org.hibernate.type.FloatType@40d52be7
2019-10-23 14:57:30.934 DEBUG 5627 --- [           main] org.hibernate.type.BasicTypeRegistry     : Adding type registration java.lang.Float -> org.hibernate.type.FloatType@40d52be7
2019-10-23 14:57:30.935 DEBUG 5627 --- [           main] org.hibernate.type.BasicTypeRegistry     : Adding type registration double -> org.hibernate.type.DoubleType@4391a2d8
2019-10-23 14:57:30.935 DEBUG 5627 --- [           main] org.hibernate.type.BasicTypeRegistry     : Adding type registration double -> org.hibernate.type.DoubleType@4391a2d8
2019-10-23 14:57:30.935 DEBUG 5627 --- [           main] org.hibernate.type.BasicTypeRegistry     : Adding type registration java.lang.Double -> org.hibernate.type.DoubleType@4391a2d8
2019-10-23 14:57:30.935 DEBUG 5627 --- [           main] org.hibernate.type.BasicTypeRegistry     : Adding type registration big_decimal -> org.hibernate.type.BigDecimalType@286855ea
2019-10-23 14:57:30.936 DEBUG 5627 --- [           main] org.hibernate.type.BasicTypeRegistry     : Adding type registration java.math.BigDecimal -> org.hibernate.type.BigDecimalType@286855ea
2019-10-23 14:57:30.936 DEBUG 5627 --- [           main] org.hibernate.type.BasicTypeRegistry     : Adding type registration big_integer -> org.hibernate.type.BigIntegerType@1e1232cf
2019-10-23 14:57:30.936 DEBUG 5627 --- [           main] org.hibernate.type.BasicTypeRegistry     : Adding type registration java.math.BigInteger -> org.hibernate.type.BigIntegerType@1e1232cf
2019-10-23 14:57:30.937 DEBUG 5627 --- [           main] org.hibernate.type.BasicTypeRegistry     : Adding type registration string -> org.hibernate.type.StringType@7c1a8f0f
2019-10-23 14:57:30.937 DEBUG 5627 --- [           main] org.hibernate.type.BasicTypeRegistry     : Adding type registration java.lang.String -> org.hibernate.type.StringType@7c1a8f0f
2019-10-23 14:57:30.938 DEBUG 5627 --- [           main] org.hibernate.type.BasicTypeRegistry     : Adding type registration nstring -> org.hibernate.type.StringNVarcharType@66f5a02e
2019-10-23 14:57:30.938 DEBUG 5627 --- [           main] org.hibernate.type.BasicTypeRegistry     : Adding type registration ncharacter -> org.hibernate.type.CharacterNCharType@e3b0369
2019-10-23 14:57:30.939 DEBUG 5627 --- [           main] org.hibernate.type.BasicTypeRegistry     : Adding type registration url -> org.hibernate.type.UrlType@15a3b42
2019-10-23 14:57:30.939 DEBUG 5627 --- [           main] org.hibernate.type.BasicTypeRegistry     : Adding type registration java.net.URL -> org.hibernate.type.UrlType@15a3b42
2019-10-23 14:57:30.940 DEBUG 5627 --- [           main] org.hibernate.type.BasicTypeRegistry     : Adding type registration Duration -> org.hibernate.type.DurationType@7b2bf745
2019-10-23 14:57:30.940 DEBUG 5627 --- [           main] org.hibernate.type.BasicTypeRegistry     : Adding type registration java.time.Duration -> org.hibernate.type.DurationType@7b2bf745
2019-10-23 14:57:30.941 DEBUG 5627 --- [           main] org.hibernate.type.BasicTypeRegistry     : Adding type registration Instant -> org.hibernate.type.InstantType@5d318e91
2019-10-23 14:57:30.942 DEBUG 5627 --- [           main] org.hibernate.type.BasicTypeRegistry     : Adding type registration java.time.Instant -> org.hibernate.type.InstantType@5d318e91
2019-10-23 14:57:30.942 DEBUG 5627 --- [           main] org.hibernate.type.BasicTypeRegistry     : Adding type registration LocalDateTime -> org.hibernate.type.LocalDateTimeType@4342c13
2019-10-23 14:57:30.943 DEBUG 5627 --- [           main] org.hibernate.type.BasicTypeRegistry     : Adding type registration java.time.LocalDateTime -> org.hibernate.type.LocalDateTimeType@4342c13
2019-10-23 14:57:30.943 DEBUG 5627 --- [           main] org.hibernate.type.BasicTypeRegistry     : Adding type registration LocalDate -> org.hibernate.type.LocalDateType@5f0bab7e
2019-10-23 14:57:30.944 DEBUG 5627 --- [           main] org.hibernate.type.BasicTypeRegistry     : Adding type registration java.time.LocalDate -> org.hibernate.type.LocalDateType@5f0bab7e
2019-10-23 14:57:30.944 DEBUG 5627 --- [           main] org.hibernate.type.BasicTypeRegistry     : Adding type registration LocalTime -> org.hibernate.type.LocalTimeType@157d3a45
2019-10-23 14:57:30.944 DEBUG 5627 --- [           main] org.hibernate.type.BasicTypeRegistry     : Adding type registration java.time.LocalTime -> org.hibernate.type.LocalTimeType@157d3a45
2019-10-23 14:57:30.946 DEBUG 5627 --- [           main] org.hibernate.type.BasicTypeRegistry     : Adding type registration OffsetDateTime -> org.hibernate.type.OffsetDateTimeType@18d11527
2019-10-23 14:57:30.946 DEBUG 5627 --- [           main] org.hibernate.type.BasicTypeRegistry     : Adding type registration java.time.OffsetDateTime -> org.hibernate.type.OffsetDateTimeType@18d11527
2019-10-23 14:57:30.946 DEBUG 5627 --- [           main] org.hibernate.type.BasicTypeRegistry     : Adding type registration OffsetTime -> org.hibernate.type.OffsetTimeType@3663d0ba
2019-10-23 14:57:30.947 DEBUG 5627 --- [           main] org.hibernate.type.BasicTypeRegistry     : Adding type registration java.time.OffsetTime -> org.hibernate.type.OffsetTimeType@3663d0ba
2019-10-23 14:57:30.949 DEBUG 5627 --- [           main] org.hibernate.type.BasicTypeRegistry     : Adding type registration ZonedDateTime -> org.hibernate.type.ZonedDateTimeType@f171912
2019-10-23 14:57:30.949 DEBUG 5627 --- [           main] org.hibernate.type.BasicTypeRegistry     : Adding type registration java.time.ZonedDateTime -> org.hibernate.type.ZonedDateTimeType@f171912
2019-10-23 14:57:30.950 DEBUG 5627 --- [           main] org.hibernate.type.BasicTypeRegistry     : Adding type registration date -> org.hibernate.type.DateType@75fe1619
2019-10-23 14:57:30.950 DEBUG 5627 --- [           main] org.hibernate.type.BasicTypeRegistry     : Adding type registration java.sql.Date -> org.hibernate.type.DateType@75fe1619
2019-10-23 14:57:30.951 DEBUG 5627 --- [           main] org.hibernate.type.BasicTypeRegistry     : Adding type registration time -> org.hibernate.type.TimeType@2f20f7ad
2019-10-23 14:57:30.951 DEBUG 5627 --- [           main] org.hibernate.type.BasicTypeRegistry     : Adding type registration java.sql.Time -> org.hibernate.type.TimeType@2f20f7ad
2019-10-23 14:57:30.952 DEBUG 5627 --- [           main] org.hibernate.type.BasicTypeRegistry     : Adding type registration timestamp -> org.hibernate.type.TimestampType@412c5e8b
2019-10-23 14:57:30.952 DEBUG 5627 --- [           main] org.hibernate.type.BasicTypeRegistry     : Adding type registration java.sql.Timestamp -> org.hibernate.type.TimestampType@412c5e8b
2019-10-23 14:57:30.952 DEBUG 5627 --- [           main] org.hibernate.type.BasicTypeRegistry     : Adding type registration java.util.Date -> org.hibernate.type.TimestampType@412c5e8b
2019-10-23 14:57:30.952 DEBUG 5627 --- [           main] org.hibernate.type.BasicTypeRegistry     : Adding type registration dbtimestamp -> org.hibernate.type.DbTimestampType@60f77af
2019-10-23 14:57:30.953 DEBUG 5627 --- [           main] org.hibernate.type.BasicTypeRegistry     : Adding type registration calendar -> org.hibernate.type.CalendarType@3fde8f7c
2019-10-23 14:57:30.954 DEBUG 5627 --- [           main] org.hibernate.type.BasicTypeRegistry     : Adding type registration java.util.Calendar -> org.hibernate.type.CalendarType@3fde8f7c
2019-10-23 14:57:30.954 DEBUG 5627 --- [           main] org.hibernate.type.BasicTypeRegistry     : Adding type registration java.util.GregorianCalendar -> org.hibernate.type.CalendarType@3fde8f7c
2019-10-23 14:57:30.954 DEBUG 5627 --- [           main] org.hibernate.type.BasicTypeRegistry     : Adding type registration calendar_date -> org.hibernate.type.CalendarDateType@11381415
2019-10-23 14:57:30.955 DEBUG 5627 --- [           main] org.hibernate.type.BasicTypeRegistry     : Adding type registration locale -> org.hibernate.type.LocaleType@5403799b
2019-10-23 14:57:30.955 DEBUG 5627 --- [           main] org.hibernate.type.BasicTypeRegistry     : Adding type registration java.util.Locale -> org.hibernate.type.LocaleType@5403799b
2019-10-23 14:57:30.956 DEBUG 5627 --- [           main] org.hibernate.type.BasicTypeRegistry     : Adding type registration currency -> org.hibernate.type.CurrencyType@27f3f512
2019-10-23 14:57:30.956 DEBUG 5627 --- [           main] org.hibernate.type.BasicTypeRegistry     : Adding type registration java.util.Currency -> org.hibernate.type.CurrencyType@27f3f512
2019-10-23 14:57:30.957 DEBUG 5627 --- [           main] org.hibernate.type.BasicTypeRegistry     : Adding type registration timezone -> org.hibernate.type.TimeZoneType@3d53e6f7
2019-10-23 14:57:30.957 DEBUG 5627 --- [           main] org.hibernate.type.BasicTypeRegistry     : Adding type registration java.util.TimeZone -> org.hibernate.type.TimeZoneType@3d53e6f7
2019-10-23 14:57:30.958 DEBUG 5627 --- [           main] org.hibernate.type.BasicTypeRegistry     : Adding type registration class -> org.hibernate.type.ClassType@262a1fad
2019-10-23 14:57:30.958 DEBUG 5627 --- [           main] org.hibernate.type.BasicTypeRegistry     : Adding type registration java.lang.Class -> org.hibernate.type.ClassType@262a1fad
2019-10-23 14:57:30.958 DEBUG 5627 --- [           main] org.hibernate.type.BasicTypeRegistry     : Adding type registration uuid-binary -> org.hibernate.type.UUIDBinaryType@51da32e5
2019-10-23 14:57:30.958 DEBUG 5627 --- [           main] org.hibernate.type.BasicTypeRegistry     : Adding type registration java.util.UUID -> org.hibernate.type.UUIDBinaryType@51da32e5
2019-10-23 14:57:30.959 DEBUG 5627 --- [           main] org.hibernate.type.BasicTypeRegistry     : Adding type registration uuid-char -> org.hibernate.type.UUIDCharType@4872669f
2019-10-23 14:57:30.960 DEBUG 5627 --- [           main] org.hibernate.type.BasicTypeRegistry     : Adding type registration binary -> org.hibernate.type.BinaryType@59a2388e
2019-10-23 14:57:30.960 DEBUG 5627 --- [           main] org.hibernate.type.BasicTypeRegistry     : Adding type registration byte[] -> org.hibernate.type.BinaryType@59a2388e
2019-10-23 14:57:30.960 DEBUG 5627 --- [           main] org.hibernate.type.BasicTypeRegistry     : Adding type registration [B -> org.hibernate.type.BinaryType@59a2388e
2019-10-23 14:57:30.961 DEBUG 5627 --- [           main] org.hibernate.type.BasicTypeRegistry     : Adding type registration wrapper-binary -> org.hibernate.type.WrapperBinaryType@11d2dd2d
2019-10-23 14:57:30.961 DEBUG 5627 --- [           main] org.hibernate.type.BasicTypeRegistry     : Adding type registration Byte[] -> org.hibernate.type.WrapperBinaryType@11d2dd2d
2019-10-23 14:57:30.961 DEBUG 5627 --- [           main] org.hibernate.type.BasicTypeRegistry     : Adding type registration [Ljava.lang.Byte; -> org.hibernate.type.WrapperBinaryType@11d2dd2d
2019-10-23 14:57:30.962 DEBUG 5627 --- [           main] org.hibernate.type.BasicTypeRegistry     : Adding type registration row_version -> org.hibernate.type.RowVersionType@4aeb0e2b
2019-10-23 14:57:30.962 DEBUG 5627 --- [           main] org.hibernate.type.BasicTypeRegistry     : Adding type registration image -> org.hibernate.type.ImageType@7126e26
2019-10-23 14:57:30.962 DEBUG 5627 --- [           main] org.hibernate.type.BasicTypeRegistry     : Adding type registration characters -> org.hibernate.type.CharArrayType@19489b27
2019-10-23 14:57:30.963 DEBUG 5627 --- [           main] org.hibernate.type.BasicTypeRegistry     : Adding type registration char[] -> org.hibernate.type.CharArrayType@19489b27
2019-10-23 14:57:30.963 DEBUG 5627 --- [           main] org.hibernate.type.BasicTypeRegistry     : Adding type registration [C -> org.hibernate.type.CharArrayType@19489b27
2019-10-23 14:57:30.963 DEBUG 5627 --- [           main] org.hibernate.type.BasicTypeRegistry     : Adding type registration wrapper-characters -> org.hibernate.type.CharacterArrayType@193bb809
2019-10-23 14:57:30.963 DEBUG 5627 --- [           main] org.hibernate.type.BasicTypeRegistry     : Adding type registration [Ljava.lang.Character; -> org.hibernate.type.CharacterArrayType@193bb809
2019-10-23 14:57:30.963 DEBUG 5627 --- [           main] org.hibernate.type.BasicTypeRegistry     : Adding type registration Character[] -> org.hibernate.type.CharacterArrayType@193bb809
2019-10-23 14:57:30.964 DEBUG 5627 --- [           main] org.hibernate.type.BasicTypeRegistry     : Adding type registration text -> org.hibernate.type.TextType@581b1c08
2019-10-23 14:57:30.964 DEBUG 5627 --- [           main] org.hibernate.type.BasicTypeRegistry     : Adding type registration ntext -> org.hibernate.type.NTextType@58f2466c
2019-10-23 14:57:30.965 DEBUG 5627 --- [           main] org.hibernate.type.BasicTypeRegistry     : Adding type registration blob -> org.hibernate.type.BlobType@3caafa67
2019-10-23 14:57:30.965 DEBUG 5627 --- [           main] org.hibernate.type.BasicTypeRegistry     : Adding type registration java.sql.Blob -> org.hibernate.type.BlobType@3caafa67
2019-10-23 14:57:30.965 DEBUG 5627 --- [           main] org.hibernate.type.BasicTypeRegistry     : Adding type registration materialized_blob -> org.hibernate.type.MaterializedBlobType@64b0d1fa
2019-10-23 14:57:30.966 DEBUG 5627 --- [           main] org.hibernate.type.BasicTypeRegistry     : Adding type registration clob -> org.hibernate.type.ClobType@59838256
2019-10-23 14:57:30.966 DEBUG 5627 --- [           main] org.hibernate.type.BasicTypeRegistry     : Adding type registration java.sql.Clob -> org.hibernate.type.ClobType@59838256
2019-10-23 14:57:30.967 DEBUG 5627 --- [           main] org.hibernate.type.BasicTypeRegistry     : Adding type registration nclob -> org.hibernate.type.NClobType@1376883
2019-10-23 14:57:30.967 DEBUG 5627 --- [           main] org.hibernate.type.BasicTypeRegistry     : Adding type registration java.sql.NClob -> org.hibernate.type.NClobType@1376883
2019-10-23 14:57:30.968 DEBUG 5627 --- [           main] org.hibernate.type.BasicTypeRegistry     : Adding type registration materialized_clob -> org.hibernate.type.MaterializedClobType@718fd7c1
2019-10-23 14:57:30.968 DEBUG 5627 --- [           main] org.hibernate.type.BasicTypeRegistry     : Adding type registration materialized_nclob -> org.hibernate.type.MaterializedNClobType@4e22368c
2019-10-23 14:57:30.969 DEBUG 5627 --- [           main] org.hibernate.type.BasicTypeRegistry     : Adding type registration serializable -> org.hibernate.type.SerializableType@46fc522d
2019-10-23 14:57:30.971 DEBUG 5627 --- [           main] org.hibernate.type.BasicTypeRegistry     : Adding type registration object -> org.hibernate.type.ObjectType@37a0ec3c
2019-10-23 14:57:30.972 DEBUG 5627 --- [           main] org.hibernate.type.BasicTypeRegistry     : Adding type registration java.lang.Object -> org.hibernate.type.ObjectType@37a0ec3c
2019-10-23 14:57:30.972 DEBUG 5627 --- [           main] org.hibernate.type.BasicTypeRegistry     : Adding type registration imm_date -> org.hibernate.type.AdaptedImmutableType@6048e26a
2019-10-23 14:57:30.972 DEBUG 5627 --- [           main] org.hibernate.type.BasicTypeRegistry     : Adding type registration imm_time -> org.hibernate.type.AdaptedImmutableType@50b93353
2019-10-23 14:57:30.972 DEBUG 5627 --- [           main] org.hibernate.type.BasicTypeRegistry     : Adding type registration imm_timestamp -> org.hibernate.type.AdaptedImmutableType@44286963
2019-10-23 14:57:30.972 DEBUG 5627 --- [           main] org.hibernate.type.BasicTypeRegistry     : Adding type registration imm_dbtimestamp -> org.hibernate.type.AdaptedImmutableType@c8f97a7
2019-10-23 14:57:30.972 DEBUG 5627 --- [           main] org.hibernate.type.BasicTypeRegistry     : Adding type registration imm_calendar -> org.hibernate.type.AdaptedImmutableType@2b736fee
2019-10-23 14:57:30.972 DEBUG 5627 --- [           main] org.hibernate.type.BasicTypeRegistry     : Adding type registration imm_calendar_date -> org.hibernate.type.AdaptedImmutableType@3249e278
2019-10-23 14:57:30.972 DEBUG 5627 --- [           main] org.hibernate.type.BasicTypeRegistry     : Adding type registration imm_binary -> org.hibernate.type.AdaptedImmutableType@35adf623
2019-10-23 14:57:30.973 DEBUG 5627 --- [           main] org.hibernate.type.BasicTypeRegistry     : Adding type registration imm_serializable -> org.hibernate.type.AdaptedImmutableType@456f7d9e
2019-10-23 14:57:31.045  INFO 5627 --- [           main] org.hibernate.dialect.Dialect            : HHH000400: Using dialect: org.hibernate.dialect.MySQL55Dialect
2019-10-23 14:57:31.107 DEBUG 5627 --- [           main] o.h.type.spi.TypeConfiguration$Scope     : Scoping TypeConfiguration [org.hibernate.type.spi.TypeConfiguration@5eb0a686] to MetadataBuildingContext [org.hibernate.boot.internal.MetadataBuildingContextRootImpl@73608eb0]
2019-10-23 14:57:31.289  WARN 5627 --- [           main] org.hibernate.mapping.RootClass          : HHH000038: Composite-id class does not override equals(): com.regnquiz.model.BookingQuestionKey
2019-10-23 14:57:31.289  WARN 5627 --- [           main] org.hibernate.mapping.RootClass          : HHH000039: Composite-id class does not override hashCode(): com.regnquiz.model.BookingQuestionKey
2019-10-23 14:57:31.290  WARN 5627 --- [           main] org.hibernate.mapping.RootClass          : HHH000038: Composite-id class does not override equals(): com.regnquiz.model.UserIdent
2019-10-23 14:57:31.290  WARN 5627 --- [           main] org.hibernate.mapping.RootClass          : HHH000039: Composite-id class does not override hashCode(): com.regnquiz.model.UserIdent
2019-10-23 14:57:31.291  WARN 5627 --- [           main] org.hibernate.mapping.RootClass          : HHH000038: Composite-id class does not override equals(): com.regnquiz.model.StudentAnswerKey
2019-10-23 14:57:31.291  WARN 5627 --- [           main] org.hibernate.mapping.RootClass          : HHH000039: Composite-id class does not override hashCode(): com.regnquiz.model.StudentAnswerKey
2019-10-23 14:57:31.434 DEBUG 5627 --- [           main] o.h.type.spi.TypeConfiguration$Scope     : Scoping TypeConfiguration [org.hibernate.type.spi.TypeConfiguration@5eb0a686] to SessionFactoryImpl [org.hibernate.internal.SessionFactoryImpl@28989415]
2019-10-23 14:57:32.138 TRACE 5627 --- [           main] o.h.type.spi.TypeConfiguration$Scope     : Handling #sessionFactoryCreated from [org.hibernate.internal.SessionFactoryImpl@28989415] for TypeConfiguration
2019-10-23 14:57:32.139  INFO 5627 --- [           main] j.LocalContainerEntityManagerFactoryBean : Initialized JPA EntityManagerFactory for persistence unit 'default'
2019-10-23 14:57:32.669  INFO 5627 --- [           main] o.h.h.i.QueryTranslatorFactoryInitiator  : HHH000397: Using ASTQueryTranslatorFactory
2019-10-23 14:57:33.401  WARN 5627 --- [           main] aWebConfiguration$JpaWebMvcConfiguration : spring.jpa.open-in-view is enabled by default. Therefore, database queries may be performed during view rendering. Explicitly configure spring.jpa.open-in-view to disable this warning
2019-10-23 14:57:34.237  INFO 5627 --- [           main] c.regnquiz.model.UserTypeRepositoryTest  : Started UserTypeRepositoryTest in 5.857 seconds (JVM running for 6.779)
2019-10-23 14:57:34.315 DEBUG 5627 --- [           main] org.hibernate.SQL                        : 
    select
        user0_.userID as userID1_9_0_,
        user0_.givenName as givenNam2_9_0_,
        user0_.lastName as lastName3_9_0_,
        user0_.preferredName as preferre4_9_0_ 
    from
        User user0_ 
    where
        user0_.userID=?
Hibernate: 
    select
        user0_.userID as userID1_9_0_,
        user0_.givenName as givenNam2_9_0_,
        user0_.lastName as lastName3_9_0_,
        user0_.preferredName as preferre4_9_0_ 
    from
        User user0_ 
    where
        user0_.userID=?
2019-10-23 14:57:34.320 TRACE 5627 --- [           main] o.h.type.descriptor.sql.BasicBinder      : binding parameter [1] as [INTEGER] - [11]
]]></system-out>
  </testcase>
  <testcase name="TestCL on TestCL(com.regnquiz.model.ClassListImportTest)" classname="com.regnquiz.model.ClassListImportTest" time="0.01"/>
  <testcase name="TestStudent on TestStudent(com.regnquiz.model.StaffImportTest)" classname="com.regnquiz.model.StaffImportTest" time="0.056"/>
  <testcase name="TestAnswers on TestAnswers(com.regnquiz.model.StudentQuestionReviewTest)" classname="com.regnquiz.model.StudentQuestionReviewTest" time="0.067"/>
  <testcase name="testStudentAnswer on testStudentAnswer(com.regnquiz.model.StudentAnswerRepoTest)" classname="com.regnquiz.model.StudentAnswerRepoTest" time="0.007">
    <failure message="No value present" type="java.util.NoSuchElementException">java.util.NoSuchElementException: No value present
	at com.regnquiz.model.StudentAnswerRepoTest.testStudentAnswer(StudentAnswerRepoTest.java:39)
</failure>
    <system-out><![CDATA[2019-10-23 14:57:34.492  INFO 5627 --- [           main] .b.t.c.SpringBootTestContextBootstrapper : Neither @ContextConfiguration nor @ContextHierarchy found for test class [com.regnquiz.model.StudentAnswerRepoTest], using SpringBootContextLoader
2019-10-23 14:57:34.493  INFO 5627 --- [           main] o.s.t.c.support.AbstractContextLoader    : Could not detect default resource locations for test class [com.regnquiz.model.StudentAnswerRepoTest]: no resource found for suffixes {-context.xml, Context.groovy}.
2019-10-23 14:57:34.493  INFO 5627 --- [           main] t.c.s.AnnotationConfigContextLoaderUtils : Could not detect default configuration classes for test class [com.regnquiz.model.StudentAnswerRepoTest]: StudentAnswerRepoTest does not declare any static, non-private, non-final, nested classes annotated with @Configuration.
2019-10-23 14:57:34.494  INFO 5627 --- [           main] .b.t.c.SpringBootTestContextBootstrapper : Found @SpringBootConfiguration com.regnquiz.Application for test class com.regnquiz.model.StudentAnswerRepoTest
2019-10-23 14:57:34.495  INFO 5627 --- [           main] .b.t.c.SpringBootTestContextBootstrapper : Loaded default TestExecutionListener class names from location [META-INF/spring.factories]: [org.springframework.boot.test.mock.mockito.MockitoTestExecutionListener, org.springframework.boot.test.mock.mockito.ResetMocksTestExecutionListener, org.springframework.boot.test.autoconfigure.restdocs.RestDocsTestExecutionListener, org.springframework.boot.test.autoconfigure.web.client.MockRestServiceServerResetTestExecutionListener, org.springframework.boot.test.autoconfigure.web.servlet.MockMvcPrintOnlyOnFailureTestExecutionListener, org.springframework.boot.test.autoconfigure.web.servlet.WebDriverTestExecutionListener, org.springframework.test.context.web.ServletTestExecutionListener, org.springframework.test.context.support.DirtiesContextBeforeModesTestExecutionListener, org.springframework.test.context.support.DependencyInjectionTestExecutionListener, org.springframework.test.context.support.DirtiesContextTestExecutionListener, org.springframework.test.context.transaction.TransactionalTestExecutionListener, org.springframework.test.context.jdbc.SqlScriptsTestExecutionListener]
2019-10-23 14:57:34.495  INFO 5627 --- [           main] .b.t.c.SpringBootTestContextBootstrapper : Using TestExecutionListeners: [org.springframework.test.context.web.ServletTestExecutionListener@6be2b567, org.springframework.test.context.support.DirtiesContextBeforeModesTestExecutionListener@169d1f92, org.springframework.boot.test.mock.mockito.MockitoTestExecutionListener@7fcbc336, org.springframework.boot.test.autoconfigure.SpringBootDependencyInjectionTestExecutionListener@1fe7fa16, org.springframework.test.context.support.DirtiesContextTestExecutionListener@61503d00, org.springframework.test.context.transaction.TransactionalTestExecutionListener@1fcfcf37, org.springframework.test.context.jdbc.SqlScriptsTestExecutionListener@3ebc6d8b, org.springframework.boot.test.mock.mockito.ResetMocksTestExecutionListener@1eab0700, org.springframework.boot.test.autoconfigure.restdocs.RestDocsTestExecutionListener@7e7391e8, org.springframework.boot.test.autoconfigure.web.client.MockRestServiceServerResetTestExecutionListener@1fa44f66, org.springframework.boot.test.autoconfigure.web.servlet.MockMvcPrintOnlyOnFailureTestExecutionListener@4229b92c, org.springframework.boot.test.autoconfigure.web.servlet.WebDriverTestExecutionListener@47c356e]
2019-10-23 14:57:34.501 DEBUG 5627 --- [           main] org.hibernate.SQL                        : 
    select
        user0_.userID as userID1_9_0_,
        user0_.givenName as givenNam2_9_0_,
        user0_.lastName as lastName3_9_0_,
        user0_.preferredName as preferre4_9_0_ 
    from
        User user0_ 
    where
        user0_.userID=?
Hibernate: 
    select
        user0_.userID as userID1_9_0_,
        user0_.givenName as givenNam2_9_0_,
        user0_.lastName as lastName3_9_0_,
        user0_.preferredName as preferre4_9_0_ 
    from
        User user0_ 
    where
        user0_.userID=?
2019-10-23 14:57:34.502 TRACE 5627 --- [           main] o.h.type.descriptor.sql.BasicBinder      : binding parameter [1] as [INTEGER] - [11]
]]></system-out>
  </testcase>
  <testcase name="testUnit on testUnit(com.regnquiz.model.UnitRepositoryTest)" classname="com.regnquiz.model.UnitRepositoryTest" time="0.011">
    <failure message="No value present" type="java.util.NoSuchElementException">java.util.NoSuchElementException: No value present
	at com.regnquiz.model.UnitRepositoryTest.testUnit(UnitRepositoryTest.java:36)
</failure>
    <system-out><![CDATA[2019-10-23 14:57:34.506  INFO 5627 --- [           main] .b.t.c.SpringBootTestContextBootstrapper : Neither @ContextConfiguration nor @ContextHierarchy found for test class [com.regnquiz.model.UnitRepositoryTest], using SpringBootContextLoader
2019-10-23 14:57:34.507  INFO 5627 --- [           main] o.s.t.c.support.AbstractContextLoader    : Could not detect default resource locations for test class [com.regnquiz.model.UnitRepositoryTest]: no resource found for suffixes {-context.xml, Context.groovy}.
2019-10-23 14:57:34.507  INFO 5627 --- [           main] t.c.s.AnnotationConfigContextLoaderUtils : Could not detect default configuration classes for test class [com.regnquiz.model.UnitRepositoryTest]: UnitRepositoryTest does not declare any static, non-private, non-final, nested classes annotated with @Configuration.
2019-10-23 14:57:34.508  INFO 5627 --- [           main] .b.t.c.SpringBootTestContextBootstrapper : Found @SpringBootConfiguration com.regnquiz.Application for test class com.regnquiz.model.UnitRepositoryTest
2019-10-23 14:57:34.509  INFO 5627 --- [           main] .b.t.c.SpringBootTestContextBootstrapper : Loaded default TestExecutionListener class names from location [META-INF/spring.factories]: [org.springframework.boot.test.mock.mockito.MockitoTestExecutionListener, org.springframework.boot.test.mock.mockito.ResetMocksTestExecutionListener, org.springframework.boot.test.autoconfigure.restdocs.RestDocsTestExecutionListener, org.springframework.boot.test.autoconfigure.web.client.MockRestServiceServerResetTestExecutionListener, org.springframework.boot.test.autoconfigure.web.servlet.MockMvcPrintOnlyOnFailureTestExecutionListener, org.springframework.boot.test.autoconfigure.web.servlet.WebDriverTestExecutionListener, org.springframework.test.context.web.ServletTestExecutionListener, org.springframework.test.context.support.DirtiesContextBeforeModesTestExecutionListener, org.springframework.test.context.support.DependencyInjectionTestExecutionListener, org.springframework.test.context.support.DirtiesContextTestExecutionListener, org.springframework.test.context.transaction.TransactionalTestExecutionListener, org.springframework.test.context.jdbc.SqlScriptsTestExecutionListener]
2019-10-23 14:57:34.509  INFO 5627 --- [           main] .b.t.c.SpringBootTestContextBootstrapper : Using TestExecutionListeners: [org.springframework.test.context.web.ServletTestExecutionListener@6054ac20, org.springframework.test.context.support.DirtiesContextBeforeModesTestExecutionListener@32a074ed, org.springframework.boot.test.mock.mockito.MockitoTestExecutionListener@673605ef, org.springframework.boot.test.autoconfigure.SpringBootDependencyInjectionTestExecutionListener@29eaf100, org.springframework.test.context.support.DirtiesContextTestExecutionListener@6c1a6db1, org.springframework.test.context.transaction.TransactionalTestExecutionListener@5dac6bc3, org.springframework.test.context.jdbc.SqlScriptsTestExecutionListener@a6204e4, org.springframework.boot.test.mock.mockito.ResetMocksTestExecutionListener@747e8659, org.springframework.boot.test.autoconfigure.restdocs.RestDocsTestExecutionListener@4b360a82, org.springframework.boot.test.autoconfigure.web.client.MockRestServiceServerResetTestExecutionListener@75fa9254, org.springframework.boot.test.autoconfigure.web.servlet.MockMvcPrintOnlyOnFailureTestExecutionListener@6f25ed2b, org.springframework.boot.test.autoconfigure.web.servlet.WebDriverTestExecutionListener@6f69e2d8]
2019-10-23 14:57:34.515 DEBUG 5627 --- [           main] org.hibernate.SQL                        : 
    select
        semester0_.semesterID as semester1_5_0_,
        semester0_.description as descript2_5_0_ 
    from
        Semester semester0_ 
    where
        semester0_.semesterID=?
Hibernate: 
    select
        semester0_.semesterID as semester1_5_0_,
        semester0_.description as descript2_5_0_ 
    from
        Semester semester0_ 
    where
        semester0_.semesterID=?
2019-10-23 14:57:34.515 TRACE 5627 --- [           main] o.h.type.descriptor.sql.BasicBinder      : binding parameter [1] as [INTEGER] - [1]
2019-10-23 14:57:34.516 TRACE 5627 --- [           main] o.h.type.descriptor.sql.BasicExtractor   : extracted value ([descript2_5_0_] : [VARCHAR]) - [S2]
2019-10-23 14:57:34.517 TRACE 5627 --- [           main] org.hibernate.type.CollectionType        : Created collection wrapper: [com.regnquiz.model.Semester.Unit#1]
2019-10-23 14:57:34.519 DEBUG 5627 --- [           main] org.hibernate.SQL                        : 
    select
        user0_.userID as userID1_9_0_,
        user0_.givenName as givenNam2_9_0_,
        user0_.lastName as lastName3_9_0_,
        user0_.preferredName as preferre4_9_0_ 
    from
        User user0_ 
    where
        user0_.userID=?
Hibernate: 
    select
        user0_.userID as userID1_9_0_,
        user0_.givenName as givenNam2_9_0_,
        user0_.lastName as lastName3_9_0_,
        user0_.preferredName as preferre4_9_0_ 
    from
        User user0_ 
    where
        user0_.userID=?
2019-10-23 14:57:34.520 TRACE 5627 --- [           main] o.h.type.descriptor.sql.BasicBinder      : binding parameter [1] as [INTEGER] - [11]
]]></system-out>
  </testcase>
  <testcase name="testMC on testMC(com.regnquiz.model.MultipleChoiceRepoTest)" classname="com.regnquiz.model.MultipleChoiceRepoTest" time="0.033">
    <failure message="Index: 0, Size: 0" type="java.lang.IndexOutOfBoundsException">java.lang.IndexOutOfBoundsException: Index: 0, Size: 0
	at com.regnquiz.model.MultipleChoiceRepoTest.testMC(MultipleChoiceRepoTest.java:41)
</failure>
    <system-out><![CDATA[2019-10-23 14:57:34.524  INFO 5627 --- [           main] .b.t.c.SpringBootTestContextBootstrapper : Neither @ContextConfiguration nor @ContextHierarchy found for test class [com.regnquiz.model.MultipleChoiceRepoTest], using SpringBootContextLoader
2019-10-23 14:57:34.524  INFO 5627 --- [           main] o.s.t.c.support.AbstractContextLoader    : Could not detect default resource locations for test class [com.regnquiz.model.MultipleChoiceRepoTest]: no resource found for suffixes {-context.xml, Context.groovy}.
2019-10-23 14:57:34.524  INFO 5627 --- [           main] t.c.s.AnnotationConfigContextLoaderUtils : Could not detect default configuration classes for test class [com.regnquiz.model.MultipleChoiceRepoTest]: MultipleChoiceRepoTest does not declare any static, non-private, non-final, nested classes annotated with @Configuration.
2019-10-23 14:57:34.525  INFO 5627 --- [           main] .b.t.c.SpringBootTestContextBootstrapper : Found @SpringBootConfiguration com.regnquiz.Application for test class com.regnquiz.model.MultipleChoiceRepoTest
2019-10-23 14:57:34.526  INFO 5627 --- [           main] .b.t.c.SpringBootTestContextBootstrapper : Loaded default TestExecutionListener class names from location [META-INF/spring.factories]: [org.springframework.boot.test.mock.mockito.MockitoTestExecutionListener, org.springframework.boot.test.mock.mockito.ResetMocksTestExecutionListener, org.springframework.boot.test.autoconfigure.restdocs.RestDocsTestExecutionListener, org.springframework.boot.test.autoconfigure.web.client.MockRestServiceServerResetTestExecutionListener, org.springframework.boot.test.autoconfigure.web.servlet.MockMvcPrintOnlyOnFailureTestExecutionListener, org.springframework.boot.test.autoconfigure.web.servlet.WebDriverTestExecutionListener, org.springframework.test.context.web.ServletTestExecutionListener, org.springframework.test.context.support.DirtiesContextBeforeModesTestExecutionListener, org.springframework.test.context.support.DependencyInjectionTestExecutionListener, org.springframework.test.context.support.DirtiesContextTestExecutionListener, org.springframework.test.context.transaction.TransactionalTestExecutionListener, org.springframework.test.context.jdbc.SqlScriptsTestExecutionListener]
2019-10-23 14:57:34.527  INFO 5627 --- [           main] .b.t.c.SpringBootTestContextBootstrapper : Using TestExecutionListeners: [org.springframework.test.context.web.ServletTestExecutionListener@525b9df4, org.springframework.test.context.support.DirtiesContextBeforeModesTestExecutionListener@52dd1be2, org.springframework.boot.test.mock.mockito.MockitoTestExecutionListener@36857d32, org.springframework.boot.test.autoconfigure.SpringBootDependencyInjectionTestExecutionListener@24520a51, org.springframework.test.context.support.DirtiesContextTestExecutionListener@2ae88712, org.springframework.test.context.transaction.TransactionalTestExecutionListener@10508ba6, org.springframework.test.context.jdbc.SqlScriptsTestExecutionListener@da11873, org.springframework.boot.test.mock.mockito.ResetMocksTestExecutionListener@39159b14, org.springframework.boot.test.autoconfigure.restdocs.RestDocsTestExecutionListener@57ab4b33, org.springframework.boot.test.autoconfigure.web.client.MockRestServiceServerResetTestExecutionListener@43b2e7db, org.springframework.boot.test.autoconfigure.web.servlet.MockMvcPrintOnlyOnFailureTestExecutionListener@46d51d5e, org.springframework.boot.test.autoconfigure.web.servlet.WebDriverTestExecutionListener@530df3ab]
2019-10-23 14:57:34.532 DEBUG 5627 --- [           main] org.hibernate.SQL                        : 
    select
        question0_.questionID as question1_4_0_,
        question0_.answerID as answerID2_4_0_,
        question0_.description as descript3_4_0_,
        question0_.time as time4_4_0_ 
    from
        Question question0_ 
    where
        question0_.questionID=?
Hibernate: 
    select
        question0_.questionID as question1_4_0_,
        question0_.answerID as answerID2_4_0_,
        question0_.description as descript3_4_0_,
        question0_.time as time4_4_0_ 
    from
        Question question0_ 
    where
        question0_.questionID=?
2019-10-23 14:57:34.532 TRACE 5627 --- [           main] o.h.type.descriptor.sql.BasicBinder      : binding parameter [1] as [INTEGER] - [1]
2019-10-23 14:57:34.533 TRACE 5627 --- [           main] o.h.type.descriptor.sql.BasicExtractor   : extracted value ([answerID2_4_0_] : [INTEGER]) - [4]
2019-10-23 14:57:34.533 TRACE 5627 --- [           main] o.h.type.descriptor.sql.BasicExtractor   : extracted value ([descript3_4_0_] : [VARCHAR]) - [How old was George?]
2019-10-23 14:57:34.533 TRACE 5627 --- [           main] o.h.type.descriptor.sql.BasicExtractor   : extracted value ([time4_4_0_] : [INTEGER]) - [120]
2019-10-23 14:57:34.533 TRACE 5627 --- [           main] org.hibernate.type.CollectionType        : Created collection wrapper: [com.regnquiz.model.Question.bookingQuestion#1]
2019-10-23 14:57:34.533 TRACE 5627 --- [           main] org.hibernate.type.CollectionType        : Created collection wrapper: [com.regnquiz.model.Question.multipleChoice#1]
2019-10-23 14:57:34.560 DEBUG 5627 --- [           main] org.hibernate.SQL                        : 
    /* select
        generatedAlias0 
    from
        StudentAnswer as generatedAlias0 
    left join
        generatedAlias0.student as generatedAlias1 
    where
        generatedAlias1.userID=:param0 */ select
            studentans0_.answerID as answerID1_6_,
            studentans0_.userID as userID2_6_,
            studentans0_.AnswerID as AnswerID1_6_,
            studentans0_.UserID as UserID2_6_ 
        from
            StudentAnswer studentans0_ 
        left outer join
            User user1_ 
                on studentans0_.UserID=user1_.userID 
        where
            user1_.userID=?
Hibernate: 
    /* select
        generatedAlias0 
    from
        StudentAnswer as generatedAlias0 
    left join
        generatedAlias0.student as generatedAlias1 
    where
        generatedAlias1.userID=:param0 */ select
            studentans0_.answerID as answerID1_6_,
            studentans0_.userID as userID2_6_,
            studentans0_.AnswerID as AnswerID1_6_,
            studentans0_.UserID as UserID2_6_ 
        from
            StudentAnswer studentans0_ 
        left outer join
            User user1_ 
                on studentans0_.UserID=user1_.userID 
        where
            user1_.userID=?
2019-10-23 14:57:34.561 TRACE 5627 --- [           main] o.h.type.descriptor.sql.BasicBinder      : binding parameter [1] as [INTEGER] - [11]
]]></system-out>
  </testcase>
  <testcase name="TestBooking on TestBooking(com.regnquiz.model.BookingImportTest)" classname="com.regnquiz.model.BookingImportTest" time="0.002"/>
  <testcase name="RunLectureAdmin on RunLectureAdmin(com.regnquiz.model.LectureAdminTest)" classname="com.regnquiz.model.LectureAdminTest" time="0.027"/>
  <testcase name="TestQuestion on TestQuestion(com.regnquiz.model.QuestionRepoTest)" classname="com.regnquiz.model.QuestionRepoTest" time="0.052"/>
  <testcase name="TestStudent on TestStudent(com.regnquiz.model.StudentImportTest)" classname="com.regnquiz.model.StudentImportTest" time="0.018"/>
  <testcase name="TestBooking on TestBooking(com.regnquiz.model.BookingRepositoryTest)" classname="com.regnquiz.model.BookingRepositoryTest" time="0.215"/>
  <testcase name="TestQuestion on TestQuestion(com.regnquiz.model.BookingQuestionRepositoryTest)" classname="com.regnquiz.model.BookingQuestionRepositoryTest" time="0.072"/>
  <testcase name="testSem on testSem(com.regnquiz.model.SemesterRepoTest)" classname="com.regnquiz.model.SemesterRepoTest" time="0.034"/>
  <testcase name="TestClassReturn on TestClassReturn(com.regnquiz.model.ClassListRepositoryTest)" classname="com.regnquiz.model.ClassListRepositoryTest" time="0.006">
    <failure message="No value present" type="java.util.NoSuchElementException">java.util.NoSuchElementException: No value present
	at com.regnquiz.model.ClassListRepositoryTest.TestClassReturn(ClassListRepositoryTest.java:37)
</failure>
    <system-out><![CDATA[2019-10-23 14:57:35.028  INFO 5627 --- [           main] .b.t.c.SpringBootTestContextBootstrapper : Neither @ContextConfiguration nor @ContextHierarchy found for test class [com.regnquiz.model.ClassListRepositoryTest], using SpringBootContextLoader
2019-10-23 14:57:35.028  INFO 5627 --- [           main] o.s.t.c.support.AbstractContextLoader    : Could not detect default resource locations for test class [com.regnquiz.model.ClassListRepositoryTest]: no resource found for suffixes {-context.xml, Context.groovy}.
2019-10-23 14:57:35.028  INFO 5627 --- [           main] t.c.s.AnnotationConfigContextLoaderUtils : Could not detect default configuration classes for test class [com.regnquiz.model.ClassListRepositoryTest]: ClassListRepositoryTest does not declare any static, non-private, non-final, nested classes annotated with @Configuration.
2019-10-23 14:57:35.030  INFO 5627 --- [           main] .b.t.c.SpringBootTestContextBootstrapper : Found @SpringBootConfiguration com.regnquiz.Application for test class com.regnquiz.model.ClassListRepositoryTest
2019-10-23 14:57:35.031  INFO 5627 --- [           main] .b.t.c.SpringBootTestContextBootstrapper : Loaded default TestExecutionListener class names from location [META-INF/spring.factories]: [org.springframework.boot.test.mock.mockito.MockitoTestExecutionListener, org.springframework.boot.test.mock.mockito.ResetMocksTestExecutionListener, org.springframework.boot.test.autoconfigure.restdocs.RestDocsTestExecutionListener, org.springframework.boot.test.autoconfigure.web.client.MockRestServiceServerResetTestExecutionListener, org.springframework.boot.test.autoconfigure.web.servlet.MockMvcPrintOnlyOnFailureTestExecutionListener, org.springframework.boot.test.autoconfigure.web.servlet.WebDriverTestExecutionListener, org.springframework.test.context.web.ServletTestExecutionListener, org.springframework.test.context.support.DirtiesContextBeforeModesTestExecutionListener, org.springframework.test.context.support.DependencyInjectionTestExecutionListener, org.springframework.test.context.support.DirtiesContextTestExecutionListener, org.springframework.test.context.transaction.TransactionalTestExecutionListener, org.springframework.test.context.jdbc.SqlScriptsTestExecutionListener]
2019-10-23 14:57:35.032  INFO 5627 --- [           main] .b.t.c.SpringBootTestContextBootstrapper : Using TestExecutionListeners: [org.springframework.test.context.web.ServletTestExecutionListener@7304ca87, org.springframework.test.context.support.DirtiesContextBeforeModesTestExecutionListener@7c07023, org.springframework.boot.test.mock.mockito.MockitoTestExecutionListener@13ae87a6, org.springframework.boot.test.autoconfigure.SpringBootDependencyInjectionTestExecutionListener@774189d0, org.springframework.test.context.support.DirtiesContextTestExecutionListener@22c4354d, org.springframework.test.context.transaction.TransactionalTestExecutionListener@2681185e, org.springframework.test.context.jdbc.SqlScriptsTestExecutionListener@41f5389f, org.springframework.boot.test.mock.mockito.ResetMocksTestExecutionListener@3a012678, org.springframework.boot.test.autoconfigure.restdocs.RestDocsTestExecutionListener@396c1228, org.springframework.boot.test.autoconfigure.web.client.MockRestServiceServerResetTestExecutionListener@1701beb3, org.springframework.boot.test.autoconfigure.web.servlet.MockMvcPrintOnlyOnFailureTestExecutionListener@7f584d0c, org.springframework.boot.test.autoconfigure.web.servlet.WebDriverTestExecutionListener@4c599679]
2019-10-23 14:57:35.037 DEBUG 5627 --- [           main] org.hibernate.SQL                        : 
    select
        user0_.userID as userID1_9_0_,
        user0_.givenName as givenNam2_9_0_,
        user0_.lastName as lastName3_9_0_,
        user0_.preferredName as preferre4_9_0_ 
    from
        User user0_ 
    where
        user0_.userID=?
Hibernate: 
    select
        user0_.userID as userID1_9_0_,
        user0_.givenName as givenNam2_9_0_,
        user0_.lastName as lastName3_9_0_,
        user0_.preferredName as preferre4_9_0_ 
    from
        User user0_ 
    where
        user0_.userID=?
2019-10-23 14:57:35.037 TRACE 5627 --- [           main] o.h.type.descriptor.sql.BasicBinder      : binding parameter [1] as [INTEGER] - [11]
]]></system-out>
  </testcase>
  <testcase name="TestUnit on TestUnit(com.regnquiz.model.UnitImportTest)" classname="com.regnquiz.model.UnitImportTest" time="0.007"/>
  <testcase name="TestVenue on TestVenue(com.regnquiz.model.VenueImportTest)" classname="com.regnquiz.model.VenueImportTest" time="0.023"/>
  <testcase name="Start on Start(com.regnquiz.model.LectureRunTest)" classname="com.regnquiz.model.LectureRunTest" time="0.059"/>
  <testcase name="InsertData on InsertData(com.regnquiz.model.UserRepositoryTest)" classname="com.regnquiz.model.UserRepositoryTest" time="0.121">
    <failure message="No value present" type="java.util.NoSuchElementException">java.util.NoSuchElementException: No value present
	at com.regnquiz.model.UserRepositoryTest.InsertData(UserRepositoryTest.java:135)
</failure>
    <system-out><![CDATA[2019-10-23 14:57:35.152  INFO 5627 --- [           main] .b.t.c.SpringBootTestContextBootstrapper : Neither @ContextConfiguration nor @ContextHierarchy found for test class [com.regnquiz.model.UserRepositoryTest], using SpringBootContextLoader
2019-10-23 14:57:35.152  INFO 5627 --- [           main] o.s.t.c.support.AbstractContextLoader    : Could not detect default resource locations for test class [com.regnquiz.model.UserRepositoryTest]: no resource found for suffixes {-context.xml, Context.groovy}.
2019-10-23 14:57:35.152  INFO 5627 --- [           main] t.c.s.AnnotationConfigContextLoaderUtils : Could not detect default configuration classes for test class [com.regnquiz.model.UserRepositoryTest]: UserRepositoryTest does not declare any static, non-private, non-final, nested classes annotated with @Configuration.
2019-10-23 14:57:35.154  INFO 5627 --- [           main] .b.t.c.SpringBootTestContextBootstrapper : Found @SpringBootConfiguration com.regnquiz.Application for test class com.regnquiz.model.UserRepositoryTest
2019-10-23 14:57:35.155  INFO 5627 --- [           main] .b.t.c.SpringBootTestContextBootstrapper : Loaded default TestExecutionListener class names from location [META-INF/spring.factories]: [org.springframework.boot.test.mock.mockito.MockitoTestExecutionListener, org.springframework.boot.test.mock.mockito.ResetMocksTestExecutionListener, org.springframework.boot.test.autoconfigure.restdocs.RestDocsTestExecutionListener, org.springframework.boot.test.autoconfigure.web.client.MockRestServiceServerResetTestExecutionListener, org.springframework.boot.test.autoconfigure.web.servlet.MockMvcPrintOnlyOnFailureTestExecutionListener, org.springframework.boot.test.autoconfigure.web.servlet.WebDriverTestExecutionListener, org.springframework.test.context.web.ServletTestExecutionListener, org.springframework.test.context.support.DirtiesContextBeforeModesTestExecutionListener, org.springframework.test.context.support.DependencyInjectionTestExecutionListener, org.springframework.test.context.support.DirtiesContextTestExecutionListener, org.springframework.test.context.transaction.TransactionalTestExecutionListener, org.springframework.test.context.jdbc.SqlScriptsTestExecutionListener]
2019-10-23 14:57:35.155  INFO 5627 --- [           main] .b.t.c.SpringBootTestContextBootstrapper : Using TestExecutionListeners: [org.springframework.test.context.web.ServletTestExecutionListener@2a5ed225, org.springframework.test.context.support.DirtiesContextBeforeModesTestExecutionListener@2a525f88, org.springframework.boot.test.mock.mockito.MockitoTestExecutionListener@1cf4d454, org.springframework.boot.test.autoconfigure.SpringBootDependencyInjectionTestExecutionListener@3ff3275b, org.springframework.test.context.support.DirtiesContextTestExecutionListener@63e0057a, org.springframework.test.context.transaction.TransactionalTestExecutionListener@5b76b891, org.springframework.test.context.jdbc.SqlScriptsTestExecutionListener@611a91df, org.springframework.boot.test.mock.mockito.ResetMocksTestExecutionListener@47f5ab58, org.springframework.boot.test.autoconfigure.restdocs.RestDocsTestExecutionListener@245dbd09, org.springframework.boot.test.autoconfigure.web.client.MockRestServiceServerResetTestExecutionListener@4a013b23, org.springframework.boot.test.autoconfigure.web.servlet.MockMvcPrintOnlyOnFailureTestExecutionListener@7f20dfd5, org.springframework.boot.test.autoconfigure.web.servlet.WebDriverTestExecutionListener@15651402]
2019-10-23 14:57:35.159 DEBUG 5627 --- [           main] org.hibernate.SQL                        : 
    select
        type0_.typeID as typeID1_7_0_,
        type0_.description as descript2_7_0_ 
    from
        Type type0_ 
    where
        type0_.typeID=?
Hibernate: 
    select
        type0_.typeID as typeID1_7_0_,
        type0_.description as descript2_7_0_ 
    from
        Type type0_ 
    where
        type0_.typeID=?
2019-10-23 14:57:35.160 TRACE 5627 --- [           main] o.h.type.descriptor.sql.BasicBinder      : binding parameter [1] as [INTEGER] - [3]
2019-10-23 14:57:35.160 TRACE 5627 --- [           main] o.h.type.descriptor.sql.BasicExtractor   : extracted value ([descript2_7_0_] : [VARCHAR]) - [Student]
2019-10-23 14:57:35.160 TRACE 5627 --- [           main] org.hibernate.type.CollectionType        : Created collection wrapper: [com.regnquiz.model.Type.userType#3]
2019-10-23 14:57:35.162 DEBUG 5627 --- [           main] org.hibernate.SQL                        : 
    select
        type0_.typeID as typeID1_7_0_,
        type0_.description as descript2_7_0_ 
    from
        Type type0_ 
    where
        type0_.typeID=?
Hibernate: 
    select
        type0_.typeID as typeID1_7_0_,
        type0_.description as descript2_7_0_ 
    from
        Type type0_ 
    where
        type0_.typeID=?
2019-10-23 14:57:35.162 TRACE 5627 --- [           main] o.h.type.descriptor.sql.BasicBinder      : binding parameter [1] as [INTEGER] - [2]
2019-10-23 14:57:35.163 TRACE 5627 --- [           main] o.h.type.descriptor.sql.BasicExtractor   : extracted value ([descript2_7_0_] : [VARCHAR]) - [Staff]
2019-10-23 14:57:35.163 TRACE 5627 --- [           main] org.hibernate.type.CollectionType        : Created collection wrapper: [com.regnquiz.model.Type.userType#2]
2019-10-23 14:57:35.165 DEBUG 5627 --- [           main] org.hibernate.SQL                        : 
    select
        type0_.typeID as typeID1_7_0_,
        type0_.description as descript2_7_0_ 
    from
        Type type0_ 
    where
        type0_.typeID=?
Hibernate: 
    select
        type0_.typeID as typeID1_7_0_,
        type0_.description as descript2_7_0_ 
    from
        Type type0_ 
    where
        type0_.typeID=?
2019-10-23 14:57:35.166 TRACE 5627 --- [           main] o.h.type.descriptor.sql.BasicBinder      : binding parameter [1] as [INTEGER] - [1]
2019-10-23 14:57:35.166 TRACE 5627 --- [           main] o.h.type.descriptor.sql.BasicExtractor   : extracted value ([descript2_7_0_] : [VARCHAR]) - [Admin]
2019-10-23 14:57:35.166 TRACE 5627 --- [           main] org.hibernate.type.CollectionType        : Created collection wrapper: [com.regnquiz.model.Type.userType#1]
2019-10-23 14:57:35.168 DEBUG 5627 --- [           main] org.hibernate.SQL                        : 
    /* load com.regnquiz.model.User */ select
        user0_.userID as userID1_9_0_,
        user0_.givenName as givenNam2_9_0_,
        user0_.lastName as lastName3_9_0_,
        user0_.preferredName as preferre4_9_0_ 
    from
        User user0_ 
    where
        user0_.userID=?
Hibernate: 
    /* load com.regnquiz.model.User */ select
        user0_.userID as userID1_9_0_,
        user0_.givenName as givenNam2_9_0_,
        user0_.lastName as lastName3_9_0_,
        user0_.preferredName as preferre4_9_0_ 
    from
        User user0_ 
    where
        user0_.userID=?
2019-10-23 14:57:35.168 TRACE 5627 --- [           main] o.h.type.descriptor.sql.BasicBinder      : binding parameter [1] as [INTEGER] - [1]
2019-10-23 14:57:35.169 TRACE 5627 --- [           main] o.h.type.descriptor.sql.BasicExtractor   : extracted value ([givenNam2_9_0_] : [VARCHAR]) - [Super]
2019-10-23 14:57:35.169 TRACE 5627 --- [           main] o.h.type.descriptor.sql.BasicExtractor   : extracted value ([lastName3_9_0_] : [VARCHAR]) - [User]
2019-10-23 14:57:35.169 TRACE 5627 --- [           main] o.h.type.descriptor.sql.BasicExtractor   : extracted value ([preferre4_9_0_] : [VARCHAR]) - [null]
2019-10-23 14:57:35.169 TRACE 5627 --- [           main] org.hibernate.type.CollectionType        : Created collection wrapper: [com.regnquiz.model.User.bookings#1]
2019-10-23 14:57:35.169 TRACE 5627 --- [           main] org.hibernate.type.CollectionType        : Created collection wrapper: [com.regnquiz.model.User.classList#1]
2019-10-23 14:57:35.169 TRACE 5627 --- [           main] org.hibernate.type.CollectionType        : Created collection wrapper: [com.regnquiz.model.User.studentAnswer#1]
2019-10-23 14:57:35.169 TRACE 5627 --- [           main] org.hibernate.type.CollectionType        : Created collection wrapper: [com.regnquiz.model.User.units#1]
2019-10-23 14:57:35.169 TRACE 5627 --- [           main] org.hibernate.type.CollectionType        : Created collection wrapper: [com.regnquiz.model.User.userType#1]
2019-10-23 14:57:35.172 DEBUG 5627 --- [           main] org.hibernate.SQL                        : 
    /* load com.regnquiz.model.UserType */ select
        usertype0_.TypeID as TypeID1_10_2_,
        usertype0_.UserID as UserID2_10_2_,
        usertype0_.password as password3_10_2_,
        type1_.typeID as typeID1_7_0_,
        type1_.description as descript2_7_0_,
        user2_.userID as userID1_9_1_,
        user2_.givenName as givenNam2_9_1_,
        user2_.lastName as lastName3_9_1_,
        user2_.preferredName as preferre4_9_1_ 
    from
        UserType usertype0_ 
    inner join
        Type type1_ 
            on usertype0_.TypeID=type1_.typeID 
    inner join
        User user2_ 
            on usertype0_.UserID=user2_.userID 
    where
        usertype0_.TypeID=? 
        and usertype0_.UserID=?
Hibernate: 
    /* load com.regnquiz.model.UserType */ select
        usertype0_.TypeID as TypeID1_10_2_,
        usertype0_.UserID as UserID2_10_2_,
        usertype0_.password as password3_10_2_,
        type1_.typeID as typeID1_7_0_,
        type1_.description as descript2_7_0_,
        user2_.userID as userID1_9_1_,
        user2_.givenName as givenNam2_9_1_,
        user2_.lastName as lastName3_9_1_,
        user2_.preferredName as preferre4_9_1_ 
    from
        UserType usertype0_ 
    inner join
        Type type1_ 
            on usertype0_.TypeID=type1_.typeID 
    inner join
        User user2_ 
            on usertype0_.UserID=user2_.userID 
    where
        usertype0_.TypeID=? 
        and usertype0_.UserID=?
2019-10-23 14:57:35.172 TRACE 5627 --- [           main] o.h.type.descriptor.sql.BasicBinder      : binding parameter [1] as [INTEGER] - [1]
2019-10-23 14:57:35.172 TRACE 5627 --- [           main] o.h.type.descriptor.sql.BasicBinder      : binding parameter [2] as [INTEGER] - [1]
2019-10-23 14:57:35.173 TRACE 5627 --- [           main] o.h.type.descriptor.sql.BasicExtractor   : extracted value ([typeID1_7_0_] : [INTEGER]) - [1]
2019-10-23 14:57:35.173 TRACE 5627 --- [           main] o.h.type.descriptor.sql.BasicExtractor   : extracted value ([userID1_9_1_] : [INTEGER]) - [1]
2019-10-23 14:57:35.173 TRACE 5627 --- [           main] o.h.type.descriptor.sql.BasicExtractor   : extracted value ([descript2_7_0_] : [VARCHAR]) - [Admin]
2019-10-23 14:57:35.173 TRACE 5627 --- [           main] o.h.type.descriptor.sql.BasicExtractor   : extracted value ([givenNam2_9_1_] : [VARCHAR]) - [Super]
2019-10-23 14:57:35.173 TRACE 5627 --- [           main] o.h.type.descriptor.sql.BasicExtractor   : extracted value ([lastName3_9_1_] : [VARCHAR]) - [User]
2019-10-23 14:57:35.173 TRACE 5627 --- [           main] o.h.type.descriptor.sql.BasicExtractor   : extracted value ([preferre4_9_1_] : [VARCHAR]) - [null]
2019-10-23 14:57:35.173 TRACE 5627 --- [           main] o.h.type.descriptor.sql.BasicExtractor   : extracted value ([password3_10_2_] : [VARCHAR]) - [ict302]
2019-10-23 14:57:35.173 TRACE 5627 --- [           main] o.h.type.descriptor.sql.BasicExtractor   : extracted value ([TypeID1_10_2_] : [INTEGER]) - [1]
2019-10-23 14:57:35.173 TRACE 5627 --- [           main] o.h.type.descriptor.sql.BasicExtractor   : extracted value ([UserID2_10_2_] : [INTEGER]) - [1]
2019-10-23 14:57:35.173 TRACE 5627 --- [           main] org.hibernate.type.CollectionType        : Created collection wrapper: [com.regnquiz.model.Type.userType#1]
2019-10-23 14:57:35.173 TRACE 5627 --- [           main] org.hibernate.type.CollectionType        : Created collection wrapper: [com.regnquiz.model.User.bookings#1]
2019-10-23 14:57:35.173 TRACE 5627 --- [           main] org.hibernate.type.CollectionType        : Created collection wrapper: [com.regnquiz.model.User.classList#1]
2019-10-23 14:57:35.173 TRACE 5627 --- [           main] org.hibernate.type.CollectionType        : Created collection wrapper: [com.regnquiz.model.User.studentAnswer#1]
2019-10-23 14:57:35.173 TRACE 5627 --- [           main] org.hibernate.type.CollectionType        : Created collection wrapper: [com.regnquiz.model.User.units#1]
2019-10-23 14:57:35.173 TRACE 5627 --- [           main] org.hibernate.type.CollectionType        : Created collection wrapper: [com.regnquiz.model.User.userType#1]
User ID: 1
Given Name: Super
Last Name: User
Preferred Name: null


2019-10-23 14:57:35.176 DEBUG 5627 --- [           main] org.hibernate.SQL                        : 
    /* load com.regnquiz.model.User */ select
        user0_.userID as userID1_9_0_,
        user0_.givenName as givenNam2_9_0_,
        user0_.lastName as lastName3_9_0_,
        user0_.preferredName as preferre4_9_0_ 
    from
        User user0_ 
    where
        user0_.userID=?
Hibernate: 
    /* load com.regnquiz.model.User */ select
        user0_.userID as userID1_9_0_,
        user0_.givenName as givenNam2_9_0_,
        user0_.lastName as lastName3_9_0_,
        user0_.preferredName as preferre4_9_0_ 
    from
        User user0_ 
    where
        user0_.userID=?
2019-10-23 14:57:35.176 TRACE 5627 --- [           main] o.h.type.descriptor.sql.BasicBinder      : binding parameter [1] as [INTEGER] - [10001000]
2019-10-23 14:57:35.177 TRACE 5627 --- [           main] o.h.type.descriptor.sql.BasicExtractor   : extracted value ([givenNam2_9_0_] : [VARCHAR]) - [John]
2019-10-23 14:57:35.177 TRACE 5627 --- [           main] o.h.type.descriptor.sql.BasicExtractor   : extracted value ([lastName3_9_0_] : [VARCHAR]) - [Anderson]
2019-10-23 14:57:35.177 TRACE 5627 --- [           main] o.h.type.descriptor.sql.BasicExtractor   : extracted value ([preferre4_9_0_] : [VARCHAR]) - [AJ]
2019-10-23 14:57:35.177 TRACE 5627 --- [           main] org.hibernate.type.CollectionType        : Created collection wrapper: [com.regnquiz.model.User.bookings#10001000]
2019-10-23 14:57:35.177 TRACE 5627 --- [           main] org.hibernate.type.CollectionType        : Created collection wrapper: [com.regnquiz.model.User.classList#10001000]
2019-10-23 14:57:35.177 TRACE 5627 --- [           main] org.hibernate.type.CollectionType        : Created collection wrapper: [com.regnquiz.model.User.studentAnswer#10001000]
2019-10-23 14:57:35.177 TRACE 5627 --- [           main] org.hibernate.type.CollectionType        : Created collection wrapper: [com.regnquiz.model.User.units#10001000]
2019-10-23 14:57:35.177 TRACE 5627 --- [           main] org.hibernate.type.CollectionType        : Created collection wrapper: [com.regnquiz.model.User.userType#10001000]
2019-10-23 14:57:35.179 DEBUG 5627 --- [           main] org.hibernate.SQL                        : 
    /* load com.regnquiz.model.UserType */ select
        usertype0_.TypeID as TypeID1_10_2_,
        usertype0_.UserID as UserID2_10_2_,
        usertype0_.password as password3_10_2_,
        type1_.typeID as typeID1_7_0_,
        type1_.description as descript2_7_0_,
        user2_.userID as userID1_9_1_,
        user2_.givenName as givenNam2_9_1_,
        user2_.lastName as lastName3_9_1_,
        user2_.preferredName as preferre4_9_1_ 
    from
        UserType usertype0_ 
    inner join
        Type type1_ 
            on usertype0_.TypeID=type1_.typeID 
    inner join
        User user2_ 
            on usertype0_.UserID=user2_.userID 
    where
        usertype0_.TypeID=? 
        and usertype0_.UserID=?
Hibernate: 
    /* load com.regnquiz.model.UserType */ select
        usertype0_.TypeID as TypeID1_10_2_,
        usertype0_.UserID as UserID2_10_2_,
        usertype0_.password as password3_10_2_,
        type1_.typeID as typeID1_7_0_,
        type1_.description as descript2_7_0_,
        user2_.userID as userID1_9_1_,
        user2_.givenName as givenNam2_9_1_,
        user2_.lastName as lastName3_9_1_,
        user2_.preferredName as preferre4_9_1_ 
    from
        UserType usertype0_ 
    inner join
        Type type1_ 
            on usertype0_.TypeID=type1_.typeID 
    inner join
        User user2_ 
            on usertype0_.UserID=user2_.userID 
    where
        usertype0_.TypeID=? 
        and usertype0_.UserID=?
2019-10-23 14:57:35.179 TRACE 5627 --- [           main] o.h.type.descriptor.sql.BasicBinder      : binding parameter [1] as [INTEGER] - [1]
2019-10-23 14:57:35.180 TRACE 5627 --- [           main] o.h.type.descriptor.sql.BasicBinder      : binding parameter [2] as [INTEGER] - [10001000]
2019-10-23 14:57:35.180 TRACE 5627 --- [           main] o.h.type.descriptor.sql.BasicExtractor   : extracted value ([typeID1_7_0_] : [INTEGER]) - [1]
2019-10-23 14:57:35.180 TRACE 5627 --- [           main] o.h.type.descriptor.sql.BasicExtractor   : extracted value ([userID1_9_1_] : [INTEGER]) - [10001000]
2019-10-23 14:57:35.180 TRACE 5627 --- [           main] o.h.type.descriptor.sql.BasicExtractor   : extracted value ([descript2_7_0_] : [VARCHAR]) - [Admin]
2019-10-23 14:57:35.180 TRACE 5627 --- [           main] o.h.type.descriptor.sql.BasicExtractor   : extracted value ([givenNam2_9_1_] : [VARCHAR]) - [John]
2019-10-23 14:57:35.180 TRACE 5627 --- [           main] o.h.type.descriptor.sql.BasicExtractor   : extracted value ([lastName3_9_1_] : [VARCHAR]) - [Anderson]
2019-10-23 14:57:35.181 TRACE 5627 --- [           main] o.h.type.descriptor.sql.BasicExtractor   : extracted value ([preferre4_9_1_] : [VARCHAR]) - [AJ]
2019-10-23 14:57:35.181 TRACE 5627 --- [           main] o.h.type.descriptor.sql.BasicExtractor   : extracted value ([password3_10_2_] : [VARCHAR]) - [ict302]
2019-10-23 14:57:35.181 TRACE 5627 --- [           main] o.h.type.descriptor.sql.BasicExtractor   : extracted value ([TypeID1_10_2_] : [INTEGER]) - [1]
2019-10-23 14:57:35.181 TRACE 5627 --- [           main] o.h.type.descriptor.sql.BasicExtractor   : extracted value ([UserID2_10_2_] : [INTEGER]) - [10001000]
2019-10-23 14:57:35.181 TRACE 5627 --- [           main] org.hibernate.type.CollectionType        : Created collection wrapper: [com.regnquiz.model.Type.userType#1]
2019-10-23 14:57:35.181 TRACE 5627 --- [           main] org.hibernate.type.CollectionType        : Created collection wrapper: [com.regnquiz.model.User.bookings#10001000]
2019-10-23 14:57:35.181 TRACE 5627 --- [           main] org.hibernate.type.CollectionType        : Created collection wrapper: [com.regnquiz.model.User.classList#10001000]
2019-10-23 14:57:35.181 TRACE 5627 --- [           main] org.hibernate.type.CollectionType        : Created collection wrapper: [com.regnquiz.model.User.studentAnswer#10001000]
2019-10-23 14:57:35.181 TRACE 5627 --- [           main] org.hibernate.type.CollectionType        : Created collection wrapper: [com.regnquiz.model.User.units#10001000]
2019-10-23 14:57:35.181 TRACE 5627 --- [           main] org.hibernate.type.CollectionType        : Created collection wrapper: [com.regnquiz.model.User.userType#10001000]
User ID: 10001000
Given Name: John
Last Name: Anderson
Preferred Name: AJ


2019-10-23 14:57:35.184 DEBUG 5627 --- [           main] org.hibernate.SQL                        : 
    /* load com.regnquiz.model.User */ select
        user0_.userID as userID1_9_0_,
        user0_.givenName as givenNam2_9_0_,
        user0_.lastName as lastName3_9_0_,
        user0_.preferredName as preferre4_9_0_ 
    from
        User user0_ 
    where
        user0_.userID=?
Hibernate: 
    /* load com.regnquiz.model.User */ select
        user0_.userID as userID1_9_0_,
        user0_.givenName as givenNam2_9_0_,
        user0_.lastName as lastName3_9_0_,
        user0_.preferredName as preferre4_9_0_ 
    from
        User user0_ 
    where
        user0_.userID=?
2019-10-23 14:57:35.184 TRACE 5627 --- [           main] o.h.type.descriptor.sql.BasicBinder      : binding parameter [1] as [INTEGER] - [22222222]
2019-10-23 14:57:35.185 TRACE 5627 --- [           main] o.h.type.descriptor.sql.BasicExtractor   : extracted value ([givenNam2_9_0_] : [VARCHAR]) - [Jack]
2019-10-23 14:57:35.185 TRACE 5627 --- [           main] o.h.type.descriptor.sql.BasicExtractor   : extracted value ([lastName3_9_0_] : [VARCHAR]) - [Smith]
2019-10-23 14:57:35.185 TRACE 5627 --- [           main] o.h.type.descriptor.sql.BasicExtractor   : extracted value ([preferre4_9_0_] : [VARCHAR]) - [Jack]
2019-10-23 14:57:35.185 TRACE 5627 --- [           main] org.hibernate.type.CollectionType        : Created collection wrapper: [com.regnquiz.model.User.bookings#22222222]
2019-10-23 14:57:35.185 TRACE 5627 --- [           main] org.hibernate.type.CollectionType        : Created collection wrapper: [com.regnquiz.model.User.classList#22222222]
2019-10-23 14:57:35.185 TRACE 5627 --- [           main] org.hibernate.type.CollectionType        : Created collection wrapper: [com.regnquiz.model.User.studentAnswer#22222222]
2019-10-23 14:57:35.185 TRACE 5627 --- [           main] org.hibernate.type.CollectionType        : Created collection wrapper: [com.regnquiz.model.User.units#22222222]
2019-10-23 14:57:35.185 TRACE 5627 --- [           main] org.hibernate.type.CollectionType        : Created collection wrapper: [com.regnquiz.model.User.userType#22222222]
2019-10-23 14:57:35.187 DEBUG 5627 --- [           main] org.hibernate.SQL                        : 
    /* load com.regnquiz.model.UserType */ select
        usertype0_.TypeID as TypeID1_10_2_,
        usertype0_.UserID as UserID2_10_2_,
        usertype0_.password as password3_10_2_,
        type1_.typeID as typeID1_7_0_,
        type1_.description as descript2_7_0_,
        user2_.userID as userID1_9_1_,
        user2_.givenName as givenNam2_9_1_,
        user2_.lastName as lastName3_9_1_,
        user2_.preferredName as preferre4_9_1_ 
    from
        UserType usertype0_ 
    inner join
        Type type1_ 
            on usertype0_.TypeID=type1_.typeID 
    inner join
        User user2_ 
            on usertype0_.UserID=user2_.userID 
    where
        usertype0_.TypeID=? 
        and usertype0_.UserID=?
Hibernate: 
    /* load com.regnquiz.model.UserType */ select
        usertype0_.TypeID as TypeID1_10_2_,
        usertype0_.UserID as UserID2_10_2_,
        usertype0_.password as password3_10_2_,
        type1_.typeID as typeID1_7_0_,
        type1_.description as descript2_7_0_,
        user2_.userID as userID1_9_1_,
        user2_.givenName as givenNam2_9_1_,
        user2_.lastName as lastName3_9_1_,
        user2_.preferredName as preferre4_9_1_ 
    from
        UserType usertype0_ 
    inner join
        Type type1_ 
            on usertype0_.TypeID=type1_.typeID 
    inner join
        User user2_ 
            on usertype0_.UserID=user2_.userID 
    where
        usertype0_.TypeID=? 
        and usertype0_.UserID=?
2019-10-23 14:57:35.187 TRACE 5627 --- [           main] o.h.type.descriptor.sql.BasicBinder      : binding parameter [1] as [INTEGER] - [2]
2019-10-23 14:57:35.187 TRACE 5627 --- [           main] o.h.type.descriptor.sql.BasicBinder      : binding parameter [2] as [INTEGER] - [22222222]
2019-10-23 14:57:35.188 TRACE 5627 --- [           main] o.h.type.descriptor.sql.BasicExtractor   : extracted value ([typeID1_7_0_] : [INTEGER]) - [2]
2019-10-23 14:57:35.188 TRACE 5627 --- [           main] o.h.type.descriptor.sql.BasicExtractor   : extracted value ([userID1_9_1_] : [INTEGER]) - [22222222]
2019-10-23 14:57:35.188 TRACE 5627 --- [           main] o.h.type.descriptor.sql.BasicExtractor   : extracted value ([descript2_7_0_] : [VARCHAR]) - [Staff]
2019-10-23 14:57:35.188 TRACE 5627 --- [           main] o.h.type.descriptor.sql.BasicExtractor   : extracted value ([givenNam2_9_1_] : [VARCHAR]) - [Jack]
2019-10-23 14:57:35.188 TRACE 5627 --- [           main] o.h.type.descriptor.sql.BasicExtractor   : extracted value ([lastName3_9_1_] : [VARCHAR]) - [Smith]
2019-10-23 14:57:35.188 TRACE 5627 --- [           main] o.h.type.descriptor.sql.BasicExtractor   : extracted value ([preferre4_9_1_] : [VARCHAR]) - [Jack]
2019-10-23 14:57:35.188 TRACE 5627 --- [           main] o.h.type.descriptor.sql.BasicExtractor   : extracted value ([password3_10_2_] : [VARCHAR]) - [ict302]
2019-10-23 14:57:35.188 TRACE 5627 --- [           main] o.h.type.descriptor.sql.BasicExtractor   : extracted value ([TypeID1_10_2_] : [INTEGER]) - [2]
2019-10-23 14:57:35.188 TRACE 5627 --- [           main] o.h.type.descriptor.sql.BasicExtractor   : extracted value ([UserID2_10_2_] : [INTEGER]) - [22222222]
2019-10-23 14:57:35.188 TRACE 5627 --- [           main] org.hibernate.type.CollectionType        : Created collection wrapper: [com.regnquiz.model.Type.userType#2]
2019-10-23 14:57:35.188 TRACE 5627 --- [           main] org.hibernate.type.CollectionType        : Created collection wrapper: [com.regnquiz.model.User.bookings#22222222]
2019-10-23 14:57:35.188 TRACE 5627 --- [           main] org.hibernate.type.CollectionType        : Created collection wrapper: [com.regnquiz.model.User.classList#22222222]
2019-10-23 14:57:35.188 TRACE 5627 --- [           main] org.hibernate.type.CollectionType        : Created collection wrapper: [com.regnquiz.model.User.studentAnswer#22222222]
2019-10-23 14:57:35.188 TRACE 5627 --- [           main] org.hibernate.type.CollectionType        : Created collection wrapper: [com.regnquiz.model.User.units#22222222]
2019-10-23 14:57:35.188 TRACE 5627 --- [           main] org.hibernate.type.CollectionType        : Created collection wrapper: [com.regnquiz.model.User.userType#22222222]
User ID: 22222222
Given Name: Jack
Last Name: Smith
Preferred Name: Jack


2019-10-23 14:57:35.191 DEBUG 5627 --- [           main] org.hibernate.SQL                        : 
    /* load com.regnquiz.model.User */ select
        user0_.userID as userID1_9_0_,
        user0_.givenName as givenNam2_9_0_,
        user0_.lastName as lastName3_9_0_,
        user0_.preferredName as preferre4_9_0_ 
    from
        User user0_ 
    where
        user0_.userID=?
Hibernate: 
    /* load com.regnquiz.model.User */ select
        user0_.userID as userID1_9_0_,
        user0_.givenName as givenNam2_9_0_,
        user0_.lastName as lastName3_9_0_,
        user0_.preferredName as preferre4_9_0_ 
    from
        User user0_ 
    where
        user0_.userID=?
2019-10-23 14:57:35.191 TRACE 5627 --- [           main] o.h.type.descriptor.sql.BasicBinder      : binding parameter [1] as [INTEGER] - [33333333]
2019-10-23 14:57:35.192 TRACE 5627 --- [           main] o.h.type.descriptor.sql.BasicExtractor   : extracted value ([givenNam2_9_0_] : [VARCHAR]) - [William]
2019-10-23 14:57:35.192 TRACE 5627 --- [           main] o.h.type.descriptor.sql.BasicExtractor   : extracted value ([lastName3_9_0_] : [VARCHAR]) - [Jones]
2019-10-23 14:57:35.192 TRACE 5627 --- [           main] o.h.type.descriptor.sql.BasicExtractor   : extracted value ([preferre4_9_0_] : [VARCHAR]) - [Bill]
2019-10-23 14:57:35.192 TRACE 5627 --- [           main] org.hibernate.type.CollectionType        : Created collection wrapper: [com.regnquiz.model.User.bookings#33333333]
2019-10-23 14:57:35.192 TRACE 5627 --- [           main] org.hibernate.type.CollectionType        : Created collection wrapper: [com.regnquiz.model.User.classList#33333333]
2019-10-23 14:57:35.192 TRACE 5627 --- [           main] org.hibernate.type.CollectionType        : Created collection wrapper: [com.regnquiz.model.User.studentAnswer#33333333]
2019-10-23 14:57:35.192 TRACE 5627 --- [           main] org.hibernate.type.CollectionType        : Created collection wrapper: [com.regnquiz.model.User.units#33333333]
2019-10-23 14:57:35.192 TRACE 5627 --- [           main] org.hibernate.type.CollectionType        : Created collection wrapper: [com.regnquiz.model.User.userType#33333333]
2019-10-23 14:57:35.194 DEBUG 5627 --- [           main] org.hibernate.SQL                        : 
    /* load com.regnquiz.model.UserType */ select
        usertype0_.TypeID as TypeID1_10_2_,
        usertype0_.UserID as UserID2_10_2_,
        usertype0_.password as password3_10_2_,
        type1_.typeID as typeID1_7_0_,
        type1_.description as descript2_7_0_,
        user2_.userID as userID1_9_1_,
        user2_.givenName as givenNam2_9_1_,
        user2_.lastName as lastName3_9_1_,
        user2_.preferredName as preferre4_9_1_ 
    from
        UserType usertype0_ 
    inner join
        Type type1_ 
            on usertype0_.TypeID=type1_.typeID 
    inner join
        User user2_ 
            on usertype0_.UserID=user2_.userID 
    where
        usertype0_.TypeID=? 
        and usertype0_.UserID=?
Hibernate: 
    /* load com.regnquiz.model.UserType */ select
        usertype0_.TypeID as TypeID1_10_2_,
        usertype0_.UserID as UserID2_10_2_,
        usertype0_.password as password3_10_2_,
        type1_.typeID as typeID1_7_0_,
        type1_.description as descript2_7_0_,
        user2_.userID as userID1_9_1_,
        user2_.givenName as givenNam2_9_1_,
        user2_.lastName as lastName3_9_1_,
        user2_.preferredName as preferre4_9_1_ 
    from
        UserType usertype0_ 
    inner join
        Type type1_ 
            on usertype0_.TypeID=type1_.typeID 
    inner join
        User user2_ 
            on usertype0_.UserID=user2_.userID 
    where
        usertype0_.TypeID=? 
        and usertype0_.UserID=?
2019-10-23 14:57:35.194 TRACE 5627 --- [           main] o.h.type.descriptor.sql.BasicBinder      : binding parameter [1] as [INTEGER] - [3]
2019-10-23 14:57:35.194 TRACE 5627 --- [           main] o.h.type.descriptor.sql.BasicBinder      : binding parameter [2] as [INTEGER] - [33333333]
2019-10-23 14:57:35.195 TRACE 5627 --- [           main] o.h.type.descriptor.sql.BasicExtractor   : extracted value ([typeID1_7_0_] : [INTEGER]) - [3]
2019-10-23 14:57:35.195 TRACE 5627 --- [           main] o.h.type.descriptor.sql.BasicExtractor   : extracted value ([userID1_9_1_] : [INTEGER]) - [33333333]
2019-10-23 14:57:35.195 TRACE 5627 --- [           main] o.h.type.descriptor.sql.BasicExtractor   : extracted value ([descript2_7_0_] : [VARCHAR]) - [Student]
2019-10-23 14:57:35.195 TRACE 5627 --- [           main] o.h.type.descriptor.sql.BasicExtractor   : extracted value ([givenNam2_9_1_] : [VARCHAR]) - [William]
2019-10-23 14:57:35.195 TRACE 5627 --- [           main] o.h.type.descriptor.sql.BasicExtractor   : extracted value ([lastName3_9_1_] : [VARCHAR]) - [Jones]
2019-10-23 14:57:35.195 TRACE 5627 --- [           main] o.h.type.descriptor.sql.BasicExtractor   : extracted value ([preferre4_9_1_] : [VARCHAR]) - [Bill]
2019-10-23 14:57:35.195 TRACE 5627 --- [           main] o.h.type.descriptor.sql.BasicExtractor   : extracted value ([password3_10_2_] : [VARCHAR]) - [ict302]
2019-10-23 14:57:35.195 TRACE 5627 --- [           main] o.h.type.descriptor.sql.BasicExtractor   : extracted value ([TypeID1_10_2_] : [INTEGER]) - [3]
2019-10-23 14:57:35.195 TRACE 5627 --- [           main] o.h.type.descriptor.sql.BasicExtractor   : extracted value ([UserID2_10_2_] : [INTEGER]) - [33333333]
2019-10-23 14:57:35.195 TRACE 5627 --- [           main] org.hibernate.type.CollectionType        : Created collection wrapper: [com.regnquiz.model.Type.userType#3]
2019-10-23 14:57:35.195 TRACE 5627 --- [           main] org.hibernate.type.CollectionType        : Created collection wrapper: [com.regnquiz.model.User.bookings#33333333]
2019-10-23 14:57:35.195 TRACE 5627 --- [           main] org.hibernate.type.CollectionType        : Created collection wrapper: [com.regnquiz.model.User.classList#33333333]
2019-10-23 14:57:35.195 TRACE 5627 --- [           main] org.hibernate.type.CollectionType        : Created collection wrapper: [com.regnquiz.model.User.studentAnswer#33333333]
2019-10-23 14:57:35.195 TRACE 5627 --- [           main] org.hibernate.type.CollectionType        : Created collection wrapper: [com.regnquiz.model.User.units#33333333]
2019-10-23 14:57:35.196 TRACE 5627 --- [           main] org.hibernate.type.CollectionType        : Created collection wrapper: [com.regnquiz.model.User.userType#33333333]
User ID: 33333333
Given Name: William
Last Name: Jones
Preferred Name: Bill


2019-10-23 14:57:35.198 DEBUG 5627 --- [           main] org.hibernate.SQL                        : 
    /* load com.regnquiz.model.UserType */ select
        usertype0_.TypeID as TypeID1_10_2_,
        usertype0_.UserID as UserID2_10_2_,
        usertype0_.password as password3_10_2_,
        type1_.typeID as typeID1_7_0_,
        type1_.description as descript2_7_0_,
        user2_.userID as userID1_9_1_,
        user2_.givenName as givenNam2_9_1_,
        user2_.lastName as lastName3_9_1_,
        user2_.preferredName as preferre4_9_1_ 
    from
        UserType usertype0_ 
    inner join
        Type type1_ 
            on usertype0_.TypeID=type1_.typeID 
    inner join
        User user2_ 
            on usertype0_.UserID=user2_.userID 
    where
        usertype0_.TypeID=? 
        and usertype0_.UserID=?
Hibernate: 
    /* load com.regnquiz.model.UserType */ select
        usertype0_.TypeID as TypeID1_10_2_,
        usertype0_.UserID as UserID2_10_2_,
        usertype0_.password as password3_10_2_,
        type1_.typeID as typeID1_7_0_,
        type1_.description as descript2_7_0_,
        user2_.userID as userID1_9_1_,
        user2_.givenName as givenNam2_9_1_,
        user2_.lastName as lastName3_9_1_,
        user2_.preferredName as preferre4_9_1_ 
    from
        UserType usertype0_ 
    inner join
        Type type1_ 
            on usertype0_.TypeID=type1_.typeID 
    inner join
        User user2_ 
            on usertype0_.UserID=user2_.userID 
    where
        usertype0_.TypeID=? 
        and usertype0_.UserID=?
2019-10-23 14:57:35.198 TRACE 5627 --- [           main] o.h.type.descriptor.sql.BasicBinder      : binding parameter [1] as [INTEGER] - [1]
2019-10-23 14:57:35.198 TRACE 5627 --- [           main] o.h.type.descriptor.sql.BasicBinder      : binding parameter [2] as [INTEGER] - [22222222]
2019-10-23 14:57:35.199 TRACE 5627 --- [           main] o.h.type.descriptor.sql.BasicExtractor   : extracted value ([typeID1_7_0_] : [INTEGER]) - [1]
2019-10-23 14:57:35.199 TRACE 5627 --- [           main] o.h.type.descriptor.sql.BasicExtractor   : extracted value ([userID1_9_1_] : [INTEGER]) - [22222222]
2019-10-23 14:57:35.199 TRACE 5627 --- [           main] o.h.type.descriptor.sql.BasicExtractor   : extracted value ([descript2_7_0_] : [VARCHAR]) - [Admin]
2019-10-23 14:57:35.199 TRACE 5627 --- [           main] o.h.type.descriptor.sql.BasicExtractor   : extracted value ([givenNam2_9_1_] : [VARCHAR]) - [Jack]
2019-10-23 14:57:35.199 TRACE 5627 --- [           main] o.h.type.descriptor.sql.BasicExtractor   : extracted value ([lastName3_9_1_] : [VARCHAR]) - [Smith]
2019-10-23 14:57:35.199 TRACE 5627 --- [           main] o.h.type.descriptor.sql.BasicExtractor   : extracted value ([preferre4_9_1_] : [VARCHAR]) - [Jack]
2019-10-23 14:57:35.199 TRACE 5627 --- [           main] o.h.type.descriptor.sql.BasicExtractor   : extracted value ([password3_10_2_] : [VARCHAR]) - [ict302]
2019-10-23 14:57:35.199 TRACE 5627 --- [           main] o.h.type.descriptor.sql.BasicExtractor   : extracted value ([TypeID1_10_2_] : [INTEGER]) - [1]
2019-10-23 14:57:35.199 TRACE 5627 --- [           main] o.h.type.descriptor.sql.BasicExtractor   : extracted value ([UserID2_10_2_] : [INTEGER]) - [22222222]
2019-10-23 14:57:35.199 TRACE 5627 --- [           main] org.hibernate.type.CollectionType        : Created collection wrapper: [com.regnquiz.model.Type.userType#1]
2019-10-23 14:57:35.199 TRACE 5627 --- [           main] org.hibernate.type.CollectionType        : Created collection wrapper: [com.regnquiz.model.User.bookings#22222222]
2019-10-23 14:57:35.199 TRACE 5627 --- [           main] org.hibernate.type.CollectionType        : Created collection wrapper: [com.regnquiz.model.User.classList#22222222]
2019-10-23 14:57:35.199 TRACE 5627 --- [           main] org.hibernate.type.CollectionType        : Created collection wrapper: [com.regnquiz.model.User.studentAnswer#22222222]
2019-10-23 14:57:35.199 TRACE 5627 --- [           main] org.hibernate.type.CollectionType        : Created collection wrapper: [com.regnquiz.model.User.units#22222222]
2019-10-23 14:57:35.199 TRACE 5627 --- [           main] org.hibernate.type.CollectionType        : Created collection wrapper: [com.regnquiz.model.User.userType#22222222]
User ID: 22222222
Given Name: Jack
Last Name: Smith
Preferred Name: Jack


2019-10-23 14:57:35.203 DEBUG 5627 --- [           main] org.hibernate.SQL                        : 
    /* select
        generatedAlias0 
    from
        UserType as generatedAlias0 */ select
            usertype0_.TypeID as TypeID1_10_,
            usertype0_.UserID as UserID2_10_,
            usertype0_.password as password3_10_ 
        from
            UserType usertype0_
Hibernate: 
    /* select
        generatedAlias0 
    from
        UserType as generatedAlias0 */ select
            usertype0_.TypeID as TypeID1_10_,
            usertype0_.UserID as UserID2_10_,
            usertype0_.password as password3_10_ 
        from
            UserType usertype0_
2019-10-23 14:57:35.204 TRACE 5627 --- [           main] o.h.type.descriptor.sql.BasicExtractor   : extracted value ([TypeID1_10_] : [INTEGER]) - [1]
2019-10-23 14:57:35.204 TRACE 5627 --- [           main] o.h.type.descriptor.sql.BasicExtractor   : extracted value ([UserID2_10_] : [INTEGER]) - [1]
2019-10-23 14:57:35.204 TRACE 5627 --- [           main] o.h.type.descriptor.sql.BasicExtractor   : extracted value ([password3_10_] : [VARCHAR]) - [ict302]
2019-10-23 14:57:35.204 TRACE 5627 --- [           main] o.h.type.descriptor.sql.BasicExtractor   : extracted value ([TypeID1_10_] : [INTEGER]) - [1]
2019-10-23 14:57:35.204 TRACE 5627 --- [           main] o.h.type.descriptor.sql.BasicExtractor   : extracted value ([UserID2_10_] : [INTEGER]) - [1]
2019-10-23 14:57:35.204 TRACE 5627 --- [           main] o.h.type.descriptor.sql.BasicExtractor   : extracted value ([TypeID1_10_] : [INTEGER]) - [2]
2019-10-23 14:57:35.204 TRACE 5627 --- [           main] o.h.type.descriptor.sql.BasicExtractor   : extracted value ([UserID2_10_] : [INTEGER]) - [2]
2019-10-23 14:57:35.204 TRACE 5627 --- [           main] o.h.type.descriptor.sql.BasicExtractor   : extracted value ([password3_10_] : [VARCHAR]) - [ict302]
2019-10-23 14:57:35.204 TRACE 5627 --- [           main] o.h.type.descriptor.sql.BasicExtractor   : extracted value ([TypeID1_10_] : [INTEGER]) - [2]
2019-10-23 14:57:35.204 TRACE 5627 --- [           main] o.h.type.descriptor.sql.BasicExtractor   : extracted value ([UserID2_10_] : [INTEGER]) - [2]
2019-10-23 14:57:35.204 TRACE 5627 --- [           main] o.h.type.descriptor.sql.BasicExtractor   : extracted value ([TypeID1_10_] : [INTEGER]) - [2]
2019-10-23 14:57:35.204 TRACE 5627 --- [           main] o.h.type.descriptor.sql.BasicExtractor   : extracted value ([UserID2_10_] : [INTEGER]) - [3]
2019-10-23 14:57:35.204 TRACE 5627 --- [           main] o.h.type.descriptor.sql.BasicExtractor   : extracted value ([password3_10_] : [VARCHAR]) - [ict302]
2019-10-23 14:57:35.204 TRACE 5627 --- [           main] o.h.type.descriptor.sql.BasicExtractor   : extracted value ([TypeID1_10_] : [INTEGER]) - [2]
2019-10-23 14:57:35.204 TRACE 5627 --- [           main] o.h.type.descriptor.sql.BasicExtractor   : extracted value ([UserID2_10_] : [INTEGER]) - [3]
2019-10-23 14:57:35.204 TRACE 5627 --- [           main] o.h.type.descriptor.sql.BasicExtractor   : extracted value ([TypeID1_10_] : [INTEGER]) - [3]
2019-10-23 14:57:35.204 TRACE 5627 --- [           main] o.h.type.descriptor.sql.BasicExtractor   : extracted value ([UserID2_10_] : [INTEGER]) - [4]
2019-10-23 14:57:35.204 TRACE 5627 --- [           main] o.h.type.descriptor.sql.BasicExtractor   : extracted value ([password3_10_] : [VARCHAR]) - [ict302]
2019-10-23 14:57:35.204 TRACE 5627 --- [           main] o.h.type.descriptor.sql.BasicExtractor   : extracted value ([TypeID1_10_] : [INTEGER]) - [3]
2019-10-23 14:57:35.204 TRACE 5627 --- [           main] o.h.type.descriptor.sql.BasicExtractor   : extracted value ([UserID2_10_] : [INTEGER]) - [4]
2019-10-23 14:57:35.205 TRACE 5627 --- [           main] o.h.type.descriptor.sql.BasicExtractor   : extracted value ([TypeID1_10_] : [INTEGER]) - [3]
2019-10-23 14:57:35.205 TRACE 5627 --- [           main] o.h.type.descriptor.sql.BasicExtractor   : extracted value ([UserID2_10_] : [INTEGER]) - [5]
2019-10-23 14:57:35.205 TRACE 5627 --- [           main] o.h.type.descriptor.sql.BasicExtractor   : extracted value ([password3_10_] : [VARCHAR]) - [ict302]
2019-10-23 14:57:35.205 TRACE 5627 --- [           main] o.h.type.descriptor.sql.BasicExtractor   : extracted value ([TypeID1_10_] : [INTEGER]) - [3]
2019-10-23 14:57:35.205 TRACE 5627 --- [           main] o.h.type.descriptor.sql.BasicExtractor   : extracted value ([UserID2_10_] : [INTEGER]) - [5]
2019-10-23 14:57:35.205 TRACE 5627 --- [           main] o.h.type.descriptor.sql.BasicExtractor   : extracted value ([TypeID1_10_] : [INTEGER]) - [3]
2019-10-23 14:57:35.205 TRACE 5627 --- [           main] o.h.type.descriptor.sql.BasicExtractor   : extracted value ([UserID2_10_] : [INTEGER]) - [6]
2019-10-23 14:57:35.205 TRACE 5627 --- [           main] o.h.type.descriptor.sql.BasicExtractor   : extracted value ([password3_10_] : [VARCHAR]) - [ict302]
2019-10-23 14:57:35.205 TRACE 5627 --- [           main] o.h.type.descriptor.sql.BasicExtractor   : extracted value ([TypeID1_10_] : [INTEGER]) - [3]
2019-10-23 14:57:35.205 TRACE 5627 --- [           main] o.h.type.descriptor.sql.BasicExtractor   : extracted value ([UserID2_10_] : [INTEGER]) - [6]
2019-10-23 14:57:35.205 TRACE 5627 --- [           main] o.h.type.descriptor.sql.BasicExtractor   : extracted value ([TypeID1_10_] : [INTEGER]) - [3]
2019-10-23 14:57:35.205 TRACE 5627 --- [           main] o.h.type.descriptor.sql.BasicExtractor   : extracted value ([UserID2_10_] : [INTEGER]) - [7]
2019-10-23 14:57:35.205 TRACE 5627 --- [           main] o.h.type.descriptor.sql.BasicExtractor   : extracted value ([password3_10_] : [VARCHAR]) - [ict302]
2019-10-23 14:57:35.205 TRACE 5627 --- [           main] o.h.type.descriptor.sql.BasicExtractor   : extracted value ([TypeID1_10_] : [INTEGER]) - [3]
2019-10-23 14:57:35.205 TRACE 5627 --- [           main] o.h.type.descriptor.sql.BasicExtractor   : extracted value ([UserID2_10_] : [INTEGER]) - [7]
2019-10-23 14:57:35.205 TRACE 5627 --- [           main] o.h.type.descriptor.sql.BasicExtractor   : extracted value ([TypeID1_10_] : [INTEGER]) - [1]
2019-10-23 14:57:35.205 TRACE 5627 --- [           main] o.h.type.descriptor.sql.BasicExtractor   : extracted value ([UserID2_10_] : [INTEGER]) - [10001000]
2019-10-23 14:57:35.205 TRACE 5627 --- [           main] o.h.type.descriptor.sql.BasicExtractor   : extracted value ([password3_10_] : [VARCHAR]) - [ict302]
2019-10-23 14:57:35.205 TRACE 5627 --- [           main] o.h.type.descriptor.sql.BasicExtractor   : extracted value ([TypeID1_10_] : [INTEGER]) - [1]
2019-10-23 14:57:35.205 TRACE 5627 --- [           main] o.h.type.descriptor.sql.BasicExtractor   : extracted value ([UserID2_10_] : [INTEGER]) - [10001000]
2019-10-23 14:57:35.205 TRACE 5627 --- [           main] o.h.type.descriptor.sql.BasicExtractor   : extracted value ([TypeID1_10_] : [INTEGER]) - [1]
2019-10-23 14:57:35.205 TRACE 5627 --- [           main] o.h.type.descriptor.sql.BasicExtractor   : extracted value ([UserID2_10_] : [INTEGER]) - [22222222]
2019-10-23 14:57:35.205 TRACE 5627 --- [           main] o.h.type.descriptor.sql.BasicExtractor   : extracted value ([password3_10_] : [VARCHAR]) - [ict302]
2019-10-23 14:57:35.205 TRACE 5627 --- [           main] o.h.type.descriptor.sql.BasicExtractor   : extracted value ([TypeID1_10_] : [INTEGER]) - [1]
2019-10-23 14:57:35.206 TRACE 5627 --- [           main] o.h.type.descriptor.sql.BasicExtractor   : extracted value ([UserID2_10_] : [INTEGER]) - [22222222]
2019-10-23 14:57:35.206 TRACE 5627 --- [           main] o.h.type.descriptor.sql.BasicExtractor   : extracted value ([TypeID1_10_] : [INTEGER]) - [2]
2019-10-23 14:57:35.206 TRACE 5627 --- [           main] o.h.type.descriptor.sql.BasicExtractor   : extracted value ([UserID2_10_] : [INTEGER]) - [22222222]
2019-10-23 14:57:35.206 TRACE 5627 --- [           main] o.h.type.descriptor.sql.BasicExtractor   : extracted value ([password3_10_] : [VARCHAR]) - [ict302]
2019-10-23 14:57:35.206 TRACE 5627 --- [           main] o.h.type.descriptor.sql.BasicExtractor   : extracted value ([TypeID1_10_] : [INTEGER]) - [2]
2019-10-23 14:57:35.206 TRACE 5627 --- [           main] o.h.type.descriptor.sql.BasicExtractor   : extracted value ([UserID2_10_] : [INTEGER]) - [22222222]
2019-10-23 14:57:35.206 TRACE 5627 --- [           main] o.h.type.descriptor.sql.BasicExtractor   : extracted value ([TypeID1_10_] : [INTEGER]) - [3]
2019-10-23 14:57:35.206 TRACE 5627 --- [           main] o.h.type.descriptor.sql.BasicExtractor   : extracted value ([UserID2_10_] : [INTEGER]) - [33333333]
2019-10-23 14:57:35.206 TRACE 5627 --- [           main] o.h.type.descriptor.sql.BasicExtractor   : extracted value ([password3_10_] : [VARCHAR]) - [ict302]
2019-10-23 14:57:35.206 TRACE 5627 --- [           main] o.h.type.descriptor.sql.BasicExtractor   : extracted value ([TypeID1_10_] : [INTEGER]) - [3]
2019-10-23 14:57:35.206 TRACE 5627 --- [           main] o.h.type.descriptor.sql.BasicExtractor   : extracted value ([UserID2_10_] : [INTEGER]) - [33333333]
2019-10-23 14:57:35.210 DEBUG 5627 --- [           main] org.hibernate.SQL                        : 
    select
        user0_.userID as userID1_9_0_,
        user0_.givenName as givenNam2_9_0_,
        user0_.lastName as lastName3_9_0_,
        user0_.preferredName as preferre4_9_0_ 
    from
        User user0_ 
    where
        user0_.userID=?
Hibernate: 
    select
        user0_.userID as userID1_9_0_,
        user0_.givenName as givenNam2_9_0_,
        user0_.lastName as lastName3_9_0_,
        user0_.preferredName as preferre4_9_0_ 
    from
        User user0_ 
    where
        user0_.userID=?
2019-10-23 14:57:35.211 TRACE 5627 --- [           main] o.h.type.descriptor.sql.BasicBinder      : binding parameter [1] as [INTEGER] - [1]
2019-10-23 14:57:35.211 TRACE 5627 --- [           main] o.h.type.descriptor.sql.BasicExtractor   : extracted value ([givenNam2_9_0_] : [VARCHAR]) - [Super]
2019-10-23 14:57:35.211 TRACE 5627 --- [           main] o.h.type.descriptor.sql.BasicExtractor   : extracted value ([lastName3_9_0_] : [VARCHAR]) - [User]
2019-10-23 14:57:35.211 TRACE 5627 --- [           main] o.h.type.descriptor.sql.BasicExtractor   : extracted value ([preferre4_9_0_] : [VARCHAR]) - [null]
2019-10-23 14:57:35.211 TRACE 5627 --- [           main] org.hibernate.type.CollectionType        : Created collection wrapper: [com.regnquiz.model.User.bookings#1]
2019-10-23 14:57:35.212 TRACE 5627 --- [           main] org.hibernate.type.CollectionType        : Created collection wrapper: [com.regnquiz.model.User.classList#1]
2019-10-23 14:57:35.212 TRACE 5627 --- [           main] org.hibernate.type.CollectionType        : Created collection wrapper: [com.regnquiz.model.User.studentAnswer#1]
2019-10-23 14:57:35.212 TRACE 5627 --- [           main] org.hibernate.type.CollectionType        : Created collection wrapper: [com.regnquiz.model.User.units#1]
2019-10-23 14:57:35.212 TRACE 5627 --- [           main] org.hibernate.type.CollectionType        : Created collection wrapper: [com.regnquiz.model.User.userType#1]
2019-10-23 14:57:35.214 DEBUG 5627 --- [           main] org.hibernate.SQL                        : 
    select
        type0_.typeID as typeID1_7_0_,
        type0_.description as descript2_7_0_ 
    from
        Type type0_ 
    where
        type0_.typeID=?
Hibernate: 
    select
        type0_.typeID as typeID1_7_0_,
        type0_.description as descript2_7_0_ 
    from
        Type type0_ 
    where
        type0_.typeID=?
2019-10-23 14:57:35.214 TRACE 5627 --- [           main] o.h.type.descriptor.sql.BasicBinder      : binding parameter [1] as [INTEGER] - [1]
2019-10-23 14:57:35.215 TRACE 5627 --- [           main] o.h.type.descriptor.sql.BasicExtractor   : extracted value ([descript2_7_0_] : [VARCHAR]) - [Admin]
2019-10-23 14:57:35.215 TRACE 5627 --- [           main] org.hibernate.type.CollectionType        : Created collection wrapper: [com.regnquiz.model.Type.userType#1]
User ID: 1
Given Name: Super
Last Name: User
Preferred Name: null
Password: ict302
Type: Admin


2019-10-23 14:57:35.217 DEBUG 5627 --- [           main] org.hibernate.SQL                        : 
    select
        user0_.userID as userID1_9_0_,
        user0_.givenName as givenNam2_9_0_,
        user0_.lastName as lastName3_9_0_,
        user0_.preferredName as preferre4_9_0_ 
    from
        User user0_ 
    where
        user0_.userID=?
Hibernate: 
    select
        user0_.userID as userID1_9_0_,
        user0_.givenName as givenNam2_9_0_,
        user0_.lastName as lastName3_9_0_,
        user0_.preferredName as preferre4_9_0_ 
    from
        User user0_ 
    where
        user0_.userID=?
2019-10-23 14:57:35.217 TRACE 5627 --- [           main] o.h.type.descriptor.sql.BasicBinder      : binding parameter [1] as [INTEGER] - [2]
2019-10-23 14:57:35.218 TRACE 5627 --- [           main] o.h.type.descriptor.sql.BasicExtractor   : extracted value ([givenNam2_9_0_] : [VARCHAR]) - [lect]
2019-10-23 14:57:35.218 TRACE 5627 --- [           main] o.h.type.descriptor.sql.BasicExtractor   : extracted value ([lastName3_9_0_] : [VARCHAR]) - [1]
2019-10-23 14:57:35.218 TRACE 5627 --- [           main] o.h.type.descriptor.sql.BasicExtractor   : extracted value ([preferre4_9_0_] : [VARCHAR]) - [null]
2019-10-23 14:57:35.218 TRACE 5627 --- [           main] org.hibernate.type.CollectionType        : Created collection wrapper: [com.regnquiz.model.User.bookings#2]
2019-10-23 14:57:35.218 TRACE 5627 --- [           main] org.hibernate.type.CollectionType        : Created collection wrapper: [com.regnquiz.model.User.classList#2]
2019-10-23 14:57:35.218 TRACE 5627 --- [           main] org.hibernate.type.CollectionType        : Created collection wrapper: [com.regnquiz.model.User.studentAnswer#2]
2019-10-23 14:57:35.218 TRACE 5627 --- [           main] org.hibernate.type.CollectionType        : Created collection wrapper: [com.regnquiz.model.User.units#2]
2019-10-23 14:57:35.218 TRACE 5627 --- [           main] org.hibernate.type.CollectionType        : Created collection wrapper: [com.regnquiz.model.User.userType#2]
2019-10-23 14:57:35.220 DEBUG 5627 --- [           main] org.hibernate.SQL                        : 
    select
        type0_.typeID as typeID1_7_0_,
        type0_.description as descript2_7_0_ 
    from
        Type type0_ 
    where
        type0_.typeID=?
Hibernate: 
    select
        type0_.typeID as typeID1_7_0_,
        type0_.description as descript2_7_0_ 
    from
        Type type0_ 
    where
        type0_.typeID=?
2019-10-23 14:57:35.220 TRACE 5627 --- [           main] o.h.type.descriptor.sql.BasicBinder      : binding parameter [1] as [INTEGER] - [2]
2019-10-23 14:57:35.220 TRACE 5627 --- [           main] o.h.type.descriptor.sql.BasicExtractor   : extracted value ([descript2_7_0_] : [VARCHAR]) - [Staff]
2019-10-23 14:57:35.221 TRACE 5627 --- [           main] org.hibernate.type.CollectionType        : Created collection wrapper: [com.regnquiz.model.Type.userType#2]
User ID: 2
Given Name: lect
Last Name: 1
Preferred Name: null
Password: ict302
Type: Staff


2019-10-23 14:57:35.222 DEBUG 5627 --- [           main] org.hibernate.SQL                        : 
    select
        user0_.userID as userID1_9_0_,
        user0_.givenName as givenNam2_9_0_,
        user0_.lastName as lastName3_9_0_,
        user0_.preferredName as preferre4_9_0_ 
    from
        User user0_ 
    where
        user0_.userID=?
Hibernate: 
    select
        user0_.userID as userID1_9_0_,
        user0_.givenName as givenNam2_9_0_,
        user0_.lastName as lastName3_9_0_,
        user0_.preferredName as preferre4_9_0_ 
    from
        User user0_ 
    where
        user0_.userID=?
2019-10-23 14:57:35.223 TRACE 5627 --- [           main] o.h.type.descriptor.sql.BasicBinder      : binding parameter [1] as [INTEGER] - [3]
2019-10-23 14:57:35.223 TRACE 5627 --- [           main] o.h.type.descriptor.sql.BasicExtractor   : extracted value ([givenNam2_9_0_] : [VARCHAR]) - [lect]
2019-10-23 14:57:35.223 TRACE 5627 --- [           main] o.h.type.descriptor.sql.BasicExtractor   : extracted value ([lastName3_9_0_] : [VARCHAR]) - [2]
2019-10-23 14:57:35.223 TRACE 5627 --- [           main] o.h.type.descriptor.sql.BasicExtractor   : extracted value ([preferre4_9_0_] : [VARCHAR]) - [null]
2019-10-23 14:57:35.223 TRACE 5627 --- [           main] org.hibernate.type.CollectionType        : Created collection wrapper: [com.regnquiz.model.User.bookings#3]
2019-10-23 14:57:35.224 TRACE 5627 --- [           main] org.hibernate.type.CollectionType        : Created collection wrapper: [com.regnquiz.model.User.classList#3]
2019-10-23 14:57:35.224 TRACE 5627 --- [           main] org.hibernate.type.CollectionType        : Created collection wrapper: [com.regnquiz.model.User.studentAnswer#3]
2019-10-23 14:57:35.224 TRACE 5627 --- [           main] org.hibernate.type.CollectionType        : Created collection wrapper: [com.regnquiz.model.User.units#3]
2019-10-23 14:57:35.224 TRACE 5627 --- [           main] org.hibernate.type.CollectionType        : Created collection wrapper: [com.regnquiz.model.User.userType#3]
2019-10-23 14:57:35.226 DEBUG 5627 --- [           main] org.hibernate.SQL                        : 
    select
        type0_.typeID as typeID1_7_0_,
        type0_.description as descript2_7_0_ 
    from
        Type type0_ 
    where
        type0_.typeID=?
Hibernate: 
    select
        type0_.typeID as typeID1_7_0_,
        type0_.description as descript2_7_0_ 
    from
        Type type0_ 
    where
        type0_.typeID=?
2019-10-23 14:57:35.226 TRACE 5627 --- [           main] o.h.type.descriptor.sql.BasicBinder      : binding parameter [1] as [INTEGER] - [2]
2019-10-23 14:57:35.226 TRACE 5627 --- [           main] o.h.type.descriptor.sql.BasicExtractor   : extracted value ([descript2_7_0_] : [VARCHAR]) - [Staff]
2019-10-23 14:57:35.226 TRACE 5627 --- [           main] org.hibernate.type.CollectionType        : Created collection wrapper: [com.regnquiz.model.Type.userType#2]
User ID: 3
Given Name: lect
Last Name: 2
Preferred Name: null
Password: ict302
Type: Staff


2019-10-23 14:57:35.228 DEBUG 5627 --- [           main] org.hibernate.SQL                        : 
    select
        user0_.userID as userID1_9_0_,
        user0_.givenName as givenNam2_9_0_,
        user0_.lastName as lastName3_9_0_,
        user0_.preferredName as preferre4_9_0_ 
    from
        User user0_ 
    where
        user0_.userID=?
Hibernate: 
    select
        user0_.userID as userID1_9_0_,
        user0_.givenName as givenNam2_9_0_,
        user0_.lastName as lastName3_9_0_,
        user0_.preferredName as preferre4_9_0_ 
    from
        User user0_ 
    where
        user0_.userID=?
2019-10-23 14:57:35.228 TRACE 5627 --- [           main] o.h.type.descriptor.sql.BasicBinder      : binding parameter [1] as [INTEGER] - [4]
2019-10-23 14:57:35.229 TRACE 5627 --- [           main] o.h.type.descriptor.sql.BasicExtractor   : extracted value ([givenNam2_9_0_] : [VARCHAR]) - [student]
2019-10-23 14:57:35.229 TRACE 5627 --- [           main] o.h.type.descriptor.sql.BasicExtractor   : extracted value ([lastName3_9_0_] : [VARCHAR]) - [1]
2019-10-23 14:57:35.229 TRACE 5627 --- [           main] o.h.type.descriptor.sql.BasicExtractor   : extracted value ([preferre4_9_0_] : [VARCHAR]) - [null]
2019-10-23 14:57:35.229 TRACE 5627 --- [           main] org.hibernate.type.CollectionType        : Created collection wrapper: [com.regnquiz.model.User.bookings#4]
2019-10-23 14:57:35.229 TRACE 5627 --- [           main] org.hibernate.type.CollectionType        : Created collection wrapper: [com.regnquiz.model.User.classList#4]
2019-10-23 14:57:35.229 TRACE 5627 --- [           main] org.hibernate.type.CollectionType        : Created collection wrapper: [com.regnquiz.model.User.studentAnswer#4]
2019-10-23 14:57:35.229 TRACE 5627 --- [           main] org.hibernate.type.CollectionType        : Created collection wrapper: [com.regnquiz.model.User.units#4]
2019-10-23 14:57:35.229 TRACE 5627 --- [           main] org.hibernate.type.CollectionType        : Created collection wrapper: [com.regnquiz.model.User.userType#4]
2019-10-23 14:57:35.231 DEBUG 5627 --- [           main] org.hibernate.SQL                        : 
    select
        type0_.typeID as typeID1_7_0_,
        type0_.description as descript2_7_0_ 
    from
        Type type0_ 
    where
        type0_.typeID=?
Hibernate: 
    select
        type0_.typeID as typeID1_7_0_,
        type0_.description as descript2_7_0_ 
    from
        Type type0_ 
    where
        type0_.typeID=?
2019-10-23 14:57:35.232 TRACE 5627 --- [           main] o.h.type.descriptor.sql.BasicBinder      : binding parameter [1] as [INTEGER] - [3]
2019-10-23 14:57:35.232 TRACE 5627 --- [           main] o.h.type.descriptor.sql.BasicExtractor   : extracted value ([descript2_7_0_] : [VARCHAR]) - [Student]
2019-10-23 14:57:35.232 TRACE 5627 --- [           main] org.hibernate.type.CollectionType        : Created collection wrapper: [com.regnquiz.model.Type.userType#3]
User ID: 4
Given Name: student
Last Name: 1
Preferred Name: null
Password: ict302
Type: Student


2019-10-23 14:57:35.234 DEBUG 5627 --- [           main] org.hibernate.SQL                        : 
    select
        user0_.userID as userID1_9_0_,
        user0_.givenName as givenNam2_9_0_,
        user0_.lastName as lastName3_9_0_,
        user0_.preferredName as preferre4_9_0_ 
    from
        User user0_ 
    where
        user0_.userID=?
Hibernate: 
    select
        user0_.userID as userID1_9_0_,
        user0_.givenName as givenNam2_9_0_,
        user0_.lastName as lastName3_9_0_,
        user0_.preferredName as preferre4_9_0_ 
    from
        User user0_ 
    where
        user0_.userID=?
2019-10-23 14:57:35.235 TRACE 5627 --- [           main] o.h.type.descriptor.sql.BasicBinder      : binding parameter [1] as [INTEGER] - [5]
2019-10-23 14:57:35.235 TRACE 5627 --- [           main] o.h.type.descriptor.sql.BasicExtractor   : extracted value ([givenNam2_9_0_] : [VARCHAR]) - [student]
2019-10-23 14:57:35.235 TRACE 5627 --- [           main] o.h.type.descriptor.sql.BasicExtractor   : extracted value ([lastName3_9_0_] : [VARCHAR]) - [2]
2019-10-23 14:57:35.235 TRACE 5627 --- [           main] o.h.type.descriptor.sql.BasicExtractor   : extracted value ([preferre4_9_0_] : [VARCHAR]) - [null]
2019-10-23 14:57:35.235 TRACE 5627 --- [           main] org.hibernate.type.CollectionType        : Created collection wrapper: [com.regnquiz.model.User.bookings#5]
2019-10-23 14:57:35.235 TRACE 5627 --- [           main] org.hibernate.type.CollectionType        : Created collection wrapper: [com.regnquiz.model.User.classList#5]
2019-10-23 14:57:35.235 TRACE 5627 --- [           main] org.hibernate.type.CollectionType        : Created collection wrapper: [com.regnquiz.model.User.studentAnswer#5]
2019-10-23 14:57:35.235 TRACE 5627 --- [           main] org.hibernate.type.CollectionType        : Created collection wrapper: [com.regnquiz.model.User.units#5]
2019-10-23 14:57:35.235 TRACE 5627 --- [           main] org.hibernate.type.CollectionType        : Created collection wrapper: [com.regnquiz.model.User.userType#5]
2019-10-23 14:57:35.237 DEBUG 5627 --- [           main] org.hibernate.SQL                        : 
    select
        type0_.typeID as typeID1_7_0_,
        type0_.description as descript2_7_0_ 
    from
        Type type0_ 
    where
        type0_.typeID=?
Hibernate: 
    select
        type0_.typeID as typeID1_7_0_,
        type0_.description as descript2_7_0_ 
    from
        Type type0_ 
    where
        type0_.typeID=?
2019-10-23 14:57:35.237 TRACE 5627 --- [           main] o.h.type.descriptor.sql.BasicBinder      : binding parameter [1] as [INTEGER] - [3]
2019-10-23 14:57:35.238 TRACE 5627 --- [           main] o.h.type.descriptor.sql.BasicExtractor   : extracted value ([descript2_7_0_] : [VARCHAR]) - [Student]
2019-10-23 14:57:35.238 TRACE 5627 --- [           main] org.hibernate.type.CollectionType        : Created collection wrapper: [com.regnquiz.model.Type.userType#3]
User ID: 5
Given Name: student
Last Name: 2
Preferred Name: null
Password: ict302
Type: Student


2019-10-23 14:57:35.240 DEBUG 5627 --- [           main] org.hibernate.SQL                        : 
    select
        user0_.userID as userID1_9_0_,
        user0_.givenName as givenNam2_9_0_,
        user0_.lastName as lastName3_9_0_,
        user0_.preferredName as preferre4_9_0_ 
    from
        User user0_ 
    where
        user0_.userID=?
Hibernate: 
    select
        user0_.userID as userID1_9_0_,
        user0_.givenName as givenNam2_9_0_,
        user0_.lastName as lastName3_9_0_,
        user0_.preferredName as preferre4_9_0_ 
    from
        User user0_ 
    where
        user0_.userID=?
2019-10-23 14:57:35.240 TRACE 5627 --- [           main] o.h.type.descriptor.sql.BasicBinder      : binding parameter [1] as [INTEGER] - [6]
2019-10-23 14:57:35.241 TRACE 5627 --- [           main] o.h.type.descriptor.sql.BasicExtractor   : extracted value ([givenNam2_9_0_] : [VARCHAR]) - [student]
2019-10-23 14:57:35.241 TRACE 5627 --- [           main] o.h.type.descriptor.sql.BasicExtractor   : extracted value ([lastName3_9_0_] : [VARCHAR]) - [3]
2019-10-23 14:57:35.241 TRACE 5627 --- [           main] o.h.type.descriptor.sql.BasicExtractor   : extracted value ([preferre4_9_0_] : [VARCHAR]) - [null]
2019-10-23 14:57:35.241 TRACE 5627 --- [           main] org.hibernate.type.CollectionType        : Created collection wrapper: [com.regnquiz.model.User.bookings#6]
2019-10-23 14:57:35.241 TRACE 5627 --- [           main] org.hibernate.type.CollectionType        : Created collection wrapper: [com.regnquiz.model.User.classList#6]
2019-10-23 14:57:35.241 TRACE 5627 --- [           main] org.hibernate.type.CollectionType        : Created collection wrapper: [com.regnquiz.model.User.studentAnswer#6]
2019-10-23 14:57:35.241 TRACE 5627 --- [           main] org.hibernate.type.CollectionType        : Created collection wrapper: [com.regnquiz.model.User.units#6]
2019-10-23 14:57:35.241 TRACE 5627 --- [           main] org.hibernate.type.CollectionType        : Created collection wrapper: [com.regnquiz.model.User.userType#6]
2019-10-23 14:57:35.243 DEBUG 5627 --- [           main] org.hibernate.SQL                        : 
    select
        type0_.typeID as typeID1_7_0_,
        type0_.description as descript2_7_0_ 
    from
        Type type0_ 
    where
        type0_.typeID=?
Hibernate: 
    select
        type0_.typeID as typeID1_7_0_,
        type0_.description as descript2_7_0_ 
    from
        Type type0_ 
    where
        type0_.typeID=?
2019-10-23 14:57:35.243 TRACE 5627 --- [           main] o.h.type.descriptor.sql.BasicBinder      : binding parameter [1] as [INTEGER] - [3]
2019-10-23 14:57:35.244 TRACE 5627 --- [           main] o.h.type.descriptor.sql.BasicExtractor   : extracted value ([descript2_7_0_] : [VARCHAR]) - [Student]
2019-10-23 14:57:35.244 TRACE 5627 --- [           main] org.hibernate.type.CollectionType        : Created collection wrapper: [com.regnquiz.model.Type.userType#3]
User ID: 6
Given Name: student
Last Name: 3
Preferred Name: null
Password: ict302
Type: Student


2019-10-23 14:57:35.246 DEBUG 5627 --- [           main] org.hibernate.SQL                        : 
    select
        user0_.userID as userID1_9_0_,
        user0_.givenName as givenNam2_9_0_,
        user0_.lastName as lastName3_9_0_,
        user0_.preferredName as preferre4_9_0_ 
    from
        User user0_ 
    where
        user0_.userID=?
Hibernate: 
    select
        user0_.userID as userID1_9_0_,
        user0_.givenName as givenNam2_9_0_,
        user0_.lastName as lastName3_9_0_,
        user0_.preferredName as preferre4_9_0_ 
    from
        User user0_ 
    where
        user0_.userID=?
2019-10-23 14:57:35.246 TRACE 5627 --- [           main] o.h.type.descriptor.sql.BasicBinder      : binding parameter [1] as [INTEGER] - [7]
2019-10-23 14:57:35.247 TRACE 5627 --- [           main] o.h.type.descriptor.sql.BasicExtractor   : extracted value ([givenNam2_9_0_] : [VARCHAR]) - [student]
2019-10-23 14:57:35.247 TRACE 5627 --- [           main] o.h.type.descriptor.sql.BasicExtractor   : extracted value ([lastName3_9_0_] : [VARCHAR]) - [4]
2019-10-23 14:57:35.247 TRACE 5627 --- [           main] o.h.type.descriptor.sql.BasicExtractor   : extracted value ([preferre4_9_0_] : [VARCHAR]) - [null]
2019-10-23 14:57:35.247 TRACE 5627 --- [           main] org.hibernate.type.CollectionType        : Created collection wrapper: [com.regnquiz.model.User.bookings#7]
2019-10-23 14:57:35.247 TRACE 5627 --- [           main] org.hibernate.type.CollectionType        : Created collection wrapper: [com.regnquiz.model.User.classList#7]
2019-10-23 14:57:35.247 TRACE 5627 --- [           main] org.hibernate.type.CollectionType        : Created collection wrapper: [com.regnquiz.model.User.studentAnswer#7]
2019-10-23 14:57:35.247 TRACE 5627 --- [           main] org.hibernate.type.CollectionType        : Created collection wrapper: [com.regnquiz.model.User.units#7]
2019-10-23 14:57:35.247 TRACE 5627 --- [           main] org.hibernate.type.CollectionType        : Created collection wrapper: [com.regnquiz.model.User.userType#7]
2019-10-23 14:57:35.249 DEBUG 5627 --- [           main] org.hibernate.SQL                        : 
    select
        type0_.typeID as typeID1_7_0_,
        type0_.description as descript2_7_0_ 
    from
        Type type0_ 
    where
        type0_.typeID=?
Hibernate: 
    select
        type0_.typeID as typeID1_7_0_,
        type0_.description as descript2_7_0_ 
    from
        Type type0_ 
    where
        type0_.typeID=?
2019-10-23 14:57:35.249 TRACE 5627 --- [           main] o.h.type.descriptor.sql.BasicBinder      : binding parameter [1] as [INTEGER] - [3]
2019-10-23 14:57:35.250 TRACE 5627 --- [           main] o.h.type.descriptor.sql.BasicExtractor   : extracted value ([descript2_7_0_] : [VARCHAR]) - [Student]
2019-10-23 14:57:35.250 TRACE 5627 --- [           main] org.hibernate.type.CollectionType        : Created collection wrapper: [com.regnquiz.model.Type.userType#3]
User ID: 7
Given Name: student
Last Name: 4
Preferred Name: null
Password: ict302
Type: Student


2019-10-23 14:57:35.252 DEBUG 5627 --- [           main] org.hibernate.SQL                        : 
    select
        user0_.userID as userID1_9_0_,
        user0_.givenName as givenNam2_9_0_,
        user0_.lastName as lastName3_9_0_,
        user0_.preferredName as preferre4_9_0_ 
    from
        User user0_ 
    where
        user0_.userID=?
Hibernate: 
    select
        user0_.userID as userID1_9_0_,
        user0_.givenName as givenNam2_9_0_,
        user0_.lastName as lastName3_9_0_,
        user0_.preferredName as preferre4_9_0_ 
    from
        User user0_ 
    where
        user0_.userID=?
2019-10-23 14:57:35.252 TRACE 5627 --- [           main] o.h.type.descriptor.sql.BasicBinder      : binding parameter [1] as [INTEGER] - [10001000]
2019-10-23 14:57:35.253 TRACE 5627 --- [           main] o.h.type.descriptor.sql.BasicExtractor   : extracted value ([givenNam2_9_0_] : [VARCHAR]) - [John]
2019-10-23 14:57:35.253 TRACE 5627 --- [           main] o.h.type.descriptor.sql.BasicExtractor   : extracted value ([lastName3_9_0_] : [VARCHAR]) - [Anderson]
2019-10-23 14:57:35.253 TRACE 5627 --- [           main] o.h.type.descriptor.sql.BasicExtractor   : extracted value ([preferre4_9_0_] : [VARCHAR]) - [AJ]
2019-10-23 14:57:35.253 TRACE 5627 --- [           main] org.hibernate.type.CollectionType        : Created collection wrapper: [com.regnquiz.model.User.bookings#10001000]
2019-10-23 14:57:35.253 TRACE 5627 --- [           main] org.hibernate.type.CollectionType        : Created collection wrapper: [com.regnquiz.model.User.classList#10001000]
2019-10-23 14:57:35.253 TRACE 5627 --- [           main] org.hibernate.type.CollectionType        : Created collection wrapper: [com.regnquiz.model.User.studentAnswer#10001000]
2019-10-23 14:57:35.253 TRACE 5627 --- [           main] org.hibernate.type.CollectionType        : Created collection wrapper: [com.regnquiz.model.User.units#10001000]
2019-10-23 14:57:35.253 TRACE 5627 --- [           main] org.hibernate.type.CollectionType        : Created collection wrapper: [com.regnquiz.model.User.userType#10001000]
2019-10-23 14:57:35.255 DEBUG 5627 --- [           main] org.hibernate.SQL                        : 
    select
        type0_.typeID as typeID1_7_0_,
        type0_.description as descript2_7_0_ 
    from
        Type type0_ 
    where
        type0_.typeID=?
Hibernate: 
    select
        type0_.typeID as typeID1_7_0_,
        type0_.description as descript2_7_0_ 
    from
        Type type0_ 
    where
        type0_.typeID=?
2019-10-23 14:57:35.255 TRACE 5627 --- [           main] o.h.type.descriptor.sql.BasicBinder      : binding parameter [1] as [INTEGER] - [1]
2019-10-23 14:57:35.255 TRACE 5627 --- [           main] o.h.type.descriptor.sql.BasicExtractor   : extracted value ([descript2_7_0_] : [VARCHAR]) - [Admin]
2019-10-23 14:57:35.255 TRACE 5627 --- [           main] org.hibernate.type.CollectionType        : Created collection wrapper: [com.regnquiz.model.Type.userType#1]
User ID: 10001000
Given Name: John
Last Name: Anderson
Preferred Name: AJ
Password: ict302
Type: Admin


2019-10-23 14:57:35.257 DEBUG 5627 --- [           main] org.hibernate.SQL                        : 
    select
        user0_.userID as userID1_9_0_,
        user0_.givenName as givenNam2_9_0_,
        user0_.lastName as lastName3_9_0_,
        user0_.preferredName as preferre4_9_0_ 
    from
        User user0_ 
    where
        user0_.userID=?
Hibernate: 
    select
        user0_.userID as userID1_9_0_,
        user0_.givenName as givenNam2_9_0_,
        user0_.lastName as lastName3_9_0_,
        user0_.preferredName as preferre4_9_0_ 
    from
        User user0_ 
    where
        user0_.userID=?
2019-10-23 14:57:35.257 TRACE 5627 --- [           main] o.h.type.descriptor.sql.BasicBinder      : binding parameter [1] as [INTEGER] - [22222222]
2019-10-23 14:57:35.258 TRACE 5627 --- [           main] o.h.type.descriptor.sql.BasicExtractor   : extracted value ([givenNam2_9_0_] : [VARCHAR]) - [Jack]
2019-10-23 14:57:35.258 TRACE 5627 --- [           main] o.h.type.descriptor.sql.BasicExtractor   : extracted value ([lastName3_9_0_] : [VARCHAR]) - [Smith]
2019-10-23 14:57:35.258 TRACE 5627 --- [           main] o.h.type.descriptor.sql.BasicExtractor   : extracted value ([preferre4_9_0_] : [VARCHAR]) - [Jack]
2019-10-23 14:57:35.258 TRACE 5627 --- [           main] org.hibernate.type.CollectionType        : Created collection wrapper: [com.regnquiz.model.User.bookings#22222222]
2019-10-23 14:57:35.258 TRACE 5627 --- [           main] org.hibernate.type.CollectionType        : Created collection wrapper: [com.regnquiz.model.User.classList#22222222]
2019-10-23 14:57:35.258 TRACE 5627 --- [           main] org.hibernate.type.CollectionType        : Created collection wrapper: [com.regnquiz.model.User.studentAnswer#22222222]
2019-10-23 14:57:35.258 TRACE 5627 --- [           main] org.hibernate.type.CollectionType        : Created collection wrapper: [com.regnquiz.model.User.units#22222222]
2019-10-23 14:57:35.258 TRACE 5627 --- [           main] org.hibernate.type.CollectionType        : Created collection wrapper: [com.regnquiz.model.User.userType#22222222]
2019-10-23 14:57:35.260 DEBUG 5627 --- [           main] org.hibernate.SQL                        : 
    select
        type0_.typeID as typeID1_7_0_,
        type0_.description as descript2_7_0_ 
    from
        Type type0_ 
    where
        type0_.typeID=?
Hibernate: 
    select
        type0_.typeID as typeID1_7_0_,
        type0_.description as descript2_7_0_ 
    from
        Type type0_ 
    where
        type0_.typeID=?
2019-10-23 14:57:35.260 TRACE 5627 --- [           main] o.h.type.descriptor.sql.BasicBinder      : binding parameter [1] as [INTEGER] - [1]
2019-10-23 14:57:35.261 TRACE 5627 --- [           main] o.h.type.descriptor.sql.BasicExtractor   : extracted value ([descript2_7_0_] : [VARCHAR]) - [Admin]
2019-10-23 14:57:35.261 TRACE 5627 --- [           main] org.hibernate.type.CollectionType        : Created collection wrapper: [com.regnquiz.model.Type.userType#1]
User ID: 22222222
Given Name: Jack
Last Name: Smith
Preferred Name: Jack
Password: ict302
Type: Admin


2019-10-23 14:57:35.263 DEBUG 5627 --- [           main] org.hibernate.SQL                        : 
    select
        user0_.userID as userID1_9_0_,
        user0_.givenName as givenNam2_9_0_,
        user0_.lastName as lastName3_9_0_,
        user0_.preferredName as preferre4_9_0_ 
    from
        User user0_ 
    where
        user0_.userID=?
Hibernate: 
    select
        user0_.userID as userID1_9_0_,
        user0_.givenName as givenNam2_9_0_,
        user0_.lastName as lastName3_9_0_,
        user0_.preferredName as preferre4_9_0_ 
    from
        User user0_ 
    where
        user0_.userID=?
2019-10-23 14:57:35.263 TRACE 5627 --- [           main] o.h.type.descriptor.sql.BasicBinder      : binding parameter [1] as [INTEGER] - [22222222]
2019-10-23 14:57:35.264 TRACE 5627 --- [           main] o.h.type.descriptor.sql.BasicExtractor   : extracted value ([givenNam2_9_0_] : [VARCHAR]) - [Jack]
2019-10-23 14:57:35.264 TRACE 5627 --- [           main] o.h.type.descriptor.sql.BasicExtractor   : extracted value ([lastName3_9_0_] : [VARCHAR]) - [Smith]
2019-10-23 14:57:35.264 TRACE 5627 --- [           main] o.h.type.descriptor.sql.BasicExtractor   : extracted value ([preferre4_9_0_] : [VARCHAR]) - [Jack]
2019-10-23 14:57:35.264 TRACE 5627 --- [           main] org.hibernate.type.CollectionType        : Created collection wrapper: [com.regnquiz.model.User.bookings#22222222]
2019-10-23 14:57:35.264 TRACE 5627 --- [           main] org.hibernate.type.CollectionType        : Created collection wrapper: [com.regnquiz.model.User.classList#22222222]
2019-10-23 14:57:35.264 TRACE 5627 --- [           main] org.hibernate.type.CollectionType        : Created collection wrapper: [com.regnquiz.model.User.studentAnswer#22222222]
2019-10-23 14:57:35.264 TRACE 5627 --- [           main] org.hibernate.type.CollectionType        : Created collection wrapper: [com.regnquiz.model.User.units#22222222]
2019-10-23 14:57:35.264 TRACE 5627 --- [           main] org.hibernate.type.CollectionType        : Created collection wrapper: [com.regnquiz.model.User.userType#22222222]
2019-10-23 14:57:35.266 DEBUG 5627 --- [           main] org.hibernate.SQL                        : 
    select
        type0_.typeID as typeID1_7_0_,
        type0_.description as descript2_7_0_ 
    from
        Type type0_ 
    where
        type0_.typeID=?
Hibernate: 
    select
        type0_.typeID as typeID1_7_0_,
        type0_.description as descript2_7_0_ 
    from
        Type type0_ 
    where
        type0_.typeID=?
2019-10-23 14:57:35.266 TRACE 5627 --- [           main] o.h.type.descriptor.sql.BasicBinder      : binding parameter [1] as [INTEGER] - [2]
2019-10-23 14:57:35.267 TRACE 5627 --- [           main] o.h.type.descriptor.sql.BasicExtractor   : extracted value ([descript2_7_0_] : [VARCHAR]) - [Staff]
2019-10-23 14:57:35.267 TRACE 5627 --- [           main] org.hibernate.type.CollectionType        : Created collection wrapper: [com.regnquiz.model.Type.userType#2]
User ID: 22222222
Given Name: Jack
Last Name: Smith
Preferred Name: Jack
Password: ict302
Type: Staff


2019-10-23 14:57:35.268 DEBUG 5627 --- [           main] org.hibernate.SQL                        : 
    select
        user0_.userID as userID1_9_0_,
        user0_.givenName as givenNam2_9_0_,
        user0_.lastName as lastName3_9_0_,
        user0_.preferredName as preferre4_9_0_ 
    from
        User user0_ 
    where
        user0_.userID=?
Hibernate: 
    select
        user0_.userID as userID1_9_0_,
        user0_.givenName as givenNam2_9_0_,
        user0_.lastName as lastName3_9_0_,
        user0_.preferredName as preferre4_9_0_ 
    from
        User user0_ 
    where
        user0_.userID=?
2019-10-23 14:57:35.269 TRACE 5627 --- [           main] o.h.type.descriptor.sql.BasicBinder      : binding parameter [1] as [INTEGER] - [33333333]
2019-10-23 14:57:35.269 TRACE 5627 --- [           main] o.h.type.descriptor.sql.BasicExtractor   : extracted value ([givenNam2_9_0_] : [VARCHAR]) - [William]
2019-10-23 14:57:35.269 TRACE 5627 --- [           main] o.h.type.descriptor.sql.BasicExtractor   : extracted value ([lastName3_9_0_] : [VARCHAR]) - [Jones]
2019-10-23 14:57:35.269 TRACE 5627 --- [           main] o.h.type.descriptor.sql.BasicExtractor   : extracted value ([preferre4_9_0_] : [VARCHAR]) - [Bill]
2019-10-23 14:57:35.269 TRACE 5627 --- [           main] org.hibernate.type.CollectionType        : Created collection wrapper: [com.regnquiz.model.User.bookings#33333333]
2019-10-23 14:57:35.269 TRACE 5627 --- [           main] org.hibernate.type.CollectionType        : Created collection wrapper: [com.regnquiz.model.User.classList#33333333]
2019-10-23 14:57:35.269 TRACE 5627 --- [           main] org.hibernate.type.CollectionType        : Created collection wrapper: [com.regnquiz.model.User.studentAnswer#33333333]
2019-10-23 14:57:35.270 TRACE 5627 --- [           main] org.hibernate.type.CollectionType        : Created collection wrapper: [com.regnquiz.model.User.units#33333333]
2019-10-23 14:57:35.270 TRACE 5627 --- [           main] org.hibernate.type.CollectionType        : Created collection wrapper: [com.regnquiz.model.User.userType#33333333]
2019-10-23 14:57:35.271 DEBUG 5627 --- [           main] org.hibernate.SQL                        : 
    select
        type0_.typeID as typeID1_7_0_,
        type0_.description as descript2_7_0_ 
    from
        Type type0_ 
    where
        type0_.typeID=?
Hibernate: 
    select
        type0_.typeID as typeID1_7_0_,
        type0_.description as descript2_7_0_ 
    from
        Type type0_ 
    where
        type0_.typeID=?
2019-10-23 14:57:35.272 TRACE 5627 --- [           main] o.h.type.descriptor.sql.BasicBinder      : binding parameter [1] as [INTEGER] - [3]
2019-10-23 14:57:35.272 TRACE 5627 --- [           main] o.h.type.descriptor.sql.BasicExtractor   : extracted value ([descript2_7_0_] : [VARCHAR]) - [Student]
2019-10-23 14:57:35.272 TRACE 5627 --- [           main] org.hibernate.type.CollectionType        : Created collection wrapper: [com.regnquiz.model.Type.userType#3]
User ID: 33333333
Given Name: William
Last Name: Jones
Preferred Name: Bill
Password: ict302
Type: Student


2019-10-23 14:57:35.275 DEBUG 5627 --- [           main] org.hibernate.SQL                        : 
    select
        user0_.userID as userID1_9_0_,
        user0_.givenName as givenNam2_9_0_,
        user0_.lastName as lastName3_9_0_,
        user0_.preferredName as preferre4_9_0_ 
    from
        User user0_ 
    where
        user0_.userID=?
Hibernate: 
    select
        user0_.userID as userID1_9_0_,
        user0_.givenName as givenNam2_9_0_,
        user0_.lastName as lastName3_9_0_,
        user0_.preferredName as preferre4_9_0_ 
    from
        User user0_ 
    where
        user0_.userID=?
2019-10-23 14:57:35.275 TRACE 5627 --- [           main] o.h.type.descriptor.sql.BasicBinder      : binding parameter [1] as [INTEGER] - [11]
]]></system-out>
  </testcase>
  <testcase name="testType on testType(com.regnquiz.model.TypeRepositoryTest)" classname="com.regnquiz.model.TypeRepositoryTest" time="0.011"/>
  <testcase name="TestVenue on TestVenue(com.regnquiz.model.VenueRepositoryTest)" classname="com.regnquiz.model.VenueRepositoryTest" time="0.041">
    <failure message="could not extract ResultSet; SQL [n/a]; nested exception is org.hibernate.exception.SQLGrammarException: could not extract ResultSet" type="org.springframework.dao.InvalidDataAccessResourceUsageException">org.springframework.dao.InvalidDataAccessResourceUsageException: could not extract ResultSet; SQL [n/a]; nested exception is org.hibernate.exception.SQLGrammarException: could not extract ResultSet
	at com.regnquiz.model.VenueRepositoryTest.saveData(VenueRepositoryTest.java:71)
	at com.regnquiz.model.VenueRepositoryTest.TestVenue(VenueRepositoryTest.java:42)
Caused by: org.hibernate.exception.SQLGrammarException: could not extract ResultSet
	at com.regnquiz.model.VenueRepositoryTest.saveData(VenueRepositoryTest.java:71)
	at com.regnquiz.model.VenueRepositoryTest.TestVenue(VenueRepositoryTest.java:42)
Caused by: java.sql.SQLSyntaxErrorException: In aggregated query without GROUP BY, expression #1 of SELECT list contains nonaggregated column 'regngo.venue0_.venueID'; this is incompatible with sql_mode=only_full_group_by
	at com.regnquiz.model.VenueRepositoryTest.saveData(VenueRepositoryTest.java:71)
	at com.regnquiz.model.VenueRepositoryTest.TestVenue(VenueRepositoryTest.java:42)
</failure>
    <system-out><![CDATA[2019-10-23 14:57:35.295  INFO 5627 --- [           main] .b.t.c.SpringBootTestContextBootstrapper : Neither @ContextConfiguration nor @ContextHierarchy found for test class [com.regnquiz.model.VenueRepositoryTest], using SpringBootContextLoader
2019-10-23 14:57:35.296  INFO 5627 --- [           main] o.s.t.c.support.AbstractContextLoader    : Could not detect default resource locations for test class [com.regnquiz.model.VenueRepositoryTest]: no resource found for suffixes {-context.xml, Context.groovy}.
2019-10-23 14:57:35.296  INFO 5627 --- [           main] t.c.s.AnnotationConfigContextLoaderUtils : Could not detect default configuration classes for test class [com.regnquiz.model.VenueRepositoryTest]: VenueRepositoryTest does not declare any static, non-private, non-final, nested classes annotated with @Configuration.
2019-10-23 14:57:35.297  INFO 5627 --- [           main] .b.t.c.SpringBootTestContextBootstrapper : Found @SpringBootConfiguration com.regnquiz.Application for test class com.regnquiz.model.VenueRepositoryTest
2019-10-23 14:57:35.297  INFO 5627 --- [           main] .b.t.c.SpringBootTestContextBootstrapper : Loaded default TestExecutionListener class names from location [META-INF/spring.factories]: [org.springframework.boot.test.mock.mockito.MockitoTestExecutionListener, org.springframework.boot.test.mock.mockito.ResetMocksTestExecutionListener, org.springframework.boot.test.autoconfigure.restdocs.RestDocsTestExecutionListener, org.springframework.boot.test.autoconfigure.web.client.MockRestServiceServerResetTestExecutionListener, org.springframework.boot.test.autoconfigure.web.servlet.MockMvcPrintOnlyOnFailureTestExecutionListener, org.springframework.boot.test.autoconfigure.web.servlet.WebDriverTestExecutionListener, org.springframework.test.context.web.ServletTestExecutionListener, org.springframework.test.context.support.DirtiesContextBeforeModesTestExecutionListener, org.springframework.test.context.support.DependencyInjectionTestExecutionListener, org.springframework.test.context.support.DirtiesContextTestExecutionListener, org.springframework.test.context.transaction.TransactionalTestExecutionListener, org.springframework.test.context.jdbc.SqlScriptsTestExecutionListener]
2019-10-23 14:57:35.298  INFO 5627 --- [           main] .b.t.c.SpringBootTestContextBootstrapper : Using TestExecutionListeners: [org.springframework.test.context.web.ServletTestExecutionListener@17c72ffa, org.springframework.test.context.support.DirtiesContextBeforeModesTestExecutionListener@7b6b99c5, org.springframework.boot.test.mock.mockito.MockitoTestExecutionListener@2e1c8027, org.springframework.boot.test.autoconfigure.SpringBootDependencyInjectionTestExecutionListener@72d7afff, org.springframework.test.context.support.DirtiesContextTestExecutionListener@5c41f6a0, org.springframework.test.context.transaction.TransactionalTestExecutionListener@7b43f95c, org.springframework.test.context.jdbc.SqlScriptsTestExecutionListener@311453ab, org.springframework.boot.test.mock.mockito.ResetMocksTestExecutionListener@7ef3aa21, org.springframework.boot.test.autoconfigure.restdocs.RestDocsTestExecutionListener@2dd4a7a9, org.springframework.boot.test.autoconfigure.web.client.MockRestServiceServerResetTestExecutionListener@49392256, org.springframework.boot.test.autoconfigure.web.servlet.MockMvcPrintOnlyOnFailureTestExecutionListener@5a23b9d1, org.springframework.boot.test.autoconfigure.web.servlet.WebDriverTestExecutionListener@3962b216]
2019-10-23 14:57:35.321 DEBUG 5627 --- [           main] org.hibernate.SQL                        : 
    /* SELECT
        case 
            when count(v.venueID) = 0 then 0 
            else v.venueID 
        end 
    FROM
        Venue v 
    WHERE
        v.building = :building 
        AND floor = :floor 
        AND room = :room */ select
            case 
                when count(venue0_.venueID)=0 then 0 
                else venue0_.venueID 
            end as col_0_0_ 
        from
            Venue venue0_ 
        where
            venue0_.building=? 
            and venue0_.floor=? 
            and venue0_.room=?
Hibernate: 
    /* SELECT
        case 
            when count(v.venueID) = 0 then 0 
            else v.venueID 
        end 
    FROM
        Venue v 
    WHERE
        v.building = :building 
        AND floor = :floor 
        AND room = :room */ select
            case 
                when count(venue0_.venueID)=0 then 0 
                else venue0_.venueID 
            end as col_0_0_ 
        from
            Venue venue0_ 
        where
            venue0_.building=? 
            and venue0_.floor=? 
            and venue0_.room=?
2019-10-23 14:57:35.321 TRACE 5627 --- [           main] o.h.type.descriptor.sql.BasicBinder      : binding parameter [1] as [INTEGER] - [100]
2019-10-23 14:57:35.321 TRACE 5627 --- [           main] o.h.type.descriptor.sql.BasicBinder      : binding parameter [2] as [INTEGER] - [2]
2019-10-23 14:57:35.321 TRACE 5627 --- [           main] o.h.type.descriptor.sql.BasicBinder      : binding parameter [3] as [INTEGER] - [23]
2019-10-23 14:57:35.336  WARN 5627 --- [           main] o.h.engine.jdbc.spi.SqlExceptionHelper   : SQL Error: 1140, SQLState: 42000
2019-10-23 14:57:35.336 ERROR 5627 --- [           main] o.h.engine.jdbc.spi.SqlExceptionHelper   : In aggregated query without GROUP BY, expression #1 of SELECT list contains nonaggregated column 'regngo.venue0_.venueID'; this is incompatible with sql_mode=only_full_group_by
]]></system-out>
  </testcase>
</testsuite>