<?xml version="1.0" encoding="UTF-8"?>
<!-- Generated by org.testng.reporters.JUnitReportReporter -->
<testsuite skipped="0" hostname="Guanghuis-MBP.gateway" name="com.regnquiz.model.LectureAdminTest" tests="1" failures="0" timestamp="2019-10-23T14:57:35 AWST" time="0.029" errors="0">
  <testcase name="RunLectureAdmin" time="0.029" classname="com.regnquiz.model.LectureAdminTest"/>
</testsuite> <!-- com.regnquiz.model.LectureAdminTest -->
