<?xml version="1.0" encoding="UTF-8"?>
<!-- Generated by org.testng.reporters.JUnitReportReporter -->
<testsuite skipped="0" hostname="Guanghuis-MBP.gateway" name="com.regnquiz.model.ClassListRepositoryTest" tests="1" failures="0" timestamp="2019-10-15T10:21:10 AWST" time="0.015" errors="0">
  <testcase name="TestClassReturn" time="0.015" classname="com.regnquiz.model.ClassListRepositoryTest"/>
</testsuite> <!-- com.regnquiz.model.ClassListRepositoryTest -->
