<?xml version="1.0" encoding="UTF-8"?>
<!-- Generated by org.testng.reporters.JUnitReportReporter -->
<testsuite skipped="0" hostname="Guanghuis-MBP.gateway" name="com.regnquiz.model.LectureAdminTest" tests="1" failures="0" timestamp="2019-10-15T16:47:01 AWST" time="0.047" errors="0">
  <testcase name="RunLectureAdmin" time="0.047" classname="com.regnquiz.model.LectureAdminTest"/>
</testsuite> <!-- com.regnquiz.model.LectureAdminTest -->
