<?xml version="1.0" encoding="UTF-8"?>
<!-- Generated by org.testng.reporters.JUnitReportReporter -->
<testsuite skipped="0" hostname="Guanghuis-MBP.gateway" name="com.regnquiz.model.StudentImportTest" tests="1" failures="0" timestamp="2019-10-23T14:57:35 AWST" time="0.021" errors="0">
  <testcase name="TestStudent" time="0.021" classname="com.regnquiz.model.StudentImportTest"/>
</testsuite> <!-- com.regnquiz.model.StudentImportTest -->
