<?xml version="1.0" encoding="UTF-8"?>
<!-- Generated by org.testng.reporters.JUnitReportReporter -->
<testsuite skipped="0" hostname="Guanghuis-MBP.gateway" name="com.regnquiz.model.UserRepositoryTest" tests="1" failures="0" timestamp="2019-10-15T16:47:01 AWST" time="0.145" errors="0">
  <testcase name="InsertData" time="0.145" classname="com.regnquiz.model.UserRepositoryTest"/>
</testsuite> <!-- com.regnquiz.model.UserRepositoryTest -->
