<?xml version="1.0" encoding="UTF-8"?>
<!-- Generated by org.testng.reporters.JUnitReportReporter -->
<testsuite skipped="0" hostname="Guanghuis-MBP.gateway" name="com.regnquiz.model.BookingRepositoryTest" tests="1" failures="0" timestamp="2019-10-23T14:57:35 AWST" time="0.217" errors="0">
  <testcase name="TestBooking" time="0.217" classname="com.regnquiz.model.BookingRepositoryTest"/>
</testsuite> <!-- com.regnquiz.model.BookingRepositoryTest -->
