<?xml version="1.0" encoding="UTF-8"?>
<!-- Generated by org.testng.reporters.JUnitReportReporter -->
<testsuite skipped="0" hostname="Guanghuis-MBP.gateway" name="com.regnquiz.model.StudentQuestionReviewTest" tests="1" failures="0" timestamp="2019-10-23T14:57:35 AWST" time="0.069" errors="0">
  <testcase name="TestAnswers" time="0.069" classname="com.regnquiz.model.StudentQuestionReviewTest"/>
</testsuite> <!-- com.regnquiz.model.StudentQuestionReviewTest -->
