<?xml version="1.0" encoding="UTF-8"?>
<!-- Generated by org.testng.reporters.JUnitReportReporter -->
<testsuite hostname="MSI" failures="0" tests="1" name="com.regnquiz.model.ClassListRepositoryTest" time="5.287" errors="0" timestamp="2019-10-20T18:44:21 AWST" skipped="0">
  <testcase classname="com.regnquiz.model.ClassListRepositoryTest" name="TestClassReturn" time="5.287"/>
</testsuite> <!-- com.regnquiz.model.ClassListRepositoryTest -->
