<?xml version="1.0" encoding="UTF-8"?>
<!-- Generated by org.testng.reporters.JUnitReportReporter -->
<testsuite hostname="MSI" failures="0" tests="1" name="com.regnquiz.model.MultipleChoiceRepoTest" time="7.023" errors="0" timestamp="2019-10-20T19:38:42 AWST" skipped="0">
  <testcase classname="com.regnquiz.model.MultipleChoiceRepoTest" name="testMC" time="7.023"/>
</testsuite> <!-- com.regnquiz.model.MultipleChoiceRepoTest -->
