<?xml version="1.0" encoding="UTF-8"?>
<!-- Generated by org.testng.reporters.JUnitReportReporter -->
<testsuite hostname="MSI" failures="0" tests="1" name="com.regnquiz.model.LectureRunTest" time="5.253" errors="0" timestamp="2019-10-19T15:27:16 AWST" skipped="0">
  <testcase classname="com.regnquiz.model.LectureRunTest" name="Start" time="5.253"/>
</testsuite> <!-- com.regnquiz.model.LectureRunTest -->
