<?xml version="1.0" encoding="UTF-8"?>
<!-- Generated by org.testng.reporters.JUnitReportReporter -->
<testsuite hostname="MSI" failures="0" tests="1" name="com.regnquiz.model.StudentQuestionReviewTest" time="5.526" errors="0" timestamp="2019-10-19T14:56:31 AWST" skipped="0">
  <testcase classname="com.regnquiz.model.StudentQuestionReviewTest" name="TestAnswers" time="5.526"/>
</testsuite> <!-- com.regnquiz.model.StudentQuestionReviewTest -->
