<?xml version="1.0" encoding="UTF-8"?>
<!-- Generated by org.testng.reporters.JUnitReportReporter -->
<testsuite hostname="MSI" failures="0" tests="1" name="com.regnquiz.model.StudentAnswerRepoTest" time="5.219" errors="0" timestamp="2019-10-20T19:29:04 AWST" skipped="0">
  <testcase classname="com.regnquiz.model.StudentAnswerRepoTest" name="testStudentAnswer" time="5.219"/>
</testsuite> <!-- com.regnquiz.model.StudentAnswerRepoTest -->
