<?xml version="1.0" encoding="UTF-8"?>
<!-- Generated by org.testng.reporters.JUnitReportReporter -->
<testsuite hostname="MSI" failures="0" tests="1" name="com.regnquiz.model.UserTypeRepositoryTest" time="7.513" errors="0" timestamp="2019-10-21T17:24:16 AWST" skipped="0">
  <testcase classname="com.regnquiz.model.UserTypeRepositoryTest" name="testUserType" time="7.513"/>
</testsuite> <!-- com.regnquiz.model.UserTypeRepositoryTest -->
