<?xml version="1.0" encoding="UTF-8"?>
<!-- Generated by org.testng.reporters.JUnitReportReporter -->
<testsuite hostname="MSI" failures="0" tests="1" name="com.regnquiz.model.QuestionRepoTest" time="5.053" errors="0" timestamp="2019-10-20T14:40:41 AWST" skipped="0">
  <testcase classname="com.regnquiz.model.QuestionRepoTest" name="TestQuestion" time="5.053"/>
</testsuite> <!-- com.regnquiz.model.QuestionRepoTest -->
