<?xml version="1.0" encoding="UTF-8"?>
<!-- Generated by org.testng.reporters.JUnitReportReporter -->
<testsuite hostname="MSI" failures="0" tests="1" name="com.regnquiz.model.UserRepositoryTest" time="6.284" errors="0" timestamp="2019-10-20T18:12:59 AWST" skipped="0">
  <testcase classname="com.regnquiz.model.UserRepositoryTest" name="InsertData" time="6.284"/>
</testsuite> <!-- com.regnquiz.model.UserRepositoryTest -->
