<?xml version="1.0" encoding="UTF-8"?>
<!-- Generated by org.testng.reporters.JUnitReportReporter -->
<testsuite hostname="MSI" failures="0" tests="1" name="com.regnquiz.model.BookingRepositoryTest" time="5.289" errors="0" timestamp="2019-10-20T13:17:24 AWST" skipped="0">
  <testcase classname="com.regnquiz.model.BookingRepositoryTest" name="TestBooking" time="5.289"/>
</testsuite> <!-- com.regnquiz.model.BookingRepositoryTest -->
