<?xml version="1.0" encoding="UTF-8"?>
<!-- Generated by org.testng.reporters.JUnitReportReporter -->
<testsuite hostname="MSI" failures="0" tests="1" name="com.regnquiz.model.BookingRepositoryTest" time="5.598" errors="0" timestamp="2019-10-20T17:49:05 AWST" skipped="0">
  <testcase classname="com.regnquiz.model.BookingRepositoryTest" name="TestBooking" time="5.598"/>
</testsuite> <!-- com.regnquiz.model.BookingRepositoryTest -->
