<?xml version="1.0" encoding="UTF-8"?>
<!-- Generated by org.testng.reporters.JUnitReportReporter -->
<testsuite hostname="MSI" failures="0" tests="1" name="com.regnquiz.model.BookingQuestionRepositoryTest" time="5.772" errors="0" timestamp="2019-10-20T18:03:07 AWST" skipped="0">
  <testcase classname="com.regnquiz.model.BookingQuestionRepositoryTest" name="TestQuestion" time="5.772"/>
</testsuite> <!-- com.regnquiz.model.BookingQuestionRepositoryTest -->
