<?xml version="1.0" encoding="UTF-8"?>
<!-- Generated by org.testng.reporters.JUnitReportReporter -->
<testsuite hostname="MSI" failures="0" tests="1" name="com.regnquiz.model.SemesterRepoTest" time="5.299" errors="0" timestamp="2019-10-21T11:25:16 AWST" skipped="0">
  <testcase classname="com.regnquiz.model.SemesterRepoTest" name="testSem" time="5.299"/>
</testsuite> <!-- com.regnquiz.model.SemesterRepoTest -->
