<?xml version="1.0" encoding="UTF-8"?>
<!-- Generated by org.testng.reporters.JUnitReportReporter -->
<testsuite hostname="MSI" failures="0" tests="1" name="com.regnquiz.model.UserRepositoryTest" time="5.532" errors="0" timestamp="2019-10-19T15:43:22 AWST" skipped="0">
  <testcase classname="com.regnquiz.model.UserRepositoryTest" name="InsertData" time="5.532"/>
</testsuite> <!-- com.regnquiz.model.UserRepositoryTest -->
