<?xml version="1.0" encoding="UTF-8"?>
<!-- Generated by org.testng.reporters.JUnitReportReporter -->
<testsuite hostname="MSI" failures="0" tests="1" name="com.regnquiz.model.TypeRepositoryTest" time="5.110" errors="0" timestamp="2019-10-21T15:31:34 AWST" skipped="0">
  <testcase classname="com.regnquiz.model.TypeRepositoryTest" name="testType" time="5.110"/>
</testsuite> <!-- com.regnquiz.model.TypeRepositoryTest -->
